[22:12:30.110858][info][source MainExecutable.cpp][function main][line 168] Batch-size: 2
[22:12:30.110968][info][source MainExecutable.cpp][function main][line 172] FPGA Image: /home/centos/deeppoint-v1-fpga/build/DeepPointV1FPGA_hw.awsxclbin
[22:12:30.110977][info][source MainExecutable.cpp][function main][line 177] Data Directory: /home/centos/deeppoint-v1-fpga/data
[22:12:30.110985][info][source MainExecutable.cpp][function main][line 214] ======================================================
[22:12:30.110990][info][source MainExecutable.cpp][function main][line 215] Running Selected ModelArch ...
[22:12:30.111005][warning][source XilinxImplementation.cpp][function XilinxImplementation][line 23] XCL_EMULATION_MODE is not set. System run(real FPGA) is considered.
[22:12:30.794903][info][source ClassifierMultiPlatform.cpp][function ClassifierMultiplatform][line 69] PCL NPY PATH: /home/centos/deeppoint-v1-fpga/data/dataset/dataset_B2048_pcl.npy
[22:12:30.794915][info][source ClassifierMultiPlatform.cpp][function ClassifierMultiplatform][line 70] LBL NPY PATH: /home/centos/deeppoint-v1-fpga/data/dataset/dataset_B2048_labels_int32.npy
[22:12:30.808794][info][source ModelArchTop02.cpp][function Execute][line 521] Starting Process...
[22:12:30.808814][info][source ModelArchTop02.cpp][function Execute][line 522] Batch Size: 2
[22:12:30.808818][info][source ModelArchTop02.cpp][function Execute][line 523] Point Count: 1024
[22:12:32.069661][info][source ModelArchTop02.cpp][function Execute][line 559] DGCCN0 Started...
[22:12:32.487708][info][source ModelArchTop02.cpp][function Execute][line 603] DGCCN1 Started...
[22:12:33.048123][info][source ModelArchTop02.cpp][function Execute][line 645] DGCCN2 Started...
[22:12:33.614417][info][source ModelArchTop02.cpp][function Execute][line 687] DGCCN3 Started...
[22:12:34.262608][info][source ModelArchTop02.cpp][function Execute][line 728] Agg Layer Started...
[22:12:34.455513][info][source ModelArchTop02.cpp][function Execute][line 795] FC Layer1 Started...
[22:12:34.475862][info][source ModelArchTop02.cpp][function Execute][line 828] FC Layer2 Started...
[22:12:34.492455][info][source ModelArchTop02.cpp][function Execute][line 862] FC Layer3 Started...
[22:12:34.494155][info][source ModelArchTop02.cpp][function Execute][line 874] Dumping Optimization Objective Started...
[22:12:34.494619][info][source ModelArchTop02.cpp][function Execute][line 876] Dumping Optimization Objective Finished.
[22:12:34.494927][info][source ClassifierMultiPlatform.cpp][function ClassifierMultiplatform][line 77] Model execution time with batchsize(2): 3.686126947402954 Seconds
[22:12:34.494940][info][source ClassifierMultiPlatform.cpp][function CalculateAccuracy][line 15] Computing Accuracy...
[22:12:34.494952][info][source ClassifierMultiPlatform.cpp][function CalculateAccuracy][line 57] Correct Count: 2.0
[22:12:34.494956][info][source ClassifierMultiPlatform.cpp][function CalculateAccuracy][line 58] Accuracy: 1.0
