[16:05:53.755939][info][source MainExecutable.cpp][function main][line 168] Batch-size: 25
[16:05:53.756057][info][source MainExecutable.cpp][function main][line 172] FPGA Image: /mnt/my2/00_workspace/deeppoint-v1-fpga/build2/DeepPointV1FPGA_hw.awsxclbin
[16:05:53.756065][info][source MainExecutable.cpp][function main][line 177] Data Directory: /mnt/my2/00_workspace/deeppoint-v1-fpga/data
[16:05:53.756074][info][source MainExecutable.cpp][function main][line 214] ======================================================
[16:05:53.756078][info][source MainExecutable.cpp][function main][line 215] Running Selected ModelArch ...
[16:05:53.756093][warning][source XilinxImplementation.cpp][function XilinxImplementation][line 23] XCL_EMULATION_MODE is not set. System run(real FPGA) is considered.
[16:05:54.433691][info][source ClassifierMultiPlatform.cpp][function ClassifierMultiplatform][line 69] PCL NPY PATH: /mnt/my2/00_workspace/deeppoint-v1-fpga/data/dataset/dataset_B2048_pcl.npy
[16:05:54.433707][info][source ClassifierMultiPlatform.cpp][function ClassifierMultiplatform][line 70] LBL NPY PATH: /mnt/my2/00_workspace/deeppoint-v1-fpga/data/dataset/dataset_B2048_labels_int32.npy
[16:05:54.446538][info][source ModelArchTop02.cpp][function Execute][line 521] Starting Process...
[16:05:54.446556][info][source ModelArchTop02.cpp][function Execute][line 522] Batch Size: 25
[16:05:54.446561][info][source ModelArchTop02.cpp][function Execute][line 523] Point Count: 1024
[16:06:08.982409][info][source ModelArchTop02.cpp][function Execute][line 559] DGCCN0 Started...
[16:06:14.461721][info][source ModelArchTop02.cpp][function Execute][line 603] DGCCN1 Started...
[16:06:21.799564][info][source ModelArchTop02.cpp][function Execute][line 645] DGCCN2 Started...
[16:06:29.176607][info][source ModelArchTop02.cpp][function Execute][line 687] DGCCN3 Started...
[16:06:38.210641][info][source ModelArchTop02.cpp][function Execute][line 728] Agg Layer Started...
[16:06:40.747293][info][source ModelArchTop02.cpp][function Execute][line 795] FC Layer1 Started...
[16:06:40.812943][info][source ModelArchTop02.cpp][function Execute][line 828] FC Layer2 Started...
[16:06:40.834021][info][source ModelArchTop02.cpp][function Execute][line 862] FC Layer3 Started...
[16:06:40.837389][info][source ModelArchTop02.cpp][function Execute][line 874] Dumping Optimization Objective Started...
[16:06:40.837803][info][source ModelArchTop02.cpp][function Execute][line 876] Dumping Optimization Objective Finished.
[16:06:40.838073][info][source ClassifierMultiPlatform.cpp][function ClassifierMultiplatform][line 77] Model execution time with batchsize(25): 46.391528844833374 Seconds
[16:06:40.838085][info][source ClassifierMultiPlatform.cpp][function CalculateAccuracy][line 15] Computing Accuracy...
[16:06:40.838099][info][source ClassifierMultiPlatform.cpp][function CalculateAccuracy][line 57] Correct Count: 25.0
[16:06:40.838104][info][source ClassifierMultiPlatform.cpp][function CalculateAccuracy][line 58] Accuracy: 1.0
