[16:09:31.769318][info][source MainExecutable.cpp][function main][line 168] Batch-size: 40
[16:09:31.769428][info][source MainExecutable.cpp][function main][line 172] FPGA Image: /mnt/my2/00_workspace/deeppoint-v1-fpga/build2/DeepPointV1FPGA_hw.awsxclbin
[16:09:31.769436][info][source MainExecutable.cpp][function main][line 177] Data Directory: /mnt/my2/00_workspace/deeppoint-v1-fpga/data
[16:09:31.769444][info][source MainExecutable.cpp][function main][line 214] ======================================================
[16:09:31.769448][info][source MainExecutable.cpp][function main][line 215] Running Selected ModelArch ...
[16:09:31.769464][warning][source XilinxImplementation.cpp][function XilinxImplementation][line 23] XCL_EMULATION_MODE is not set. System run(real FPGA) is considered.
[16:09:32.450637][info][source ClassifierMultiPlatform.cpp][function ClassifierMultiplatform][line 69] PCL NPY PATH: /mnt/my2/00_workspace/deeppoint-v1-fpga/data/dataset/dataset_B2048_pcl.npy
[16:09:32.450651][info][source ClassifierMultiPlatform.cpp][function ClassifierMultiplatform][line 70] LBL NPY PATH: /mnt/my2/00_workspace/deeppoint-v1-fpga/data/dataset/dataset_B2048_labels_int32.npy
[16:09:32.463769][info][source ModelArchTop02.cpp][function Execute][line 521] Starting Process...
[16:09:32.463791][info][source ModelArchTop02.cpp][function Execute][line 522] Batch Size: 40
[16:09:32.463795][info][source ModelArchTop02.cpp][function Execute][line 523] Point Count: 1024
[16:09:55.421744][info][source ModelArchTop02.cpp][function Execute][line 559] DGCCN0 Started...
[16:10:04.172202][info][source ModelArchTop02.cpp][function Execute][line 603] DGCCN1 Started...
[16:10:15.879889][info][source ModelArchTop02.cpp][function Execute][line 645] DGCCN2 Started...
[16:10:27.664449][info][source ModelArchTop02.cpp][function Execute][line 687] DGCCN3 Started...
[16:10:42.065125][info][source ModelArchTop02.cpp][function Execute][line 728] Agg Layer Started...
[16:10:46.063055][info][source ModelArchTop02.cpp][function Execute][line 795] FC Layer1 Started...
[16:10:46.153664][info][source ModelArchTop02.cpp][function Execute][line 828] FC Layer2 Started...
[16:10:46.176336][info][source ModelArchTop02.cpp][function Execute][line 862] FC Layer3 Started...
[16:10:46.180567][info][source ModelArchTop02.cpp][function Execute][line 874] Dumping Optimization Objective Started...
[16:10:46.181008][info][source ModelArchTop02.cpp][function Execute][line 876] Dumping Optimization Objective Finished.
[16:10:46.181233][info][source ClassifierMultiPlatform.cpp][function ClassifierMultiplatform][line 77] Model execution time with batchsize(40): 73.71745800971985 Seconds
[16:10:46.181243][info][source ClassifierMultiPlatform.cpp][function CalculateAccuracy][line 15] Computing Accuracy...
[16:10:46.181257][info][source ClassifierMultiPlatform.cpp][function CalculateAccuracy][line 57] Correct Count: 39.0
[16:10:46.181262][info][source ClassifierMultiPlatform.cpp][function CalculateAccuracy][line 58] Accuracy: 0.975
