[16:02:30.764844][info][source MainExecutable.cpp][function main][line 168] Batch-size: 8
[16:02:30.764955][info][source MainExecutable.cpp][function main][line 172] FPGA Image: /mnt/my2/00_workspace/deeppoint-v1-fpga/build2/DeepPointV1FPGA_hw.awsxclbin
[16:02:30.764964][info][source MainExecutable.cpp][function main][line 177] Data Directory: /mnt/my2/00_workspace/deeppoint-v1-fpga/data
[16:02:30.764972][info][source MainExecutable.cpp][function main][line 214] ======================================================
[16:02:30.764976][info][source MainExecutable.cpp][function main][line 215] Running Selected ModelArch ...
[16:02:30.764991][warning][source XilinxImplementation.cpp][function XilinxImplementation][line 23] XCL_EMULATION_MODE is not set. System run(real FPGA) is considered.
[16:02:31.465765][info][source ClassifierMultiPlatform.cpp][function ClassifierMultiplatform][line 69] PCL NPY PATH: /mnt/my2/00_workspace/deeppoint-v1-fpga/data/dataset/dataset_B2048_pcl.npy
[16:02:31.465779][info][source ClassifierMultiPlatform.cpp][function ClassifierMultiplatform][line 70] LBL NPY PATH: /mnt/my2/00_workspace/deeppoint-v1-fpga/data/dataset/dataset_B2048_labels_int32.npy
[16:02:31.478500][info][source ModelArchTop02.cpp][function Execute][line 521] Starting Process...
[16:02:31.478518][info][source ModelArchTop02.cpp][function Execute][line 522] Batch Size: 8
[16:02:31.478523][info][source ModelArchTop02.cpp][function Execute][line 523] Point Count: 1024
[16:02:36.333140][info][source ModelArchTop02.cpp][function Execute][line 559] DGCCN0 Started...
[16:02:38.117045][info][source ModelArchTop02.cpp][function Execute][line 603] DGCCN1 Started...
[16:02:40.493477][info][source ModelArchTop02.cpp][function Execute][line 645] DGCCN2 Started...
[16:02:42.884050][info][source ModelArchTop02.cpp][function Execute][line 687] DGCCN3 Started...
[16:02:45.807113][info][source ModelArchTop02.cpp][function Execute][line 728] Agg Layer Started...
[16:02:46.637428][info][source ModelArchTop02.cpp][function Execute][line 795] FC Layer1 Started...
[16:02:46.669114][info][source ModelArchTop02.cpp][function Execute][line 828] FC Layer2 Started...
[16:02:46.686098][info][source ModelArchTop02.cpp][function Execute][line 862] FC Layer3 Started...
[16:02:46.687991][info][source ModelArchTop02.cpp][function Execute][line 874] Dumping Optimization Objective Started...
[16:02:46.688398][info][source ModelArchTop02.cpp][function Execute][line 876] Dumping Optimization Objective Finished.
[16:02:46.688622][info][source ClassifierMultiPlatform.cpp][function ClassifierMultiplatform][line 77] Model execution time with batchsize(8): 15.210115909576416 Seconds
[16:02:46.688632][info][source ClassifierMultiPlatform.cpp][function CalculateAccuracy][line 15] Computing Accuracy...
[16:02:46.688644][info][source ClassifierMultiPlatform.cpp][function CalculateAccuracy][line 57] Correct Count: 8.0
[16:02:46.688648][info][source ClassifierMultiPlatform.cpp][function CalculateAccuracy][line 58] Accuracy: 1.0
