[22:15:45.791975][info][source MainExecutable.cpp][function main][line 168] Batch-size: 20
[22:15:45.792083][info][source MainExecutable.cpp][function main][line 172] FPGA Image: /home/centos/deeppoint-v1-fpga/build/DeepPointV1FPGA_hw.awsxclbin
[22:15:45.792093][info][source MainExecutable.cpp][function main][line 177] Data Directory: /home/centos/deeppoint-v1-fpga/data
[22:15:45.792101][info][source MainExecutable.cpp][function main][line 214] ======================================================
[22:15:45.792106][info][source MainExecutable.cpp][function main][line 215] Running Selected ModelArch ...
[22:15:45.792120][warning][source XilinxImplementation.cpp][function XilinxImplementation][line 23] XCL_EMULATION_MODE is not set. System run(real FPGA) is considered.
[22:15:46.483944][info][source ClassifierMultiPlatform.cpp][function ClassifierMultiplatform][line 69] PCL NPY PATH: /home/centos/deeppoint-v1-fpga/data/dataset/dataset_B2048_pcl.npy
[22:15:46.483959][info][source ClassifierMultiPlatform.cpp][function ClassifierMultiplatform][line 70] LBL NPY PATH: /home/centos/deeppoint-v1-fpga/data/dataset/dataset_B2048_labels_int32.npy
[22:15:46.497239][info][source ModelArchTop02.cpp][function Execute][line 521] Starting Process...
[22:15:46.497258][info][source ModelArchTop02.cpp][function Execute][line 522] Batch Size: 20
[22:15:46.497263][info][source ModelArchTop02.cpp][function Execute][line 523] Point Count: 1024
[22:15:56.505957][info][source ModelArchTop02.cpp][function Execute][line 559] DGCCN0 Started...
[22:16:00.407339][info][source ModelArchTop02.cpp][function Execute][line 603] DGCCN1 Started...
[22:16:05.640431][info][source ModelArchTop02.cpp][function Execute][line 645] DGCCN2 Started...
[22:16:10.907924][info][source ModelArchTop02.cpp][function Execute][line 687] DGCCN3 Started...
[22:16:17.118703][info][source ModelArchTop02.cpp][function Execute][line 728] Agg Layer Started...
[22:16:18.817794][info][source ModelArchTop02.cpp][function Execute][line 795] FC Layer1 Started...
[22:16:18.872431][info][source ModelArchTop02.cpp][function Execute][line 828] FC Layer2 Started...
[22:16:18.891421][info][source ModelArchTop02.cpp][function Execute][line 862] FC Layer3 Started...
[22:16:18.894239][info][source ModelArchTop02.cpp][function Execute][line 874] Dumping Optimization Objective Started...
[22:16:18.894645][info][source ModelArchTop02.cpp][function Execute][line 876] Dumping Optimization Objective Finished.
[22:16:18.894856][info][source ClassifierMultiPlatform.cpp][function ClassifierMultiplatform][line 77] Model execution time with batchsize(20): 32.397610902786255 Seconds
[22:16:18.894865][info][source ClassifierMultiPlatform.cpp][function CalculateAccuracy][line 15] Computing Accuracy...
[22:16:18.894878][info][source ClassifierMultiPlatform.cpp][function CalculateAccuracy][line 57] Correct Count: 19.0
[22:16:18.894883][info][source ClassifierMultiPlatform.cpp][function CalculateAccuracy][line 58] Accuracy: 0.95
