[19:29:20.812925][info][source MainExecutable.cpp][function main][line 168] Batch-size: 30
[19:29:20.813026][info][source MainExecutable.cpp][function main][line 172] FPGA Image: /mnt/mydrive/00_workspace/01_fpgaruns/deeppoint-v1-fpga/build1/DeepPointV1FPGA_hw.awsxclbin
[19:29:20.813035][info][source MainExecutable.cpp][function main][line 177] Data Directory: /mnt/mydrive/00_workspace/01_fpgaruns/deeppoint-v1-fpga/data
[19:29:20.813043][info][source MainExecutable.cpp][function main][line 214] ======================================================
[19:29:20.813047][info][source MainExecutable.cpp][function main][line 215] Running Selected ModelArch ...
[19:29:20.813065][warning][source XilinxImplementation.cpp][function XilinxImplementation][line 23] XCL_EMULATION_MODE is not set. System run(real FPGA) is considered.
[19:29:21.478155][info][source ClassifierMultiPlatform.cpp][function ClassifierMultiplatform][line 69] PCL NPY PATH: /mnt/mydrive/00_workspace/01_fpgaruns/deeppoint-v1-fpga/data/dataset/dataset_B2048_pcl.npy
[19:29:21.478168][info][source ClassifierMultiPlatform.cpp][function ClassifierMultiplatform][line 70] LBL NPY PATH: /mnt/mydrive/00_workspace/01_fpgaruns/deeppoint-v1-fpga/data/dataset/dataset_B2048_labels_int32.npy
[19:29:21.490677][info][source ModelArchTop02.cpp][function Execute][line 521] Starting Process...
[19:29:21.490697][info][source ModelArchTop02.cpp][function Execute][line 522] Batch Size: 30
[19:29:21.490701][info][source ModelArchTop02.cpp][function Execute][line 523] Point Count: 1024
[19:29:35.287770][info][source ModelArchTop02.cpp][function Execute][line 559] DGCCN0 Started...
[19:29:41.121017][info][source ModelArchTop02.cpp][function Execute][line 603] DGCCN1 Started...
[19:29:48.572090][info][source ModelArchTop02.cpp][function Execute][line 645] DGCCN2 Started...
[19:29:56.067289][info][source ModelArchTop02.cpp][function Execute][line 687] DGCCN3 Started...
[19:30:05.320087][info][source ModelArchTop02.cpp][function Execute][line 728] Agg Layer Started...
[19:30:07.434120][info][source ModelArchTop02.cpp][function Execute][line 795] FC Layer1 Started...
[19:30:07.513435][info][source ModelArchTop02.cpp][function Execute][line 828] FC Layer2 Started...
[19:30:07.536208][info][source ModelArchTop02.cpp][function Execute][line 862] FC Layer3 Started...
[19:30:07.543280][info][source ClassifierMultiPlatform.cpp][function ClassifierMultiplatform][line 77] Model execution time with batchsize(30): 46.052603006362915 Seconds
[19:30:07.543290][info][source ClassifierMultiPlatform.cpp][function CalculateAccuracy][line 15] Computing Accuracy...
[19:30:07.543304][info][source ClassifierMultiPlatform.cpp][function CalculateAccuracy][line 57] Correct Count: 30.0
[19:30:07.543308][info][source ClassifierMultiPlatform.cpp][function CalculateAccuracy][line 58] Accuracy: 1.0
