[19:37:09.218477][info][source MainExecutable.cpp][function main][line 168] Batch-size: 4
[19:37:09.218610][info][source MainExecutable.cpp][function main][line 172] FPGA Image: /mnt/mydrive/00_workspace/01_fpgaruns/deeppoint-v1-fpga/build1/DeepPointV1FPGA_hw.awsxclbin
[19:37:09.218620][info][source MainExecutable.cpp][function main][line 177] Data Directory: /mnt/mydrive/00_workspace/01_fpgaruns/deeppoint-v1-fpga/data
[19:37:09.218628][info][source MainExecutable.cpp][function main][line 214] ======================================================
[19:37:09.218632][info][source MainExecutable.cpp][function main][line 215] Running Selected ModelArch ...
[19:37:09.218650][warning][source XilinxImplementation.cpp][function XilinxImplementation][line 23] XCL_EMULATION_MODE is not set. System run(real FPGA) is considered.
[19:37:09.867753][info][source ClassifierMultiPlatform.cpp][function ClassifierMultiplatform][line 69] PCL NPY PATH: /mnt/mydrive/00_workspace/01_fpgaruns/deeppoint-v1-fpga/data/dataset/dataset_B2048_pcl.npy
[19:37:09.867765][info][source ClassifierMultiPlatform.cpp][function ClassifierMultiplatform][line 70] LBL NPY PATH: /mnt/mydrive/00_workspace/01_fpgaruns/deeppoint-v1-fpga/data/dataset/dataset_B2048_labels_int32.npy
[19:37:09.880350][info][source ModelArchTop02.cpp][function Execute][line 521] Starting Process...
[19:37:09.880377][info][source ModelArchTop02.cpp][function Execute][line 522] Batch Size: 4
[19:37:09.880382][info][source ModelArchTop02.cpp][function Execute][line 523] Point Count: 1024
[19:37:11.915108][info][source ModelArchTop02.cpp][function Execute][line 559] DGCCN0 Started...
[19:37:12.708403][info][source ModelArchTop02.cpp][function Execute][line 603] DGCCN1 Started...
[19:37:13.732568][info][source ModelArchTop02.cpp][function Execute][line 645] DGCCN2 Started...
[19:37:14.753904][info][source ModelArchTop02.cpp][function Execute][line 687] DGCCN3 Started...
[19:37:16.006363][info][source ModelArchTop02.cpp][function Execute][line 728] Agg Layer Started...
[19:37:16.296295][info][source ModelArchTop02.cpp][function Execute][line 795] FC Layer1 Started...
[19:37:16.322016][info][source ModelArchTop02.cpp][function Execute][line 828] FC Layer2 Started...
[19:37:16.341031][info][source ModelArchTop02.cpp][function Execute][line 862] FC Layer3 Started...
[19:37:16.346306][info][source ClassifierMultiPlatform.cpp][function ClassifierMultiplatform][line 77] Model execution time with batchsize(4): 6.465955018997192 Seconds
[19:37:16.346318][info][source ClassifierMultiPlatform.cpp][function CalculateAccuracy][line 15] Computing Accuracy...
[19:37:16.346330][info][source ClassifierMultiPlatform.cpp][function CalculateAccuracy][line 57] Correct Count: 4.0
[19:37:16.346334][info][source ClassifierMultiPlatform.cpp][function CalculateAccuracy][line 58] Accuracy: 1.0
