[22:12:55.420264][info][source MainExecutable.cpp][function main][line 168] Batch-size: 4
[22:12:55.420373][info][source MainExecutable.cpp][function main][line 172] FPGA Image: /home/centos/deeppoint-v1-fpga/build/DeepPointV1FPGA_hw.awsxclbin
[22:12:55.420382][info][source MainExecutable.cpp][function main][line 177] Data Directory: /home/centos/deeppoint-v1-fpga/data
[22:12:55.420390][info][source MainExecutable.cpp][function main][line 214] ======================================================
[22:12:55.420394][info][source MainExecutable.cpp][function main][line 215] Running Selected ModelArch ...
[22:12:55.420408][warning][source XilinxImplementation.cpp][function XilinxImplementation][line 23] XCL_EMULATION_MODE is not set. System run(real FPGA) is considered.
[22:12:56.109089][info][source ClassifierMultiPlatform.cpp][function ClassifierMultiplatform][line 69] PCL NPY PATH: /home/centos/deeppoint-v1-fpga/data/dataset/dataset_B2048_pcl.npy
[22:12:56.109103][info][source ClassifierMultiPlatform.cpp][function ClassifierMultiplatform][line 70] LBL NPY PATH: /home/centos/deeppoint-v1-fpga/data/dataset/dataset_B2048_labels_int32.npy
[22:12:56.121337][info][source ModelArchTop02.cpp][function Execute][line 521] Starting Process...
[22:12:56.121356][info][source ModelArchTop02.cpp][function Execute][line 522] Batch Size: 4
[22:12:56.121361][info][source ModelArchTop02.cpp][function Execute][line 523] Point Count: 1024
[22:12:58.390199][info][source ModelArchTop02.cpp][function Execute][line 559] DGCCN0 Started...
[22:12:59.198418][info][source ModelArchTop02.cpp][function Execute][line 603] DGCCN1 Started...
[22:13:00.275779][info][source ModelArchTop02.cpp][function Execute][line 645] DGCCN2 Started...
[22:13:01.360263][info][source ModelArchTop02.cpp][function Execute][line 687] DGCCN3 Started...
[22:13:02.642115][info][source ModelArchTop02.cpp][function Execute][line 728] Agg Layer Started...
[22:13:03.000538][info][source ModelArchTop02.cpp][function Execute][line 795] FC Layer1 Started...
[22:13:03.031341][info][source ModelArchTop02.cpp][function Execute][line 828] FC Layer2 Started...
[22:13:03.048613][info][source ModelArchTop02.cpp][function Execute][line 862] FC Layer3 Started...
[22:13:03.050371][info][source ModelArchTop02.cpp][function Execute][line 874] Dumping Optimization Objective Started...
[22:13:03.050830][info][source ModelArchTop02.cpp][function Execute][line 876] Dumping Optimization Objective Finished.
[22:13:03.051094][info][source ClassifierMultiPlatform.cpp][function ClassifierMultiplatform][line 77] Model execution time with batchsize(4): 6.929750919342041 Seconds
[22:13:03.051105][info][source ClassifierMultiPlatform.cpp][function CalculateAccuracy][line 15] Computing Accuracy...
[22:13:03.051116][info][source ClassifierMultiPlatform.cpp][function CalculateAccuracy][line 57] Correct Count: 4.0
[22:13:03.051121][info][source ClassifierMultiPlatform.cpp][function CalculateAccuracy][line 58] Accuracy: 1.0
