[22:14:21.468296][info][source MainExecutable.cpp][function main][line 168] Batch-size: 9
[22:14:21.468421][info][source MainExecutable.cpp][function main][line 172] FPGA Image: /home/centos/deeppoint-v1-fpga/build/DeepPointV1FPGA_hw.awsxclbin
[22:14:21.468431][info][source MainExecutable.cpp][function main][line 177] Data Directory: /home/centos/deeppoint-v1-fpga/data
[22:14:21.468439][info][source MainExecutable.cpp][function main][line 214] ======================================================
[22:14:21.468444][info][source MainExecutable.cpp][function main][line 215] Running Selected ModelArch ...
[22:14:21.468460][warning][source XilinxImplementation.cpp][function XilinxImplementation][line 23] XCL_EMULATION_MODE is not set. System run(real FPGA) is considered.
[22:14:22.149983][info][source ClassifierMultiPlatform.cpp][function ClassifierMultiplatform][line 69] PCL NPY PATH: /home/centos/deeppoint-v1-fpga/data/dataset/dataset_B2048_pcl.npy
[22:14:22.149997][info][source ClassifierMultiPlatform.cpp][function ClassifierMultiplatform][line 70] LBL NPY PATH: /home/centos/deeppoint-v1-fpga/data/dataset/dataset_B2048_labels_int32.npy
[22:14:22.162892][info][source ModelArchTop02.cpp][function Execute][line 521] Starting Process...
[22:14:22.162912][info][source ModelArchTop02.cpp][function Execute][line 522] Batch Size: 9
[22:14:22.162917][info][source ModelArchTop02.cpp][function Execute][line 523] Point Count: 1024
[22:14:26.868635][info][source ModelArchTop02.cpp][function Execute][line 559] DGCCN0 Started...
[22:14:28.656873][info][source ModelArchTop02.cpp][function Execute][line 603] DGCCN1 Started...
[22:14:31.033457][info][source ModelArchTop02.cpp][function Execute][line 645] DGCCN2 Started...
[22:14:33.424956][info][source ModelArchTop02.cpp][function Execute][line 687] DGCCN3 Started...
[22:14:36.249646][info][source ModelArchTop02.cpp][function Execute][line 728] Agg Layer Started...
[22:14:37.032784][info][source ModelArchTop02.cpp][function Execute][line 795] FC Layer1 Started...
[22:14:37.067944][info][source ModelArchTop02.cpp][function Execute][line 828] FC Layer2 Started...
[22:14:37.086602][info][source ModelArchTop02.cpp][function Execute][line 862] FC Layer3 Started...
[22:14:37.088903][info][source ModelArchTop02.cpp][function Execute][line 874] Dumping Optimization Objective Started...
[22:14:37.089337][info][source ModelArchTop02.cpp][function Execute][line 876] Dumping Optimization Objective Finished.
[22:14:37.089598][info][source ClassifierMultiPlatform.cpp][function ClassifierMultiplatform][line 77] Model execution time with batchsize(9): 14.926699161529541 Seconds
[22:14:37.089608][info][source ClassifierMultiPlatform.cpp][function CalculateAccuracy][line 15] Computing Accuracy...
[22:14:37.089620][info][source ClassifierMultiPlatform.cpp][function CalculateAccuracy][line 57] Correct Count: 9.0
[22:14:37.089625][info][source ClassifierMultiPlatform.cpp][function CalculateAccuracy][line 58] Accuracy: 1.0
