[22:20:40.729069][info][source MainExecutable.cpp][function main][line 168] Batch-size: 45
[22:20:40.729178][info][source MainExecutable.cpp][function main][line 172] FPGA Image: /home/centos/deeppoint-v1-fpga/build/DeepPointV1FPGA_hw.awsxclbin
[22:20:40.729187][info][source MainExecutable.cpp][function main][line 177] Data Directory: /home/centos/deeppoint-v1-fpga/data
[22:20:40.729195][info][source MainExecutable.cpp][function main][line 214] ======================================================
[22:20:40.729199][info][source MainExecutable.cpp][function main][line 215] Running Selected ModelArch ...
[22:20:40.729214][warning][source XilinxImplementation.cpp][function XilinxImplementation][line 23] XCL_EMULATION_MODE is not set. System run(real FPGA) is considered.
[22:20:41.414530][info][source ClassifierMultiPlatform.cpp][function ClassifierMultiplatform][line 69] PCL NPY PATH: /home/centos/deeppoint-v1-fpga/data/dataset/dataset_B2048_pcl.npy
[22:20:41.414544][info][source ClassifierMultiPlatform.cpp][function ClassifierMultiplatform][line 70] LBL NPY PATH: /home/centos/deeppoint-v1-fpga/data/dataset/dataset_B2048_labels_int32.npy
[22:20:41.427417][info][source ModelArchTop02.cpp][function Execute][line 521] Starting Process...
[22:20:41.427438][info][source ModelArchTop02.cpp][function Execute][line 522] Batch Size: 45
[22:20:41.427443][info][source ModelArchTop02.cpp][function Execute][line 523] Point Count: 1024
[22:21:03.524630][info][source ModelArchTop02.cpp][function Execute][line 559] DGCCN0 Started...
[22:21:12.245936][info][source ModelArchTop02.cpp][function Execute][line 603] DGCCN1 Started...
[22:21:23.941517][info][source ModelArchTop02.cpp][function Execute][line 645] DGCCN2 Started...
[22:21:35.695026][info][source ModelArchTop02.cpp][function Execute][line 687] DGCCN3 Started...
[22:21:49.583331][info][source ModelArchTop02.cpp][function Execute][line 728] Agg Layer Started...
[22:21:53.346960][info][source ModelArchTop02.cpp][function Execute][line 795] FC Layer1 Started...
[22:21:53.447452][info][source ModelArchTop02.cpp][function Execute][line 828] FC Layer2 Started...
[22:21:53.471348][info][source ModelArchTop02.cpp][function Execute][line 862] FC Layer3 Started...
[22:21:53.476226][info][source ModelArchTop02.cpp][function Execute][line 874] Dumping Optimization Objective Started...
[22:21:53.476646][info][source ModelArchTop02.cpp][function Execute][line 876] Dumping Optimization Objective Finished.
[22:21:53.476880][info][source ClassifierMultiPlatform.cpp][function ClassifierMultiplatform][line 77] Model execution time with batchsize(45): 72.04945707321167 Seconds
[22:21:53.476891][info][source ClassifierMultiPlatform.cpp][function CalculateAccuracy][line 15] Computing Accuracy...
[22:21:53.476905][info][source ClassifierMultiPlatform.cpp][function CalculateAccuracy][line 57] Correct Count: 44.0
[22:21:53.476910][info][source ClassifierMultiPlatform.cpp][function CalculateAccuracy][line 58] Accuracy: 0.9777778
