[22:13:23.651815][info][source MainExecutable.cpp][function main][line 168] Batch-size: 6
[22:13:23.651928][info][source MainExecutable.cpp][function main][line 172] FPGA Image: /home/centos/deeppoint-v1-fpga/build/DeepPointV1FPGA_hw.awsxclbin
[22:13:23.651938][info][source MainExecutable.cpp][function main][line 177] Data Directory: /home/centos/deeppoint-v1-fpga/data
[22:13:23.651946][info][source MainExecutable.cpp][function main][line 214] ======================================================
[22:13:23.651950][info][source MainExecutable.cpp][function main][line 215] Running Selected ModelArch ...
[22:13:23.651965][warning][source XilinxImplementation.cpp][function XilinxImplementation][line 23] XCL_EMULATION_MODE is not set. System run(real FPGA) is considered.
[22:13:24.354988][info][source ClassifierMultiPlatform.cpp][function ClassifierMultiplatform][line 69] PCL NPY PATH: /home/centos/deeppoint-v1-fpga/data/dataset/dataset_B2048_pcl.npy
[22:13:24.355002][info][source ClassifierMultiPlatform.cpp][function ClassifierMultiplatform][line 70] LBL NPY PATH: /home/centos/deeppoint-v1-fpga/data/dataset/dataset_B2048_labels_int32.npy
[22:13:24.368561][info][source ModelArchTop02.cpp][function Execute][line 521] Starting Process...
[22:13:24.368582][info][source ModelArchTop02.cpp][function Execute][line 522] Batch Size: 6
[22:13:24.368587][info][source ModelArchTop02.cpp][function Execute][line 523] Point Count: 1024
[22:13:27.606986][info][source ModelArchTop02.cpp][function Execute][line 559] DGCCN0 Started...
[22:13:28.790404][info][source ModelArchTop02.cpp][function Execute][line 603] DGCCN1 Started...
[22:13:30.387840][info][source ModelArchTop02.cpp][function Execute][line 645] DGCCN2 Started...
[22:13:31.990559][info][source ModelArchTop02.cpp][function Execute][line 687] DGCCN3 Started...
[22:13:33.878128][info][source ModelArchTop02.cpp][function Execute][line 728] Agg Layer Started...
[22:13:34.399671][info][source ModelArchTop02.cpp][function Execute][line 795] FC Layer1 Started...
[22:13:34.428401][info][source ModelArchTop02.cpp][function Execute][line 828] FC Layer2 Started...
[22:13:34.445463][info][source ModelArchTop02.cpp][function Execute][line 862] FC Layer3 Started...
[22:13:34.447424][info][source ModelArchTop02.cpp][function Execute][line 874] Dumping Optimization Objective Started...
[22:13:34.447896][info][source ModelArchTop02.cpp][function Execute][line 876] Dumping Optimization Objective Finished.
[22:13:34.448115][info][source ClassifierMultiPlatform.cpp][function ClassifierMultiplatform][line 77] Model execution time with batchsize(6): 10.079548120498657 Seconds
[22:13:34.448126][info][source ClassifierMultiPlatform.cpp][function CalculateAccuracy][line 15] Computing Accuracy...
[22:13:34.448139][info][source ClassifierMultiPlatform.cpp][function CalculateAccuracy][line 57] Correct Count: 6.0
[22:13:34.448143][info][source ClassifierMultiPlatform.cpp][function CalculateAccuracy][line 58] Accuracy: 1.0
