[21:57:50.495996][info][source MainExecutable.cpp][function main][line 168] Batch-size: 2
[21:57:50.496102][info][source MainExecutable.cpp][function main][line 172] FPGA Image: /mnt/mydrive/00_workspace/01_fpgaruns/deeppoint-v1-fpga/build1/DeepPointV1FPGA_hw.awsxclbin
[21:57:50.496110][info][source MainExecutable.cpp][function main][line 177] Data Directory: /mnt/mydrive/00_workspace/01_fpgaruns/deeppoint-v1-fpga/data
[21:57:50.496118][info][source MainExecutable.cpp][function main][line 214] ======================================================
[21:57:50.496121][info][source MainExecutable.cpp][function main][line 215] Running Selected ModelArch ...
[21:57:50.496137][warning][source XilinxImplementation.cpp][function XilinxImplementation][line 23] XCL_EMULATION_MODE is not set. System run(real FPGA) is considered.
[21:57:51.154690][info][source ClassifierMultiPlatform.cpp][function ClassifierMultiplatform][line 69] PCL NPY PATH: /mnt/mydrive/00_workspace/01_fpgaruns/deeppoint-v1-fpga/data/dataset/dataset_B2048_pcl.npy
[21:57:51.154703][info][source ClassifierMultiPlatform.cpp][function ClassifierMultiplatform][line 70] LBL NPY PATH: /mnt/mydrive/00_workspace/01_fpgaruns/deeppoint-v1-fpga/data/dataset/dataset_B2048_labels_int32.npy
[21:57:51.166224][info][source ModelArchTop02.cpp][function Execute][line 521] Starting Process...
[21:57:51.166249][info][source ModelArchTop02.cpp][function Execute][line 522] Batch Size: 2
[21:57:51.166253][info][source ModelArchTop02.cpp][function Execute][line 523] Point Count: 1024
[21:57:52.330319][info][source ModelArchTop02.cpp][function Execute][line 559] DGCCN0 Started...
[21:57:52.739282][info][source ModelArchTop02.cpp][function Execute][line 603] DGCCN1 Started...
[21:57:53.270519][info][source ModelArchTop02.cpp][function Execute][line 645] DGCCN2 Started...
[21:57:53.791210][info][source ModelArchTop02.cpp][function Execute][line 687] DGCCN3 Started...
[21:57:54.437697][info][source ModelArchTop02.cpp][function Execute][line 728] Agg Layer Started...
[21:57:54.591393][info][source ModelArchTop02.cpp][function Execute][line 795] FC Layer1 Started...
[21:57:54.614170][info][source ModelArchTop02.cpp][function Execute][line 828] FC Layer2 Started...
[21:57:54.632966][info][source ModelArchTop02.cpp][function Execute][line 862] FC Layer3 Started...
[21:57:54.638080][info][source ModelArchTop02.cpp][function Execute][line 874] Dumping Optimization Objective Started...
[21:57:54.638481][info][source ModelArchTop02.cpp][function Execute][line 876] Dumping Optimization Objective Finished.
[21:57:54.638675][info][source ClassifierMultiPlatform.cpp][function ClassifierMultiplatform][line 77] Model execution time with batchsize(2): 3.4724550247192383 Seconds
[21:57:54.638685][info][source ClassifierMultiPlatform.cpp][function CalculateAccuracy][line 15] Computing Accuracy...
[21:57:54.638698][info][source ClassifierMultiPlatform.cpp][function CalculateAccuracy][line 57] Correct Count: 2.0
[21:57:54.638714][info][source ClassifierMultiPlatform.cpp][function CalculateAccuracy][line 58] Accuracy: 1.0
