[22:18:16.900124][info][source MainExecutable.cpp][function main][line 168] Batch-size: 35
[22:18:16.900254][info][source MainExecutable.cpp][function main][line 172] FPGA Image: /home/centos/deeppoint-v1-fpga/build/DeepPointV1FPGA_hw.awsxclbin
[22:18:16.900264][info][source MainExecutable.cpp][function main][line 177] Data Directory: /home/centos/deeppoint-v1-fpga/data
[22:18:16.900273][info][source MainExecutable.cpp][function main][line 214] ======================================================
[22:18:16.900277][info][source MainExecutable.cpp][function main][line 215] Running Selected ModelArch ...
[22:18:16.900293][warning][source XilinxImplementation.cpp][function XilinxImplementation][line 23] XCL_EMULATION_MODE is not set. System run(real FPGA) is considered.
[22:18:17.591120][info][source ClassifierMultiPlatform.cpp][function ClassifierMultiplatform][line 69] PCL NPY PATH: /home/centos/deeppoint-v1-fpga/data/dataset/dataset_B2048_pcl.npy
[22:18:17.591135][info][source ClassifierMultiPlatform.cpp][function ClassifierMultiplatform][line 70] LBL NPY PATH: /home/centos/deeppoint-v1-fpga/data/dataset/dataset_B2048_labels_int32.npy
[22:18:17.603718][info][source ModelArchTop02.cpp][function Execute][line 521] Starting Process...
[22:18:17.603740][info][source ModelArchTop02.cpp][function Execute][line 522] Batch Size: 35
[22:18:17.603746][info][source ModelArchTop02.cpp][function Execute][line 523] Point Count: 1024
[22:18:34.896360][info][source ModelArchTop02.cpp][function Execute][line 559] DGCCN0 Started...
[22:18:41.701501][info][source ModelArchTop02.cpp][function Execute][line 603] DGCCN1 Started...
[22:18:50.810965][info][source ModelArchTop02.cpp][function Execute][line 645] DGCCN2 Started...
[22:18:59.982930][info][source ModelArchTop02.cpp][function Execute][line 687] DGCCN3 Started...
[22:19:10.807808][info][source ModelArchTop02.cpp][function Execute][line 728] Agg Layer Started...
[22:19:13.761397][info][source ModelArchTop02.cpp][function Execute][line 795] FC Layer1 Started...
[22:19:13.844628][info][source ModelArchTop02.cpp][function Execute][line 828] FC Layer2 Started...
[22:19:13.866188][info][source ModelArchTop02.cpp][function Execute][line 862] FC Layer3 Started...
[22:19:13.870026][info][source ModelArchTop02.cpp][function Execute][line 874] Dumping Optimization Objective Started...
[22:19:13.870416][info][source ModelArchTop02.cpp][function Execute][line 876] Dumping Optimization Objective Finished.
[22:19:13.870637][info][source ClassifierMultiPlatform.cpp][function ClassifierMultiplatform][line 77] Model execution time with batchsize(35): 56.2669141292572 Seconds
[22:19:13.870647][info][source ClassifierMultiPlatform.cpp][function CalculateAccuracy][line 15] Computing Accuracy...
[22:19:13.870660][info][source ClassifierMultiPlatform.cpp][function CalculateAccuracy][line 57] Correct Count: 35.0
[22:19:13.870665][info][source ClassifierMultiPlatform.cpp][function CalculateAccuracy][line 58] Accuracy: 1.0
