[19:36:35.812314][info][source MainExecutable.cpp][function main][line 168] Batch-size: 2
[19:36:35.812416][info][source MainExecutable.cpp][function main][line 172] FPGA Image: /mnt/mydrive/00_workspace/01_fpgaruns/deeppoint-v1-fpga/build1/DeepPointV1FPGA_hw.awsxclbin
[19:36:35.812425][info][source MainExecutable.cpp][function main][line 177] Data Directory: /mnt/mydrive/00_workspace/01_fpgaruns/deeppoint-v1-fpga/data
[19:36:35.812433][info][source MainExecutable.cpp][function main][line 214] ======================================================
[19:36:35.812437][info][source MainExecutable.cpp][function main][line 215] Running Selected ModelArch ...
[19:36:35.812455][warning][source XilinxImplementation.cpp][function XilinxImplementation][line 23] XCL_EMULATION_MODE is not set. System run(real FPGA) is considered.
[19:36:36.443031][info][source ClassifierMultiPlatform.cpp][function ClassifierMultiplatform][line 69] PCL NPY PATH: /mnt/mydrive/00_workspace/01_fpgaruns/deeppoint-v1-fpga/data/dataset/dataset_B2048_pcl.npy
[19:36:36.443046][info][source ClassifierMultiPlatform.cpp][function ClassifierMultiplatform][line 70] LBL NPY PATH: /mnt/mydrive/00_workspace/01_fpgaruns/deeppoint-v1-fpga/data/dataset/dataset_B2048_labels_int32.npy
[19:36:36.456709][info][source ModelArchTop02.cpp][function Execute][line 521] Starting Process...
[19:36:36.456732][info][source ModelArchTop02.cpp][function Execute][line 522] Batch Size: 2
[19:36:36.456737][info][source ModelArchTop02.cpp][function Execute][line 523] Point Count: 1024
[19:36:37.628911][info][source ModelArchTop02.cpp][function Execute][line 559] DGCCN0 Started...
[19:36:38.037729][info][source ModelArchTop02.cpp][function Execute][line 603] DGCCN1 Started...
[19:36:38.563763][info][source ModelArchTop02.cpp][function Execute][line 645] DGCCN2 Started...
[19:36:39.088240][info][source ModelArchTop02.cpp][function Execute][line 687] DGCCN3 Started...
[19:36:39.739454][info][source ModelArchTop02.cpp][function Execute][line 728] Agg Layer Started...
[19:36:39.894310][info][source ModelArchTop02.cpp][function Execute][line 795] FC Layer1 Started...
[19:36:39.917115][info][source ModelArchTop02.cpp][function Execute][line 828] FC Layer2 Started...
[19:36:39.936321][info][source ModelArchTop02.cpp][function Execute][line 862] FC Layer3 Started...
[19:36:39.941675][info][source ClassifierMultiPlatform.cpp][function ClassifierMultiplatform][line 77] Model execution time with batchsize(2): 3.4849660396575928 Seconds
[19:36:39.941688][info][source ClassifierMultiPlatform.cpp][function CalculateAccuracy][line 15] Computing Accuracy...
[19:36:39.941701][info][source ClassifierMultiPlatform.cpp][function CalculateAccuracy][line 57] Correct Count: 2.0
[19:36:39.941705][info][source ClassifierMultiPlatform.cpp][function CalculateAccuracy][line 58] Accuracy: 1.0
