[16:10:54.461029][info][source MainExecutable.cpp][function main][line 168] Batch-size: 45
[16:10:54.461144][info][source MainExecutable.cpp][function main][line 172] FPGA Image: /mnt/my2/00_workspace/deeppoint-v1-fpga/build2/DeepPointV1FPGA_hw.awsxclbin
[16:10:54.461152][info][source MainExecutable.cpp][function main][line 177] Data Directory: /mnt/my2/00_workspace/deeppoint-v1-fpga/data
[16:10:54.461160][info][source MainExecutable.cpp][function main][line 214] ======================================================
[16:10:54.461164][info][source MainExecutable.cpp][function main][line 215] Running Selected ModelArch ...
[16:10:54.461181][warning][source XilinxImplementation.cpp][function XilinxImplementation][line 23] XCL_EMULATION_MODE is not set. System run(real FPGA) is considered.
[16:10:55.179581][info][source ClassifierMultiPlatform.cpp][function ClassifierMultiplatform][line 69] PCL NPY PATH: /mnt/my2/00_workspace/deeppoint-v1-fpga/data/dataset/dataset_B2048_pcl.npy
[16:10:55.179595][info][source ClassifierMultiPlatform.cpp][function ClassifierMultiplatform][line 70] LBL NPY PATH: /mnt/my2/00_workspace/deeppoint-v1-fpga/data/dataset/dataset_B2048_labels_int32.npy
[16:10:55.192662][info][source ModelArchTop02.cpp][function Execute][line 521] Starting Process...
[16:10:55.192682][info][source ModelArchTop02.cpp][function Execute][line 522] Batch Size: 45
[16:10:55.192687][info][source ModelArchTop02.cpp][function Execute][line 523] Point Count: 1024
[16:11:21.013638][info][source ModelArchTop02.cpp][function Execute][line 559] DGCCN0 Started...
[16:11:30.852913][info][source ModelArchTop02.cpp][function Execute][line 603] DGCCN1 Started...
[16:11:44.032319][info][source ModelArchTop02.cpp][function Execute][line 645] DGCCN2 Started...
[16:11:57.260395][info][source ModelArchTop02.cpp][function Execute][line 687] DGCCN3 Started...
[16:12:13.467729][info][source ModelArchTop02.cpp][function Execute][line 728] Agg Layer Started...
[16:12:17.957128][info][source ModelArchTop02.cpp][function Execute][line 795] FC Layer1 Started...
[16:12:18.057507][info][source ModelArchTop02.cpp][function Execute][line 828] FC Layer2 Started...
[16:12:18.080936][info][source ModelArchTop02.cpp][function Execute][line 862] FC Layer3 Started...
[16:12:18.085631][info][source ModelArchTop02.cpp][function Execute][line 874] Dumping Optimization Objective Started...
[16:12:18.086050][info][source ModelArchTop02.cpp][function Execute][line 876] Dumping Optimization Objective Finished.
[16:12:18.086276][info][source ClassifierMultiPlatform.cpp][function ClassifierMultiplatform][line 77] Model execution time with batchsize(45): 82.89360785484314 Seconds
[16:12:18.086285][info][source ClassifierMultiPlatform.cpp][function CalculateAccuracy][line 15] Computing Accuracy...
[16:12:18.086301][info][source ClassifierMultiPlatform.cpp][function CalculateAccuracy][line 57] Correct Count: 44.0
[16:12:18.086305][info][source ClassifierMultiPlatform.cpp][function CalculateAccuracy][line 58] Accuracy: 0.9777778
