[16:00:02.692116][info][source MainExecutable.cpp][function main][line 168] Batch-size: 3
[16:00:02.692228][info][source MainExecutable.cpp][function main][line 172] FPGA Image: /mnt/my2/00_workspace/deeppoint-v1-fpga/build2/DeepPointV1FPGA_hw.awsxclbin
[16:00:02.692236][info][source MainExecutable.cpp][function main][line 177] Data Directory: /mnt/my2/00_workspace/deeppoint-v1-fpga/data
[16:00:02.692244][info][source MainExecutable.cpp][function main][line 214] ======================================================
[16:00:02.692248][info][source MainExecutable.cpp][function main][line 215] Running Selected ModelArch ...
[16:00:02.692263][warning][source XilinxImplementation.cpp][function XilinxImplementation][line 23] XCL_EMULATION_MODE is not set. System run(real FPGA) is considered.
[16:00:03.362964][info][source ClassifierMultiPlatform.cpp][function ClassifierMultiplatform][line 69] PCL NPY PATH: /mnt/my2/00_workspace/deeppoint-v1-fpga/data/dataset/dataset_B2048_pcl.npy
[16:00:03.362979][info][source ClassifierMultiPlatform.cpp][function ClassifierMultiplatform][line 70] LBL NPY PATH: /mnt/my2/00_workspace/deeppoint-v1-fpga/data/dataset/dataset_B2048_labels_int32.npy
[16:00:03.375882][info][source ModelArchTop02.cpp][function Execute][line 521] Starting Process...
[16:00:03.375902][info][source ModelArchTop02.cpp][function Execute][line 522] Batch Size: 3
[16:00:03.375907][info][source ModelArchTop02.cpp][function Execute][line 523] Point Count: 1024
[16:00:05.373954][info][source ModelArchTop02.cpp][function Execute][line 559] DGCCN0 Started...
[16:00:06.037403][info][source ModelArchTop02.cpp][function Execute][line 603] DGCCN1 Started...
[16:00:06.937532][info][source ModelArchTop02.cpp][function Execute][line 645] DGCCN2 Started...
[16:00:07.836888][info][source ModelArchTop02.cpp][function Execute][line 687] DGCCN3 Started...
[16:00:08.942075][info][source ModelArchTop02.cpp][function Execute][line 728] Agg Layer Started...
[16:00:09.258533][info][source ModelArchTop02.cpp][function Execute][line 795] FC Layer1 Started...
[16:00:09.280915][info][source ModelArchTop02.cpp][function Execute][line 828] FC Layer2 Started...
[16:00:09.297179][info][source ModelArchTop02.cpp][function Execute][line 862] FC Layer3 Started...
[16:00:09.298870][info][source ModelArchTop02.cpp][function Execute][line 874] Dumping Optimization Objective Started...
[16:00:09.299283][info][source ModelArchTop02.cpp][function Execute][line 876] Dumping Optimization Objective Finished.
[16:00:09.299489][info][source ClassifierMultiPlatform.cpp][function ClassifierMultiplatform][line 77] Model execution time with batchsize(3): 5.923602104187012 Seconds
[16:00:09.299499][info][source ClassifierMultiPlatform.cpp][function CalculateAccuracy][line 15] Computing Accuracy...
[16:00:09.299511][info][source ClassifierMultiPlatform.cpp][function CalculateAccuracy][line 57] Correct Count: 3.0
[16:00:09.299515][info][source ClassifierMultiPlatform.cpp][function CalculateAccuracy][line 58] Accuracy: 1.0
