[16:02:10.069104][info][source MainExecutable.cpp][function main][line 168] Batch-size: 7
[16:02:10.069218][info][source MainExecutable.cpp][function main][line 172] FPGA Image: /mnt/my2/00_workspace/deeppoint-v1-fpga/build2/DeepPointV1FPGA_hw.awsxclbin
[16:02:10.069227][info][source MainExecutable.cpp][function main][line 177] Data Directory: /mnt/my2/00_workspace/deeppoint-v1-fpga/data
[16:02:10.069235][info][source MainExecutable.cpp][function main][line 214] ======================================================
[16:02:10.069239][info][source MainExecutable.cpp][function main][line 215] Running Selected ModelArch ...
[16:02:10.069255][warning][source XilinxImplementation.cpp][function XilinxImplementation][line 23] XCL_EMULATION_MODE is not set. System run(real FPGA) is considered.
[16:02:10.769061][info][source ClassifierMultiPlatform.cpp][function ClassifierMultiplatform][line 69] PCL NPY PATH: /mnt/my2/00_workspace/deeppoint-v1-fpga/data/dataset/dataset_B2048_pcl.npy
[16:02:10.769073][info][source ClassifierMultiPlatform.cpp][function ClassifierMultiplatform][line 70] LBL NPY PATH: /mnt/my2/00_workspace/deeppoint-v1-fpga/data/dataset/dataset_B2048_labels_int32.npy
[16:02:10.782024][info][source ModelArchTop02.cpp][function Execute][line 521] Starting Process...
[16:02:10.782046][info][source ModelArchTop02.cpp][function Execute][line 522] Batch Size: 7
[16:02:10.782051][info][source ModelArchTop02.cpp][function Execute][line 523] Point Count: 1024
[16:02:15.049600][info][source ModelArchTop02.cpp][function Execute][line 559] DGCCN0 Started...
[16:02:16.606159][info][source ModelArchTop02.cpp][function Execute][line 603] DGCCN1 Started...
[16:02:18.688024][info][source ModelArchTop02.cpp][function Execute][line 645] DGCCN2 Started...
[16:02:20.783363][info][source ModelArchTop02.cpp][function Execute][line 687] DGCCN3 Started...
[16:02:23.350089][info][source ModelArchTop02.cpp][function Execute][line 728] Agg Layer Started...
[16:02:24.065341][info][source ModelArchTop02.cpp][function Execute][line 795] FC Layer1 Started...
[16:02:24.103689][info][source ModelArchTop02.cpp][function Execute][line 828] FC Layer2 Started...
[16:02:24.120982][info][source ModelArchTop02.cpp][function Execute][line 862] FC Layer3 Started...
[16:02:24.122984][info][source ModelArchTop02.cpp][function Execute][line 874] Dumping Optimization Objective Started...
[16:02:24.123393][info][source ModelArchTop02.cpp][function Execute][line 876] Dumping Optimization Objective Finished.
[16:02:24.123593][info][source ClassifierMultiPlatform.cpp][function ClassifierMultiplatform][line 77] Model execution time with batchsize(7): 13.341563940048218 Seconds
[16:02:24.123603][info][source ClassifierMultiPlatform.cpp][function CalculateAccuracy][line 15] Computing Accuracy...
[16:02:24.123616][info][source ClassifierMultiPlatform.cpp][function CalculateAccuracy][line 57] Correct Count: 7.0
[16:02:24.123620][info][source ClassifierMultiPlatform.cpp][function CalculateAccuracy][line 58] Accuracy: 1.0
