[22:14:00.480342][info][source MainExecutable.cpp][function main][line 168] Batch-size: 8
[22:14:00.480449][info][source MainExecutable.cpp][function main][line 172] FPGA Image: /home/centos/deeppoint-v1-fpga/build/DeepPointV1FPGA_hw.awsxclbin
[22:14:00.480458][info][source MainExecutable.cpp][function main][line 177] Data Directory: /home/centos/deeppoint-v1-fpga/data
[22:14:00.480466][info][source MainExecutable.cpp][function main][line 214] ======================================================
[22:14:00.480471][info][source MainExecutable.cpp][function main][line 215] Running Selected ModelArch ...
[22:14:00.480518][warning][source XilinxImplementation.cpp][function XilinxImplementation][line 23] XCL_EMULATION_MODE is not set. System run(real FPGA) is considered.
[22:14:01.183102][info][source ClassifierMultiPlatform.cpp][function ClassifierMultiplatform][line 69] PCL NPY PATH: /home/centos/deeppoint-v1-fpga/data/dataset/dataset_B2048_pcl.npy
[22:14:01.183117][info][source ClassifierMultiPlatform.cpp][function ClassifierMultiplatform][line 70] LBL NPY PATH: /home/centos/deeppoint-v1-fpga/data/dataset/dataset_B2048_labels_int32.npy
[22:14:01.195611][info][source ModelArchTop02.cpp][function Execute][line 521] Starting Process...
[22:14:01.195632][info][source ModelArchTop02.cpp][function Execute][line 522] Batch Size: 8
[22:14:01.195636][info][source ModelArchTop02.cpp][function Execute][line 523] Point Count: 1024
[22:14:05.474094][info][source ModelArchTop02.cpp][function Execute][line 559] DGCCN0 Started...
[22:14:07.064111][info][source ModelArchTop02.cpp][function Execute][line 603] DGCCN1 Started...
[22:14:09.180817][info][source ModelArchTop02.cpp][function Execute][line 645] DGCCN2 Started...
[22:14:11.312203][info][source ModelArchTop02.cpp][function Execute][line 687] DGCCN3 Started...
[22:14:13.826044][info][source ModelArchTop02.cpp][function Execute][line 728] Agg Layer Started...
[22:14:14.519791][info][source ModelArchTop02.cpp][function Execute][line 795] FC Layer1 Started...
[22:14:14.551642][info][source ModelArchTop02.cpp][function Execute][line 828] FC Layer2 Started...
[22:14:14.568779][info][source ModelArchTop02.cpp][function Execute][line 862] FC Layer3 Started...
[22:14:14.570753][info][source ModelArchTop02.cpp][function Execute][line 874] Dumping Optimization Objective Started...
[22:14:14.571203][info][source ModelArchTop02.cpp][function Execute][line 876] Dumping Optimization Objective Finished.
[22:14:14.571421][info][source ClassifierMultiPlatform.cpp][function ClassifierMultiplatform][line 77] Model execution time with batchsize(8): 13.375802993774414 Seconds
[22:14:14.571432][info][source ClassifierMultiPlatform.cpp][function CalculateAccuracy][line 15] Computing Accuracy...
[22:14:14.571445][info][source ClassifierMultiPlatform.cpp][function CalculateAccuracy][line 57] Correct Count: 8.0
[22:14:14.571449][info][source ClassifierMultiPlatform.cpp][function CalculateAccuracy][line 58] Accuracy: 1.0
