[16:00:15.169796][info][source MainExecutable.cpp][function main][line 168] Batch-size: 4
[16:00:15.169943][info][source MainExecutable.cpp][function main][line 172] FPGA Image: /mnt/my2/00_workspace/deeppoint-v1-fpga/build2/DeepPointV1FPGA_hw.awsxclbin
[16:00:15.169952][info][source MainExecutable.cpp][function main][line 177] Data Directory: /mnt/my2/00_workspace/deeppoint-v1-fpga/data
[16:00:15.169960][info][source MainExecutable.cpp][function main][line 214] ======================================================
[16:00:15.169964][info][source MainExecutable.cpp][function main][line 215] Running Selected ModelArch ...
[16:00:15.169979][warning][source XilinxImplementation.cpp][function XilinxImplementation][line 23] XCL_EMULATION_MODE is not set. System run(real FPGA) is considered.
[16:00:15.843201][info][source ClassifierMultiPlatform.cpp][function ClassifierMultiplatform][line 69] PCL NPY PATH: /mnt/my2/00_workspace/deeppoint-v1-fpga/data/dataset/dataset_B2048_pcl.npy
[16:00:15.843213][info][source ClassifierMultiPlatform.cpp][function ClassifierMultiplatform][line 70] LBL NPY PATH: /mnt/my2/00_workspace/deeppoint-v1-fpga/data/dataset/dataset_B2048_labels_int32.npy
[16:00:15.856024][info][source ModelArchTop02.cpp][function Execute][line 521] Starting Process...
[16:00:15.856045][info][source ModelArchTop02.cpp][function Execute][line 522] Batch Size: 4
[16:00:15.856049][info][source ModelArchTop02.cpp][function Execute][line 523] Point Count: 1024
[16:00:18.385554][info][source ModelArchTop02.cpp][function Execute][line 559] DGCCN0 Started...
[16:00:19.281236][info][source ModelArchTop02.cpp][function Execute][line 603] DGCCN1 Started...
[16:00:20.453211][info][source ModelArchTop02.cpp][function Execute][line 645] DGCCN2 Started...
[16:00:21.656393][info][source ModelArchTop02.cpp][function Execute][line 687] DGCCN3 Started...
[16:00:23.139841][info][source ModelArchTop02.cpp][function Execute][line 728] Agg Layer Started...
[16:00:23.561785][info][source ModelArchTop02.cpp][function Execute][line 795] FC Layer1 Started...
[16:00:23.585855][info][source ModelArchTop02.cpp][function Execute][line 828] FC Layer2 Started...
[16:00:23.602687][info][source ModelArchTop02.cpp][function Execute][line 862] FC Layer3 Started...
[16:00:23.604469][info][source ModelArchTop02.cpp][function Execute][line 874] Dumping Optimization Objective Started...
[16:00:23.604918][info][source ModelArchTop02.cpp][function Execute][line 876] Dumping Optimization Objective Finished.
[16:00:23.605122][info][source ClassifierMultiPlatform.cpp][function ClassifierMultiplatform][line 77] Model execution time with batchsize(4): 7.749092102050781 Seconds
[16:00:23.605132][info][source ClassifierMultiPlatform.cpp][function CalculateAccuracy][line 15] Computing Accuracy...
[16:00:23.605145][info][source ClassifierMultiPlatform.cpp][function CalculateAccuracy][line 57] Correct Count: 4.0
[16:00:23.605150][info][source ClassifierMultiPlatform.cpp][function CalculateAccuracy][line 58] Accuracy: 1.0
