[15:59:41.971942][info][source MainExecutable.cpp][function main][line 168] Batch-size: 2
[15:59:41.972052][info][source MainExecutable.cpp][function main][line 172] FPGA Image: /mnt/my2/00_workspace/deeppoint-v1-fpga/build2/DeepPointV1FPGA_hw.awsxclbin
[15:59:41.972060][info][source MainExecutable.cpp][function main][line 177] Data Directory: /mnt/my2/00_workspace/deeppoint-v1-fpga/data
[15:59:41.972068][info][source MainExecutable.cpp][function main][line 214] ======================================================
[15:59:41.972072][info][source MainExecutable.cpp][function main][line 215] Running Selected ModelArch ...
[15:59:41.972087][warning][source XilinxImplementation.cpp][function XilinxImplementation][line 23] XCL_EMULATION_MODE is not set. System run(real FPGA) is considered.
[15:59:42.628126][info][source ClassifierMultiPlatform.cpp][function ClassifierMultiplatform][line 69] PCL NPY PATH: /mnt/my2/00_workspace/deeppoint-v1-fpga/data/dataset/dataset_B2048_pcl.npy
[15:59:42.628141][info][source ClassifierMultiPlatform.cpp][function ClassifierMultiplatform][line 70] LBL NPY PATH: /mnt/my2/00_workspace/deeppoint-v1-fpga/data/dataset/dataset_B2048_labels_int32.npy
[15:59:42.640652][info][source ModelArchTop02.cpp][function Execute][line 521] Starting Process...
[15:59:42.640681][info][source ModelArchTop02.cpp][function Execute][line 522] Batch Size: 2
[15:59:42.640685][info][source ModelArchTop02.cpp][function Execute][line 523] Point Count: 1024
[15:59:44.105371][info][source ModelArchTop02.cpp][function Execute][line 559] DGCCN0 Started...
[15:59:44.582640][info][source ModelArchTop02.cpp][function Execute][line 603] DGCCN1 Started...
[15:59:45.195683][info][source ModelArchTop02.cpp][function Execute][line 645] DGCCN2 Started...
[15:59:45.821668][info][source ModelArchTop02.cpp][function Execute][line 687] DGCCN3 Started...
[15:59:46.578506][info][source ModelArchTop02.cpp][function Execute][line 728] Agg Layer Started...
[15:59:46.796127][info][source ModelArchTop02.cpp][function Execute][line 795] FC Layer1 Started...
[15:59:46.817385][info][source ModelArchTop02.cpp][function Execute][line 828] FC Layer2 Started...
[15:59:46.834017][info][source ModelArchTop02.cpp][function Execute][line 862] FC Layer3 Started...
[15:59:46.835739][info][source ModelArchTop02.cpp][function Execute][line 874] Dumping Optimization Objective Started...
[15:59:46.836177][info][source ModelArchTop02.cpp][function Execute][line 876] Dumping Optimization Objective Finished.
[15:59:46.836380][info][source ClassifierMultiPlatform.cpp][function ClassifierMultiplatform][line 77] Model execution time with batchsize(2): 4.195721864700317 Seconds
[15:59:46.836393][info][source ClassifierMultiPlatform.cpp][function CalculateAccuracy][line 15] Computing Accuracy...
[15:59:46.836405][info][source ClassifierMultiPlatform.cpp][function CalculateAccuracy][line 57] Correct Count: 2.0
[15:59:46.836409][info][source ClassifierMultiPlatform.cpp][function CalculateAccuracy][line 58] Accuracy: 1.0
