[22:12:42.891257][info][source MainExecutable.cpp][function main][line 168] Batch-size: 3
[22:12:42.891363][info][source MainExecutable.cpp][function main][line 172] FPGA Image: /home/centos/deeppoint-v1-fpga/build/DeepPointV1FPGA_hw.awsxclbin
[22:12:42.891373][info][source MainExecutable.cpp][function main][line 177] Data Directory: /home/centos/deeppoint-v1-fpga/data
[22:12:42.891381][info][source MainExecutable.cpp][function main][line 214] ======================================================
[22:12:42.891385][info][source MainExecutable.cpp][function main][line 215] Running Selected ModelArch ...
[22:12:42.891399][warning][source XilinxImplementation.cpp][function XilinxImplementation][line 23] XCL_EMULATION_MODE is not set. System run(real FPGA) is considered.
[22:12:43.575892][info][source ClassifierMultiPlatform.cpp][function ClassifierMultiplatform][line 69] PCL NPY PATH: /home/centos/deeppoint-v1-fpga/data/dataset/dataset_B2048_pcl.npy
[22:12:43.575906][info][source ClassifierMultiPlatform.cpp][function ClassifierMultiplatform][line 70] LBL NPY PATH: /home/centos/deeppoint-v1-fpga/data/dataset/dataset_B2048_labels_int32.npy
[22:12:43.588670][info][source ModelArchTop02.cpp][function Execute][line 521] Starting Process...
[22:12:43.588691][info][source ModelArchTop02.cpp][function Execute][line 522] Batch Size: 3
[22:12:43.588696][info][source ModelArchTop02.cpp][function Execute][line 523] Point Count: 1024
[22:12:45.356464][info][source ModelArchTop02.cpp][function Execute][line 559] DGCCN0 Started...
[22:12:45.965779][info][source ModelArchTop02.cpp][function Execute][line 603] DGCCN1 Started...
[22:12:46.785908][info][source ModelArchTop02.cpp][function Execute][line 645] DGCCN2 Started...
[22:12:47.607819][info][source ModelArchTop02.cpp][function Execute][line 687] DGCCN3 Started...
[22:12:48.571384][info][source ModelArchTop02.cpp][function Execute][line 728] Agg Layer Started...
[22:12:48.846184][info][source ModelArchTop02.cpp][function Execute][line 795] FC Layer1 Started...
[22:12:48.869230][info][source ModelArchTop02.cpp][function Execute][line 828] FC Layer2 Started...
[22:12:48.886707][info][source ModelArchTop02.cpp][function Execute][line 862] FC Layer3 Started...
[22:12:48.888517][info][source ModelArchTop02.cpp][function Execute][line 874] Dumping Optimization Objective Started...
[22:12:48.888976][info][source ModelArchTop02.cpp][function Execute][line 876] Dumping Optimization Objective Finished.
[22:12:48.889222][info][source ClassifierMultiPlatform.cpp][function ClassifierMultiplatform][line 77] Model execution time with batchsize(3): 5.300545930862427 Seconds
[22:12:48.889233][info][source ClassifierMultiPlatform.cpp][function CalculateAccuracy][line 15] Computing Accuracy...
[22:12:48.889245][info][source ClassifierMultiPlatform.cpp][function CalculateAccuracy][line 57] Correct Count: 3.0
[22:12:48.889250][info][source ClassifierMultiPlatform.cpp][function CalculateAccuracy][line 58] Accuracy: 1.0
