[19:33:57.513954][info][source MainExecutable.cpp][function main][line 168] Batch-size: 100
[19:33:57.514055][info][source MainExecutable.cpp][function main][line 172] FPGA Image: /mnt/mydrive/00_workspace/01_fpgaruns/deeppoint-v1-fpga/build1/DeepPointV1FPGA_hw.awsxclbin
[19:33:57.514064][info][source MainExecutable.cpp][function main][line 177] Data Directory: /mnt/mydrive/00_workspace/01_fpgaruns/deeppoint-v1-fpga/data
[19:33:57.514072][info][source MainExecutable.cpp][function main][line 214] ======================================================
[19:33:57.514076][info][source MainExecutable.cpp][function main][line 215] Running Selected ModelArch ...
[19:33:57.514094][warning][source XilinxImplementation.cpp][function XilinxImplementation][line 23] XCL_EMULATION_MODE is not set. System run(real FPGA) is considered.
[19:33:57.844460][trace][source xcl2.cpp][function get_devices][line 49] Found Platform
[19:33:57.844483][trace][source xcl2.cpp][function get_devices][line 50] Platform Name: Xilinx
[19:33:57.844535][trace][source XilinxImplementation.cpp][function XilinxImplementation][line 36] Xilinx Devices Found: 1
[19:33:57.844540][trace][source XilinxImplementation.cpp][function XilinxImplementation][line 39] Using device index 0
[19:33:57.844651][trace][source XilinxImplementation.cpp][function XilinxImplementation][line 45] Found Device: xilinx_aws-vu9p-f1-04261818_dynamic_5_0
[19:33:57.844658][trace][source xcl2.cpp][function read_binary_file][line 69] Reading /mnt/mydrive/00_workspace/01_fpgaruns/deeppoint-v1-fpga/build1/DeepPointV1FPGA_hw.awsxclbin
[19:33:57.844671][trace][source xcl2.cpp][function read_binary_file][line 76] Loading /mnt/mydrive/00_workspace/01_fpgaruns/deeppoint-v1-fpga/build1/DeepPointV1FPGA_hw.awsxclbin
[19:33:58.080041][trace][source PlatformSelector.cpp][function PlatformSelector][line 53] Weights Dir: /mnt/mydrive/00_workspace/01_fpgaruns/deeppoint-v1-fpga/data/weights/
[19:33:58.080057][trace][source PlatformSelector.cpp][function PlatformSelector][line 54] Weights File List Path: /mnt/mydrive/00_workspace/01_fpgaruns/deeppoint-v1-fpga/data/weights/filelist.txt
[19:33:58.080647][debug][source WeightsLoader.cpp][function _ResolveMemoryBankOclXilinx][line 328] The weight tensor "agg.biases.npy" is considered to be related to the layer "Conv2" and will be transfered to the DDR bank 1
[19:33:58.080833][debug][source WeightsLoader.cpp][function _ResolveMemoryBankOclXilinx][line 333] The weight tensor "agg.bn.agg.bn.moments.Squeeze_1.ExponentialMovingAverage.npy" is considered to be related to the layer "MatOps" and will be transfered to the DDR bank 1
[19:33:58.081009][debug][source WeightsLoader.cpp][function _ResolveMemoryBankOclXilinx][line 333] The weight tensor "agg.bn.agg.bn.moments.Squeeze.ExponentialMovingAverage.npy" is considered to be related to the layer "MatOps" and will be transfered to the DDR bank 1
[19:33:58.081471][debug][source WeightsLoader.cpp][function _ResolveMemoryBankOclXilinx][line 333] The weight tensor "agg.bn.beta.npy" is considered to be related to the layer "MatOps" and will be transfered to the DDR bank 1
[19:33:58.081947][debug][source WeightsLoader.cpp][function _ResolveMemoryBankOclXilinx][line 333] The weight tensor "agg.bn.gamma.npy" is considered to be related to the layer "MatOps" and will be transfered to the DDR bank 1
[19:33:58.089529][debug][source WeightsLoader.cpp][function _ResolveMemoryBankOclXilinx][line 328] The weight tensor "agg.weights.npy" is considered to be related to the layer "Conv2" and will be transfered to the DDR bank 1
[19:33:58.092467][debug][source WeightsLoader.cpp][function _ResolveMemoryBankOclXilinx][line 328] The weight tensor "dgcnn1.biases.npy" is considered to be related to the layer "Conv2" and will be transfered to the DDR bank 1
[19:33:58.092929][debug][source WeightsLoader.cpp][function _ResolveMemoryBankOclXilinx][line 333] The weight tensor "dgcnn1.bn.beta.npy" is considered to be related to the layer "MatOps" and will be transfered to the DDR bank 1
[19:33:58.093094][debug][source WeightsLoader.cpp][function _ResolveMemoryBankOclXilinx][line 333] The weight tensor "dgcnn1.bn.dgcnn1.bn.moments.Squeeze_1.ExponentialMovingAverage.npy" is considered to be related to the layer "MatOps" and will be transfered to the DDR bank 1
[19:33:58.093282][debug][source WeightsLoader.cpp][function _ResolveMemoryBankOclXilinx][line 333] The weight tensor "dgcnn1.bn.dgcnn1.bn.moments.Squeeze.ExponentialMovingAverage.npy" is considered to be related to the layer "MatOps" and will be transfered to the DDR bank 1
[19:33:58.093725][debug][source WeightsLoader.cpp][function _ResolveMemoryBankOclXilinx][line 333] The weight tensor "dgcnn1.bn.gamma.npy" is considered to be related to the layer "MatOps" and will be transfered to the DDR bank 1
[19:33:58.094171][debug][source WeightsLoader.cpp][function _ResolveMemoryBankOclXilinx][line 328] The weight tensor "dgcnn1.weights.npy" is considered to be related to the layer "Conv2" and will be transfered to the DDR bank 1
[19:33:58.094618][debug][source WeightsLoader.cpp][function _ResolveMemoryBankOclXilinx][line 328] The weight tensor "dgcnn2.biases.npy" is considered to be related to the layer "Conv2" and will be transfered to the DDR bank 1
[19:33:58.095055][debug][source WeightsLoader.cpp][function _ResolveMemoryBankOclXilinx][line 333] The weight tensor "dgcnn2.bn.beta.npy" is considered to be related to the layer "MatOps" and will be transfered to the DDR bank 1
[19:33:58.095225][debug][source WeightsLoader.cpp][function _ResolveMemoryBankOclXilinx][line 333] The weight tensor "dgcnn2.bn.dgcnn2.bn.moments.Squeeze_1.ExponentialMovingAverage.npy" is considered to be related to the layer "MatOps" and will be transfered to the DDR bank 1
[19:33:58.095379][debug][source WeightsLoader.cpp][function _ResolveMemoryBankOclXilinx][line 333] The weight tensor "dgcnn2.bn.dgcnn2.bn.moments.Squeeze.ExponentialMovingAverage.npy" is considered to be related to the layer "MatOps" and will be transfered to the DDR bank 1
[19:33:58.095827][debug][source WeightsLoader.cpp][function _ResolveMemoryBankOclXilinx][line 333] The weight tensor "dgcnn2.bn.gamma.npy" is considered to be related to the layer "MatOps" and will be transfered to the DDR bank 1
[19:33:58.096390][debug][source WeightsLoader.cpp][function _ResolveMemoryBankOclXilinx][line 328] The weight tensor "dgcnn2.weights.npy" is considered to be related to the layer "Conv2" and will be transfered to the DDR bank 1
[19:33:58.096882][debug][source WeightsLoader.cpp][function _ResolveMemoryBankOclXilinx][line 328] The weight tensor "dgcnn3.biases.npy" is considered to be related to the layer "Conv2" and will be transfered to the DDR bank 1
[19:33:58.097309][debug][source WeightsLoader.cpp][function _ResolveMemoryBankOclXilinx][line 333] The weight tensor "dgcnn3.bn.beta.npy" is considered to be related to the layer "MatOps" and will be transfered to the DDR bank 1
[19:33:58.097461][debug][source WeightsLoader.cpp][function _ResolveMemoryBankOclXilinx][line 333] The weight tensor "dgcnn3.bn.dgcnn3.bn.moments.Squeeze_1.ExponentialMovingAverage.npy" is considered to be related to the layer "MatOps" and will be transfered to the DDR bank 1
[19:33:58.097625][debug][source WeightsLoader.cpp][function _ResolveMemoryBankOclXilinx][line 333] The weight tensor "dgcnn3.bn.dgcnn3.bn.moments.Squeeze.ExponentialMovingAverage.npy" is considered to be related to the layer "MatOps" and will be transfered to the DDR bank 1
[19:33:58.098081][debug][source WeightsLoader.cpp][function _ResolveMemoryBankOclXilinx][line 333] The weight tensor "dgcnn3.bn.gamma.npy" is considered to be related to the layer "MatOps" and will be transfered to the DDR bank 1
[19:33:58.098656][debug][source WeightsLoader.cpp][function _ResolveMemoryBankOclXilinx][line 328] The weight tensor "dgcnn3.weights.npy" is considered to be related to the layer "Conv2" and will be transfered to the DDR bank 1
[19:33:58.099135][debug][source WeightsLoader.cpp][function _ResolveMemoryBankOclXilinx][line 328] The weight tensor "dgcnn4.biases.npy" is considered to be related to the layer "Conv2" and will be transfered to the DDR bank 1
[19:33:58.099591][debug][source WeightsLoader.cpp][function _ResolveMemoryBankOclXilinx][line 333] The weight tensor "dgcnn4.bn.beta.npy" is considered to be related to the layer "MatOps" and will be transfered to the DDR bank 1
[19:33:58.099754][debug][source WeightsLoader.cpp][function _ResolveMemoryBankOclXilinx][line 333] The weight tensor "dgcnn4.bn.dgcnn4.bn.moments.Squeeze_1.ExponentialMovingAverage.npy" is considered to be related to the layer "MatOps" and will be transfered to the DDR bank 1
[19:33:58.099911][debug][source WeightsLoader.cpp][function _ResolveMemoryBankOclXilinx][line 333] The weight tensor "dgcnn4.bn.dgcnn4.bn.moments.Squeeze.ExponentialMovingAverage.npy" is considered to be related to the layer "MatOps" and will be transfered to the DDR bank 1
[19:33:58.100352][debug][source WeightsLoader.cpp][function _ResolveMemoryBankOclXilinx][line 333] The weight tensor "dgcnn4.bn.gamma.npy" is considered to be related to the layer "MatOps" and will be transfered to the DDR bank 1
[19:33:58.101033][debug][source WeightsLoader.cpp][function _ResolveMemoryBankOclXilinx][line 328] The weight tensor "dgcnn4.weights.npy" is considered to be related to the layer "Conv2" and will be transfered to the DDR bank 1
[19:33:58.101575][debug][source WeightsLoader.cpp][function _ResolveMemoryBankOclXilinx][line 333] The weight tensor "fc1.biases.npy" is considered to be related to the layer "MatOps" and will be transfered to the DDR bank 1
[19:33:58.102032][debug][source WeightsLoader.cpp][function _ResolveMemoryBankOclXilinx][line 333] The weight tensor "fc1.bn.beta.npy" is considered to be related to the layer "MatOps" and will be transfered to the DDR bank 1
[19:33:58.102190][debug][source WeightsLoader.cpp][function _ResolveMemoryBankOclXilinx][line 333] The weight tensor "fc1.bn.fc1.bn.moments.Squeeze_1.ExponentialMovingAverage.npy" is considered to be related to the layer "MatOps" and will be transfered to the DDR bank 1
[19:33:58.102354][debug][source WeightsLoader.cpp][function _ResolveMemoryBankOclXilinx][line 333] The weight tensor "fc1.bn.fc1.bn.moments.Squeeze.ExponentialMovingAverage.npy" is considered to be related to the layer "MatOps" and will be transfered to the DDR bank 1
[19:33:58.102804][debug][source WeightsLoader.cpp][function _ResolveMemoryBankOclXilinx][line 333] The weight tensor "fc1.bn.gamma.npy" is considered to be related to the layer "MatOps" and will be transfered to the DDR bank 1
[19:33:58.115055][debug][source WeightsLoader.cpp][function _ResolveMemoryBankOclXilinx][line 338] The weight tensor "fc1.weights.npy" is considered to be related to the layer "MatMul" and will be transfered to the DDR bank 2
[19:33:58.119272][debug][source WeightsLoader.cpp][function _ResolveMemoryBankOclXilinx][line 333] The weight tensor "fc2.biases.npy" is considered to be related to the layer "MatOps" and will be transfered to the DDR bank 1
[19:33:58.119739][debug][source WeightsLoader.cpp][function _ResolveMemoryBankOclXilinx][line 333] The weight tensor "fc2.bn.beta.npy" is considered to be related to the layer "MatOps" and will be transfered to the DDR bank 1
[19:33:58.119897][debug][source WeightsLoader.cpp][function _ResolveMemoryBankOclXilinx][line 333] The weight tensor "fc2.bn.fc2.bn.moments.Squeeze_1.ExponentialMovingAverage.npy" is considered to be related to the layer "MatOps" and will be transfered to the DDR bank 1
[19:33:58.120053][debug][source WeightsLoader.cpp][function _ResolveMemoryBankOclXilinx][line 333] The weight tensor "fc2.bn.fc2.bn.moments.Squeeze.ExponentialMovingAverage.npy" is considered to be related to the layer "MatOps" and will be transfered to the DDR bank 1
[19:33:58.120488][debug][source WeightsLoader.cpp][function _ResolveMemoryBankOclXilinx][line 333] The weight tensor "fc2.bn.gamma.npy" is considered to be related to the layer "MatOps" and will be transfered to the DDR bank 1
[19:33:58.122771][debug][source WeightsLoader.cpp][function _ResolveMemoryBankOclXilinx][line 338] The weight tensor "fc2.weights.npy" is considered to be related to the layer "MatMul" and will be transfered to the DDR bank 2
[19:33:58.123914][debug][source WeightsLoader.cpp][function _ResolveMemoryBankOclXilinx][line 333] The weight tensor "fc3.biases.npy" is considered to be related to the layer "MatOps" and will be transfered to the DDR bank 1
[19:33:58.124509][debug][source WeightsLoader.cpp][function _ResolveMemoryBankOclXilinx][line 338] The weight tensor "fc3.weights.npy" is considered to be related to the layer "MatMul" and will be transfered to the DDR bank 2
[19:33:58.125015][debug][source WeightsLoader.cpp][function _ResolveMemoryBankOclXilinx][line 328] The weight tensor "transform_net1.tconv1.biases.npy" is considered to be related to the layer "Conv2" and will be transfered to the DDR bank 1
[19:33:58.125432][debug][source WeightsLoader.cpp][function _ResolveMemoryBankOclXilinx][line 333] The weight tensor "transform_net1.tconv1.bn.beta.npy" is considered to be related to the layer "MatOps" and will be transfered to the DDR bank 1
[19:33:58.125861][debug][source WeightsLoader.cpp][function _ResolveMemoryBankOclXilinx][line 333] The weight tensor "transform_net1.tconv1.bn.gamma.npy" is considered to be related to the layer "MatOps" and will be transfered to the DDR bank 1
[19:33:58.126010][debug][source WeightsLoader.cpp][function _ResolveMemoryBankOclXilinx][line 333] The weight tensor "transform_net1.tconv1.bn.transform_net1.tconv1.bn.moments.Squeeze_1.ExponentialMovingAverage.npy" is considered to be related to the layer "MatOps" and will be transfered to the DDR bank 1
[19:33:58.126172][debug][source WeightsLoader.cpp][function _ResolveMemoryBankOclXilinx][line 333] The weight tensor "transform_net1.tconv1.bn.transform_net1.tconv1.bn.moments.Squeeze.ExponentialMovingAverage.npy" is considered to be related to the layer "MatOps" and will be transfered to the DDR bank 1
[19:33:58.126615][debug][source WeightsLoader.cpp][function _ResolveMemoryBankOclXilinx][line 328] The weight tensor "transform_net1.tconv1.weights.npy" is considered to be related to the layer "Conv2" and will be transfered to the DDR bank 1
[19:33:58.127032][debug][source WeightsLoader.cpp][function _ResolveMemoryBankOclXilinx][line 328] The weight tensor "transform_net1.tconv2.biases.npy" is considered to be related to the layer "Conv2" and will be transfered to the DDR bank 1
[19:33:58.127468][debug][source WeightsLoader.cpp][function _ResolveMemoryBankOclXilinx][line 333] The weight tensor "transform_net1.tconv2.bn.beta.npy" is considered to be related to the layer "MatOps" and will be transfered to the DDR bank 1
[19:33:58.127905][debug][source WeightsLoader.cpp][function _ResolveMemoryBankOclXilinx][line 333] The weight tensor "transform_net1.tconv2.bn.gamma.npy" is considered to be related to the layer "MatOps" and will be transfered to the DDR bank 1
[19:33:58.128053][debug][source WeightsLoader.cpp][function _ResolveMemoryBankOclXilinx][line 333] The weight tensor "transform_net1.tconv2.bn.transform_net1.tconv2.bn.moments.Squeeze_1.ExponentialMovingAverage.npy" is considered to be related to the layer "MatOps" and will be transfered to the DDR bank 1
[19:33:58.128202][debug][source WeightsLoader.cpp][function _ResolveMemoryBankOclXilinx][line 333] The weight tensor "transform_net1.tconv2.bn.transform_net1.tconv2.bn.moments.Squeeze.ExponentialMovingAverage.npy" is considered to be related to the layer "MatOps" and will be transfered to the DDR bank 1
[19:33:58.128755][debug][source WeightsLoader.cpp][function _ResolveMemoryBankOclXilinx][line 328] The weight tensor "transform_net1.tconv2.weights.npy" is considered to be related to the layer "Conv2" and will be transfered to the DDR bank 1
[19:33:58.129227][debug][source WeightsLoader.cpp][function _ResolveMemoryBankOclXilinx][line 328] The weight tensor "transform_net1.tconv3.biases.npy" is considered to be related to the layer "Conv2" and will be transfered to the DDR bank 1
[19:33:58.129678][debug][source WeightsLoader.cpp][function _ResolveMemoryBankOclXilinx][line 333] The weight tensor "transform_net1.tconv3.bn.beta.npy" is considered to be related to the layer "MatOps" and will be transfered to the DDR bank 1
[19:33:58.130122][debug][source WeightsLoader.cpp][function _ResolveMemoryBankOclXilinx][line 333] The weight tensor "transform_net1.tconv3.bn.gamma.npy" is considered to be related to the layer "MatOps" and will be transfered to the DDR bank 1
[19:33:58.130275][debug][source WeightsLoader.cpp][function _ResolveMemoryBankOclXilinx][line 333] The weight tensor "transform_net1.tconv3.bn.transform_net1.tconv3.bn.moments.Squeeze_1.ExponentialMovingAverage.npy" is considered to be related to the layer "MatOps" and will be transfered to the DDR bank 1
[19:33:58.130429][debug][source WeightsLoader.cpp][function _ResolveMemoryBankOclXilinx][line 333] The weight tensor "transform_net1.tconv3.bn.transform_net1.tconv3.bn.moments.Squeeze.ExponentialMovingAverage.npy" is considered to be related to the layer "MatOps" and will be transfered to the DDR bank 1
[19:33:58.132641][debug][source WeightsLoader.cpp][function _ResolveMemoryBankOclXilinx][line 328] The weight tensor "transform_net1.tconv3.weights.npy" is considered to be related to the layer "Conv2" and will be transfered to the DDR bank 1
[19:33:58.133752][debug][source WeightsLoader.cpp][function _ResolveMemoryBankOclXilinx][line 333] The weight tensor "transform_net1.tfc1.biases.npy" is considered to be related to the layer "MatOps" and will be transfered to the DDR bank 1
[19:33:58.134189][debug][source WeightsLoader.cpp][function _ResolveMemoryBankOclXilinx][line 333] The weight tensor "transform_net1.tfc1.bn.beta.npy" is considered to be related to the layer "MatOps" and will be transfered to the DDR bank 1
[19:33:58.134622][debug][source WeightsLoader.cpp][function _ResolveMemoryBankOclXilinx][line 333] The weight tensor "transform_net1.tfc1.bn.gamma.npy" is considered to be related to the layer "MatOps" and will be transfered to the DDR bank 1
[19:33:58.134775][debug][source WeightsLoader.cpp][function _ResolveMemoryBankOclXilinx][line 333] The weight tensor "transform_net1.tfc1.bn.transform_net1.tfc1.bn.moments.Squeeze_1.ExponentialMovingAverage.npy" is considered to be related to the layer "MatOps" and will be transfered to the DDR bank 1
[19:33:58.134929][debug][source WeightsLoader.cpp][function _ResolveMemoryBankOclXilinx][line 333] The weight tensor "transform_net1.tfc1.bn.transform_net1.tfc1.bn.moments.Squeeze.ExponentialMovingAverage.npy" is considered to be related to the layer "MatOps" and will be transfered to the DDR bank 1
[19:33:58.145254][debug][source WeightsLoader.cpp][function _ResolveMemoryBankOclXilinx][line 338] The weight tensor "transform_net1.tfc1.weights.npy" is considered to be related to the layer "MatMul" and will be transfered to the DDR bank 2
[19:33:58.149604][debug][source WeightsLoader.cpp][function _ResolveMemoryBankOclXilinx][line 333] The weight tensor "transform_net1.tfc2.biases.npy" is considered to be related to the layer "MatOps" and will be transfered to the DDR bank 1
[19:33:58.150034][debug][source WeightsLoader.cpp][function _ResolveMemoryBankOclXilinx][line 333] The weight tensor "transform_net1.tfc2.bn.beta.npy" is considered to be related to the layer "MatOps" and will be transfered to the DDR bank 1
[19:33:58.150454][debug][source WeightsLoader.cpp][function _ResolveMemoryBankOclXilinx][line 333] The weight tensor "transform_net1.tfc2.bn.gamma.npy" is considered to be related to the layer "MatOps" and will be transfered to the DDR bank 1
[19:33:58.150623][debug][source WeightsLoader.cpp][function _ResolveMemoryBankOclXilinx][line 333] The weight tensor "transform_net1.tfc2.bn.transform_net1.tfc2.bn.moments.Squeeze_1.ExponentialMovingAverage.npy" is considered to be related to the layer "MatOps" and will be transfered to the DDR bank 1
[19:33:58.150777][debug][source WeightsLoader.cpp][function _ResolveMemoryBankOclXilinx][line 333] The weight tensor "transform_net1.tfc2.bn.transform_net1.tfc2.bn.moments.Squeeze.ExponentialMovingAverage.npy" is considered to be related to the layer "MatOps" and will be transfered to the DDR bank 1
[19:33:58.152978][debug][source WeightsLoader.cpp][function _ResolveMemoryBankOclXilinx][line 338] The weight tensor "transform_net1.tfc2.weights.npy" is considered to be related to the layer "MatMul" and will be transfered to the DDR bank 2
[19:33:58.154896][info][source ClassifierMultiPlatform.cpp][function ClassifierMultiplatform][line 69] PCL NPY PATH: /mnt/mydrive/00_workspace/01_fpgaruns/deeppoint-v1-fpga/data/dataset/dataset_B2048_pcl.npy
[19:33:58.154910][info][source ClassifierMultiPlatform.cpp][function ClassifierMultiplatform][line 70] LBL NPY PATH: /mnt/mydrive/00_workspace/01_fpgaruns/deeppoint-v1-fpga/data/dataset/dataset_B2048_labels_int32.npy
[19:33:58.166968][info][source ModelArchTop02.cpp][function Execute][line 521] Starting Process...
[19:33:58.166987][info][source ModelArchTop02.cpp][function Execute][line 522] Batch Size: 100
[19:33:58.166992][info][source ModelArchTop02.cpp][function Execute][line 523] Point Count: 1024
[19:33:58.211283][debug][source DataMover.cpp][function LaunchDataMover][line 140] Internal data-mover kernel executed successfully
[19:33:58.330659][debug][source DataMover.cpp][function LaunchDataMover][line 140] Internal data-mover kernel executed successfully
[19:33:58.331946][debug][source OclTensorF.cpp][function CloneIfNeededToDDRBank][line 227] CloneIfNeededToDDRBank: same banks detected, returning the original tensor
[19:33:59.509406][debug][source DataMover.cpp][function LaunchDataMover][line 140] Internal data-mover kernel executed successfully
[19:33:59.579059][debug][source OclTensorF.cpp][function CloneIfNeededToDDRBank][line 227] CloneIfNeededToDDRBank: same banks detected, returning the original tensor
[19:34:00.145027][debug][source OclTensorF.cpp][function CloneIfNeededToDDRBank][line 227] CloneIfNeededToDDRBank: same banks detected, returning the original tensor
[19:34:00.168495][debug][source OclTensorF.cpp][function CloneIfNeededToDDRBank][line 227] CloneIfNeededToDDRBank: same banks detected, returning the original tensor
[19:34:00.205335][debug][source OclTensorF.cpp][function CloneIfNeededToDDRBank][line 227] CloneIfNeededToDDRBank: same banks detected, returning the original tensor
[19:34:00.464726][debug][source OclTensorF.cpp][function CloneIfNeededToDDRBank][line 227] CloneIfNeededToDDRBank: same banks detected, returning the original tensor
[19:34:00.724130][debug][source OclTensorF.cpp][function CloneIfNeededToDDRBank][line 227] CloneIfNeededToDDRBank: same banks detected, returning the original tensor
[19:34:00.724159][debug][source OclTensorF.cpp][function CloneIfNeededToDDRBank][line 227] CloneIfNeededToDDRBank: same banks detected, returning the original tensor
[19:34:01.313723][debug][source OclTensorF.cpp][function CloneIfNeededToDDRBank][line 227] CloneIfNeededToDDRBank: same banks detected, returning the original tensor
[19:34:01.313751][debug][source OclTensorF.cpp][function CloneIfNeededToDDRBank][line 227] CloneIfNeededToDDRBank: same banks detected, returning the original tensor
[19:34:03.292095][debug][source DataMover.cpp][function LaunchDataMover][line 140] Internal data-mover kernel executed successfully
[19:34:03.367146][debug][source XilinxImplementation.cpp][function TopK][line 1043] BatchSize: 102400
[19:34:03.367168][debug][source XilinxImplementation.cpp][function TopK][line 1044] vecsPerSlice: 64
[19:34:03.367172][debug][source XilinxImplementation.cpp][function TopK][line 1045] vecsPerOutputSlice: 2
[19:34:03.367176][debug][source XilinxImplementation.cpp][function TopK][line 1046] _dim2: 1024
[19:34:03.367180][debug][source XilinxImplementation.cpp][function TopK][line 1047] k: 20
[19:34:05.191782][debug][source DataMover.cpp][function LaunchDataMover][line 140] Internal data-mover kernel executed successfully
[19:34:05.193022][debug][source OclTensorI.cpp][function CloneIfNeededToDDRBank][line 227] CloneIfNeededToDDRBank: same banks detected, returning the original tensor(OclTensorI)
[19:34:05.381156][debug][source OclTensorF.cpp][function CloneIfNeededToDDRBank][line 227] CloneIfNeededToDDRBank: same banks detected, returning the original tensor
[19:34:05.927941][debug][source DataMover.cpp][function LaunchDataMover][line 140] Internal data-mover kernel executed successfully
[19:34:05.950033][debug][source OclTensorF.cpp][function CloneIfNeededToDDRBank][line 227] CloneIfNeededToDDRBank: same banks detected, returning the original tensor
[19:34:06.202598][debug][source OclTensorF.cpp][function CloneIfNeededToDDRBank][line 227] CloneIfNeededToDDRBank: same banks detected, returning the original tensor
[19:34:06.202640][debug][source OclTensorF.cpp][function CloneIfNeededToDDRBank][line 227] CloneIfNeededToDDRBank: same banks detected, returning the original tensor
[19:34:08.368905][debug][source XilinxImplementation.cpp][function Conv2D][line 1151] vecSizeTranspose: 16
[19:34:08.368961][debug][source OclTensorF.cpp][function CloneIfNeededToDDRBank][line 227] CloneIfNeededToDDRBank: same banks detected, returning the original tensor
[19:34:08.374511][debug][source XilinxImplementation.cpp][function _PadUnpadLastDim][line 638] dim0: 6, dim1: 64, lastDimPadded: 256, lcm: 0, lastDimUnpadded: 0
[19:34:08.389335][debug][source XilinxImplementation.cpp][function Conv2D][line 1178] Padding weightTn(super-vec padding):
[19:34:08.389347][debug][source XilinxImplementation.cpp][function Conv2D][line 1179] D2: 64
[19:34:08.389351][debug][source XilinxImplementation.cpp][function Conv2D][line 1180] D2Padded: 256
[19:34:08.390283][debug][source OclTensorF.cpp][function CloneIfNeededToDDRBank][line 227] CloneIfNeededToDDRBank: same banks detected, returning the original tensor
[19:34:08.390300][debug][source OclTensorF.cpp][function CloneIfNeededToDDRBank][line 227] CloneIfNeededToDDRBank: same banks detected, returning the original tensor
[19:34:08.390308][debug][source OclTensorF.cpp][function CloneIfNeededToDDRBank][line 227] CloneIfNeededToDDRBank: same banks detected, returning the original tensor
[19:34:09.123287][debug][source XilinxImplementation.cpp][function Conv2D][line 1224] Launching Conv2 gemmHLS
[19:34:09.123314][debug][source XilinxImplementation.cpp][function Conv2D][line 1225] [N K M] = [2048000, 6, 256]
[19:34:10.287190][debug][source XilinxImplementation.cpp][function Conv2D][line 1233] Launching Conv2 gemmHLS...DONE
[19:34:10.287238][debug][source OclTensorF.cpp][function CloneIfNeededToDDRBank][line 227] CloneIfNeededToDDRBank: same banks detected, returning the original tensor
[19:34:10.478991][debug][source XilinxImplementation.cpp][function _PadUnpadLastDim][line 638] dim0: 2048000, dim1: 256, lastDimPadded: 0, lcm: 0, lastDimUnpadded: 64
[19:34:11.021183][debug][source XilinxImplementation.cpp][function Conv2D][line 1241] Unpadding results(super-vec unpadding)
[19:34:11.661337][debug][source OclTensorF.cpp][function CloneIfNeededToDDRBank][line 227] CloneIfNeededToDDRBank: same banks detected, returning the original tensor
[19:34:12.067397][debug][source OclTensorF.cpp][function CloneIfNeededToDDRBank][line 227] CloneIfNeededToDDRBank: same banks detected, returning the original tensor
[19:34:12.067415][debug][source OclTensorF.cpp][function CloneIfNeededToDDRBank][line 227] CloneIfNeededToDDRBank: same banks detected, returning the original tensor
[19:34:12.068127][debug][source OclTensorF.cpp][function CloneIfNeededToDDRBank][line 227] CloneIfNeededToDDRBank: same banks detected, returning the original tensor
[19:34:12.468306][debug][source OclTensorF.cpp][function CloneIfNeededToDDRBank][line 227] CloneIfNeededToDDRBank: same banks detected, returning the original tensor
[19:34:12.873935][debug][source OclTensorF.cpp][function CloneIfNeededToDDRBank][line 227] CloneIfNeededToDDRBank: same banks detected, returning the original tensor
[19:34:12.873952][debug][source OclTensorF.cpp][function CloneIfNeededToDDRBank][line 227] CloneIfNeededToDDRBank: same banks detected, returning the original tensor
[19:34:12.874666][debug][source OclTensorF.cpp][function CloneIfNeededToDDRBank][line 227] CloneIfNeededToDDRBank: same banks detected, returning the original tensor
[19:34:12.874681][debug][source OclTensorF.cpp][function CloneIfNeededToDDRBank][line 227] CloneIfNeededToDDRBank: same banks detected, returning the original tensor
[19:34:12.875287][debug][source OclTensorF.cpp][function CloneIfNeededToDDRBank][line 227] CloneIfNeededToDDRBank: same banks detected, returning the original tensor
[19:34:12.875300][debug][source OclTensorF.cpp][function CloneIfNeededToDDRBank][line 227] CloneIfNeededToDDRBank: same banks detected, returning the original tensor
[19:34:12.875913][debug][source OclTensorF.cpp][function CloneIfNeededToDDRBank][line 227] CloneIfNeededToDDRBank: same banks detected, returning the original tensor
[19:34:12.875927][debug][source OclTensorF.cpp][function CloneIfNeededToDDRBank][line 227] CloneIfNeededToDDRBank: same banks detected, returning the original tensor
[19:34:12.876538][debug][source OclTensorF.cpp][function CloneIfNeededToDDRBank][line 227] CloneIfNeededToDDRBank: same banks detected, returning the original tensor
[19:34:12.876551][debug][source OclTensorF.cpp][function CloneIfNeededToDDRBank][line 227] CloneIfNeededToDDRBank: same banks detected, returning the original tensor
[19:34:12.877299][debug][source OclTensorF.cpp][function CloneIfNeededToDDRBank][line 227] CloneIfNeededToDDRBank: same banks detected, returning the original tensor
[19:34:12.877312][debug][source OclTensorF.cpp][function CloneIfNeededToDDRBank][line 227] CloneIfNeededToDDRBank: same banks detected, returning the original tensor
[19:34:12.877919][debug][source OclTensorF.cpp][function CloneIfNeededToDDRBank][line 227] CloneIfNeededToDDRBank: same banks detected, returning the original tensor
[19:34:12.877933][debug][source OclTensorF.cpp][function CloneIfNeededToDDRBank][line 227] CloneIfNeededToDDRBank: same banks detected, returning the original tensor
[19:34:12.878641][debug][source OclTensorF.cpp][function CloneIfNeededToDDRBank][line 227] CloneIfNeededToDDRBank: same banks detected, returning the original tensor
[19:34:12.878654][debug][source OclTensorF.cpp][function CloneIfNeededToDDRBank][line 227] CloneIfNeededToDDRBank: same banks detected, returning the original tensor
[19:34:12.879197][debug][source OclTensorF.cpp][function CloneIfNeededToDDRBank][line 227] CloneIfNeededToDDRBank: same banks detected, returning the original tensor
[19:34:12.879211][debug][source OclTensorF.cpp][function CloneIfNeededToDDRBank][line 227] CloneIfNeededToDDRBank: same banks detected, returning the original tensor
[19:34:12.879780][debug][source OclTensorF.cpp][function CloneIfNeededToDDRBank][line 227] CloneIfNeededToDDRBank: same banks detected, returning the original tensor
[19:34:12.879794][debug][source OclTensorF.cpp][function CloneIfNeededToDDRBank][line 227] CloneIfNeededToDDRBank: same banks detected, returning the original tensor
[19:34:12.880344][debug][source OclTensorF.cpp][function CloneIfNeededToDDRBank][line 227] CloneIfNeededToDDRBank: same banks detected, returning the original tensor
[19:34:12.880357][debug][source OclTensorF.cpp][function CloneIfNeededToDDRBank][line 227] CloneIfNeededToDDRBank: same banks detected, returning the original tensor
[19:34:13.592585][debug][source OclTensorF.cpp][function CloneIfNeededToDDRBank][line 227] CloneIfNeededToDDRBank: same banks detected, returning the original tensor
[19:34:13.592607][debug][source OclTensorF.cpp][function CloneIfNeededToDDRBank][line 227] CloneIfNeededToDDRBank: same banks detected, returning the original tensor
[19:34:13.593297][debug][source OclTensorF.cpp][function CloneIfNeededToDDRBank][line 227] CloneIfNeededToDDRBank: same banks detected, returning the original tensor
[19:34:13.594657][debug][source OclTensorF.cpp][function CloneIfNeededToDDRBank][line 227] CloneIfNeededToDDRBank: same banks detected, returning the original tensor
[19:34:13.594670][debug][source OclTensorF.cpp][function CloneIfNeededToDDRBank][line 227] CloneIfNeededToDDRBank: same banks detected, returning the original tensor
[19:34:14.306565][debug][source OclTensorF.cpp][function CloneIfNeededToDDRBank][line 227] CloneIfNeededToDDRBank: same banks detected, returning the original tensor
[19:34:14.306593][debug][source OclTensorF.cpp][function CloneIfNeededToDDRBank][line 227] CloneIfNeededToDDRBank: same banks detected, returning the original tensor
[19:34:15.025475][debug][source OclTensorF.cpp][function CloneIfNeededToDDRBank][line 227] CloneIfNeededToDDRBank: same banks detected, returning the original tensor
[19:34:15.025499][debug][source OclTensorF.cpp][function CloneIfNeededToDDRBank][line 227] CloneIfNeededToDDRBank: same banks detected, returning the original tensor
[19:34:16.469277][debug][source OclTensorF.cpp][function CloneIfNeededToDDRBank][line 227] CloneIfNeededToDDRBank: same banks detected, returning the original tensor
[19:34:17.796240][debug][source XilinxImplementation.cpp][function Conv2D][line 1151] vecSizeTranspose: 16
[19:34:17.796323][debug][source OclTensorF.cpp][function CloneIfNeededToDDRBank][line 227] CloneIfNeededToDDRBank: same banks detected, returning the original tensor
[19:34:17.802104][debug][source XilinxImplementation.cpp][function _PadUnpadLastDim][line 638] dim0: 64, dim1: 128, lastDimPadded: 256, lcm: 0, lastDimUnpadded: 0
[19:34:17.802781][debug][source XilinxImplementation.cpp][function Conv2D][line 1178] Padding weightTn(super-vec padding):
[19:34:17.802793][debug][source XilinxImplementation.cpp][function Conv2D][line 1179] D2: 128
[19:34:17.802797][debug][source XilinxImplementation.cpp][function Conv2D][line 1180] D2Padded: 256
[19:34:17.802826][debug][source OclTensorF.cpp][function CloneIfNeededToDDRBank][line 227] CloneIfNeededToDDRBank: same banks detected, returning the original tensor
[19:34:17.802836][debug][source OclTensorF.cpp][function CloneIfNeededToDDRBank][line 227] CloneIfNeededToDDRBank: same banks detected, returning the original tensor
[19:34:17.802843][debug][source OclTensorF.cpp][function CloneIfNeededToDDRBank][line 227] CloneIfNeededToDDRBank: same banks detected, returning the original tensor
[19:34:18.549338][debug][source XilinxImplementation.cpp][function Conv2D][line 1224] Launching Conv2 gemmHLS
[19:34:18.549365][debug][source XilinxImplementation.cpp][function Conv2D][line 1225] [N K M] = [2048000, 64, 256]
[19:34:20.527658][debug][source XilinxImplementation.cpp][function Conv2D][line 1233] Launching Conv2 gemmHLS...DONE
[19:34:20.527712][debug][source OclTensorF.cpp][function CloneIfNeededToDDRBank][line 227] CloneIfNeededToDDRBank: same banks detected, returning the original tensor
[19:34:20.908809][debug][source XilinxImplementation.cpp][function _PadUnpadLastDim][line 638] dim0: 2048000, dim1: 256, lastDimPadded: 0, lcm: 0, lastDimUnpadded: 128
[19:34:21.980477][debug][source XilinxImplementation.cpp][function Conv2D][line 1241] Unpadding results(super-vec unpadding)
[19:34:23.251229][debug][source OclTensorF.cpp][function CloneIfNeededToDDRBank][line 227] CloneIfNeededToDDRBank: same banks detected, returning the original tensor
[19:34:24.108702][debug][source OclTensorF.cpp][function CloneIfNeededToDDRBank][line 227] CloneIfNeededToDDRBank: same banks detected, returning the original tensor
[19:34:24.108718][debug][source OclTensorF.cpp][function CloneIfNeededToDDRBank][line 227] CloneIfNeededToDDRBank: same banks detected, returning the original tensor
[19:34:24.154468][debug][source OclTensorF.cpp][function CloneIfNeededToDDRBank][line 227] CloneIfNeededToDDRBank: same banks detected, returning the original tensor
[19:34:24.954333][debug][source OclTensorF.cpp][function CloneIfNeededToDDRBank][line 227] CloneIfNeededToDDRBank: same banks detected, returning the original tensor
[19:34:25.759719][debug][source OclTensorF.cpp][function CloneIfNeededToDDRBank][line 227] CloneIfNeededToDDRBank: same banks detected, returning the original tensor
[19:34:25.759742][debug][source OclTensorF.cpp][function CloneIfNeededToDDRBank][line 227] CloneIfNeededToDDRBank: same banks detected, returning the original tensor
[19:34:25.760519][debug][source OclTensorF.cpp][function CloneIfNeededToDDRBank][line 227] CloneIfNeededToDDRBank: same banks detected, returning the original tensor
[19:34:25.760535][debug][source OclTensorF.cpp][function CloneIfNeededToDDRBank][line 227] CloneIfNeededToDDRBank: same banks detected, returning the original tensor
[19:34:25.761203][debug][source OclTensorF.cpp][function CloneIfNeededToDDRBank][line 227] CloneIfNeededToDDRBank: same banks detected, returning the original tensor
[19:34:25.761216][debug][source OclTensorF.cpp][function CloneIfNeededToDDRBank][line 227] CloneIfNeededToDDRBank: same banks detected, returning the original tensor
[19:34:25.761794][debug][source OclTensorF.cpp][function CloneIfNeededToDDRBank][line 227] CloneIfNeededToDDRBank: same banks detected, returning the original tensor
[19:34:25.761807][debug][source OclTensorF.cpp][function CloneIfNeededToDDRBank][line 227] CloneIfNeededToDDRBank: same banks detected, returning the original tensor
[19:34:25.762497][debug][source OclTensorF.cpp][function CloneIfNeededToDDRBank][line 227] CloneIfNeededToDDRBank: same banks detected, returning the original tensor
[19:34:25.762510][debug][source OclTensorF.cpp][function CloneIfNeededToDDRBank][line 227] CloneIfNeededToDDRBank: same banks detected, returning the original tensor
[19:34:25.763297][debug][source OclTensorF.cpp][function CloneIfNeededToDDRBank][line 227] CloneIfNeededToDDRBank: same banks detected, returning the original tensor
[19:34:25.763313][debug][source OclTensorF.cpp][function CloneIfNeededToDDRBank][line 227] CloneIfNeededToDDRBank: same banks detected, returning the original tensor
[19:34:25.763922][debug][source OclTensorF.cpp][function CloneIfNeededToDDRBank][line 227] CloneIfNeededToDDRBank: same banks detected, returning the original tensor
[19:34:25.763936][debug][source OclTensorF.cpp][function CloneIfNeededToDDRBank][line 227] CloneIfNeededToDDRBank: same banks detected, returning the original tensor
[19:34:25.764616][debug][source OclTensorF.cpp][function CloneIfNeededToDDRBank][line 227] CloneIfNeededToDDRBank: same banks detected, returning the original tensor
[19:34:25.764629][debug][source OclTensorF.cpp][function CloneIfNeededToDDRBank][line 227] CloneIfNeededToDDRBank: same banks detected, returning the original tensor
[19:34:25.765193][debug][source OclTensorF.cpp][function CloneIfNeededToDDRBank][line 227] CloneIfNeededToDDRBank: same banks detected, returning the original tensor
[19:34:25.765206][debug][source OclTensorF.cpp][function CloneIfNeededToDDRBank][line 227] CloneIfNeededToDDRBank: same banks detected, returning the original tensor
[19:34:25.765736][debug][source OclTensorF.cpp][function CloneIfNeededToDDRBank][line 227] CloneIfNeededToDDRBank: same banks detected, returning the original tensor
[19:34:25.765748][debug][source OclTensorF.cpp][function CloneIfNeededToDDRBank][line 227] CloneIfNeededToDDRBank: same banks detected, returning the original tensor
[19:34:25.766291][debug][source OclTensorF.cpp][function CloneIfNeededToDDRBank][line 227] CloneIfNeededToDDRBank: same banks detected, returning the original tensor
[19:34:25.766303][debug][source OclTensorF.cpp][function CloneIfNeededToDDRBank][line 227] CloneIfNeededToDDRBank: same banks detected, returning the original tensor
[19:34:27.210310][debug][source OclTensorF.cpp][function CloneIfNeededToDDRBank][line 227] CloneIfNeededToDDRBank: same banks detected, returning the original tensor
[19:34:27.210333][debug][source OclTensorF.cpp][function CloneIfNeededToDDRBank][line 227] CloneIfNeededToDDRBank: same banks detected, returning the original tensor
[19:34:27.211028][debug][source OclTensorF.cpp][function CloneIfNeededToDDRBank][line 227] CloneIfNeededToDDRBank: same banks detected, returning the original tensor
[19:34:27.265781][debug][source OclTensorF.cpp][function CloneIfNeededToDDRBank][line 227] CloneIfNeededToDDRBank: same banks detected, returning the original tensor
[19:34:27.265802][debug][source OclTensorF.cpp][function CloneIfNeededToDDRBank][line 227] CloneIfNeededToDDRBank: same banks detected, returning the original tensor
[19:34:28.697856][debug][source OclTensorF.cpp][function CloneIfNeededToDDRBank][line 227] CloneIfNeededToDDRBank: same banks detected, returning the original tensor
[19:34:28.697876][debug][source OclTensorF.cpp][function CloneIfNeededToDDRBank][line 227] CloneIfNeededToDDRBank: same banks detected, returning the original tensor
[19:34:30.134000][debug][source OclTensorF.cpp][function CloneIfNeededToDDRBank][line 227] CloneIfNeededToDDRBank: same banks detected, returning the original tensor
[19:34:30.134026][debug][source OclTensorF.cpp][function CloneIfNeededToDDRBank][line 227] CloneIfNeededToDDRBank: same banks detected, returning the original tensor
[19:34:32.990285][debug][source OclTensorF.cpp][function CloneIfNeededToDDRBank][line 227] CloneIfNeededToDDRBank: same banks detected, returning the original tensor
[19:34:35.626496][debug][source OclTensorF.cpp][function CloneIfNeededToDDRBank][line 227] CloneIfNeededToDDRBank: same banks detected, returning the original tensor
[19:34:36.767973][debug][source XilinxImplementation.cpp][function Conv2D][line 1151] vecSizeTranspose: 16
[19:34:36.767995][debug][source XilinxImplementation.cpp][function Conv2D][line 1183] Bypassing super-vec padding for weightTn
[19:34:36.768017][debug][source OclTensorF.cpp][function CloneIfNeededToDDRBank][line 227] CloneIfNeededToDDRBank: same banks detected, returning the original tensor
[19:34:36.768026][debug][source OclTensorF.cpp][function CloneIfNeededToDDRBank][line 227] CloneIfNeededToDDRBank: same banks detected, returning the original tensor
[19:34:36.768062][debug][source OclTensorF.cpp][function CloneIfNeededToDDRBank][line 227] CloneIfNeededToDDRBank: same banks detected, returning the original tensor
[19:34:36.970048][debug][source XilinxImplementation.cpp][function Conv2D][line 1224] Launching Conv2 gemmHLS
[19:34:36.970073][debug][source XilinxImplementation.cpp][function Conv2D][line 1225] [N K M] = [102400, 128, 1024]
[19:34:37.569991][debug][source XilinxImplementation.cpp][function Conv2D][line 1233] Launching Conv2 gemmHLS...DONE
[19:34:37.570004][debug][source XilinxImplementation.cpp][function Conv2D][line 1244] Bypassing super-vec unpadding of results
[19:34:38.067631][debug][source OclTensorF.cpp][function CloneIfNeededToDDRBank][line 227] CloneIfNeededToDDRBank: same banks detected, returning the original tensor
[19:34:38.251024][debug][source OclTensorF.cpp][function CloneIfNeededToDDRBank][line 227] CloneIfNeededToDDRBank: same banks detected, returning the original tensor
[19:34:38.251038][debug][source OclTensorF.cpp][function CloneIfNeededToDDRBank][line 227] CloneIfNeededToDDRBank: same banks detected, returning the original tensor
[19:34:38.337986][debug][source OclTensorF.cpp][function CloneIfNeededToDDRBank][line 227] CloneIfNeededToDDRBank: same banks detected, returning the original tensor
[19:34:38.516175][debug][source OclTensorF.cpp][function CloneIfNeededToDDRBank][line 227] CloneIfNeededToDDRBank: same banks detected, returning the original tensor
[19:34:38.694460][debug][source OclTensorF.cpp][function CloneIfNeededToDDRBank][line 227] CloneIfNeededToDDRBank: same banks detected, returning the original tensor
[19:34:38.694473][debug][source OclTensorF.cpp][function CloneIfNeededToDDRBank][line 227] CloneIfNeededToDDRBank: same banks detected, returning the original tensor
[19:34:38.695195][debug][source OclTensorF.cpp][function CloneIfNeededToDDRBank][line 227] CloneIfNeededToDDRBank: same banks detected, returning the original tensor
[19:34:38.695208][debug][source OclTensorF.cpp][function CloneIfNeededToDDRBank][line 227] CloneIfNeededToDDRBank: same banks detected, returning the original tensor
[19:34:38.695767][debug][source OclTensorF.cpp][function CloneIfNeededToDDRBank][line 227] CloneIfNeededToDDRBank: same banks detected, returning the original tensor
[19:34:38.695780][debug][source OclTensorF.cpp][function CloneIfNeededToDDRBank][line 227] CloneIfNeededToDDRBank: same banks detected, returning the original tensor
[19:34:38.696396][debug][source OclTensorF.cpp][function CloneIfNeededToDDRBank][line 227] CloneIfNeededToDDRBank: same banks detected, returning the original tensor
[19:34:38.696413][debug][source OclTensorF.cpp][function CloneIfNeededToDDRBank][line 227] CloneIfNeededToDDRBank: same banks detected, returning the original tensor
[19:34:38.697150][debug][source OclTensorF.cpp][function CloneIfNeededToDDRBank][line 227] CloneIfNeededToDDRBank: same banks detected, returning the original tensor
[19:34:38.697164][debug][source OclTensorF.cpp][function CloneIfNeededToDDRBank][line 227] CloneIfNeededToDDRBank: same banks detected, returning the original tensor
[19:34:38.697930][debug][source OclTensorF.cpp][function CloneIfNeededToDDRBank][line 227] CloneIfNeededToDDRBank: same banks detected, returning the original tensor
[19:34:38.697945][debug][source OclTensorF.cpp][function CloneIfNeededToDDRBank][line 227] CloneIfNeededToDDRBank: same banks detected, returning the original tensor
[19:34:38.698499][debug][source OclTensorF.cpp][function CloneIfNeededToDDRBank][line 227] CloneIfNeededToDDRBank: same banks detected, returning the original tensor
[19:34:38.698512][debug][source OclTensorF.cpp][function CloneIfNeededToDDRBank][line 227] CloneIfNeededToDDRBank: same banks detected, returning the original tensor
[19:34:38.699302][debug][source OclTensorF.cpp][function CloneIfNeededToDDRBank][line 227] CloneIfNeededToDDRBank: same banks detected, returning the original tensor
[19:34:38.699316][debug][source OclTensorF.cpp][function CloneIfNeededToDDRBank][line 227] CloneIfNeededToDDRBank: same banks detected, returning the original tensor
[19:34:38.699925][debug][source OclTensorF.cpp][function CloneIfNeededToDDRBank][line 227] CloneIfNeededToDDRBank: same banks detected, returning the original tensor
[19:34:38.699938][debug][source OclTensorF.cpp][function CloneIfNeededToDDRBank][line 227] CloneIfNeededToDDRBank: same banks detected, returning the original tensor
[19:34:38.700504][debug][source OclTensorF.cpp][function CloneIfNeededToDDRBank][line 227] CloneIfNeededToDDRBank: same banks detected, returning the original tensor
[19:34:38.700518][debug][source OclTensorF.cpp][function CloneIfNeededToDDRBank][line 227] CloneIfNeededToDDRBank: same banks detected, returning the original tensor
[19:34:38.701134][debug][source OclTensorF.cpp][function CloneIfNeededToDDRBank][line 227] CloneIfNeededToDDRBank: same banks detected, returning the original tensor
[19:34:38.701148][debug][source OclTensorF.cpp][function CloneIfNeededToDDRBank][line 227] CloneIfNeededToDDRBank: same banks detected, returning the original tensor
[19:34:39.292116][debug][source OclTensorF.cpp][function CloneIfNeededToDDRBank][line 227] CloneIfNeededToDDRBank: same banks detected, returning the original tensor
[19:34:39.292139][debug][source OclTensorF.cpp][function CloneIfNeededToDDRBank][line 227] CloneIfNeededToDDRBank: same banks detected, returning the original tensor
[19:34:39.292789][debug][source OclTensorF.cpp][function CloneIfNeededToDDRBank][line 227] CloneIfNeededToDDRBank: same banks detected, returning the original tensor
[19:34:39.500067][debug][source OclTensorF.cpp][function CloneIfNeededToDDRBank][line 227] CloneIfNeededToDDRBank: same banks detected, returning the original tensor
[19:34:39.500088][debug][source OclTensorF.cpp][function CloneIfNeededToDDRBank][line 227] CloneIfNeededToDDRBank: same banks detected, returning the original tensor
[19:34:40.089706][debug][source OclTensorF.cpp][function CloneIfNeededToDDRBank][line 227] CloneIfNeededToDDRBank: same banks detected, returning the original tensor
[19:34:40.089728][debug][source OclTensorF.cpp][function CloneIfNeededToDDRBank][line 227] CloneIfNeededToDDRBank: same banks detected, returning the original tensor
[19:34:40.678276][debug][source OclTensorF.cpp][function CloneIfNeededToDDRBank][line 227] CloneIfNeededToDDRBank: same banks detected, returning the original tensor
[19:34:40.678297][debug][source OclTensorF.cpp][function CloneIfNeededToDDRBank][line 227] CloneIfNeededToDDRBank: same banks detected, returning the original tensor
[19:34:41.843070][debug][source OclTensorF.cpp][function CloneIfNeededToDDRBank][line 227] CloneIfNeededToDDRBank: same banks detected, returning the original tensor
[19:34:42.898708][debug][source OclTensorF.cpp][function CloneIfNeededToDDRBank][line 227] CloneIfNeededToDDRBank: same banks detected, returning the original tensor
[19:34:43.049325][debug][source DataMover.cpp][function LaunchDataMover][line 140] Internal data-mover kernel executed successfully
[19:34:43.049487][debug][source OclTensorF.cpp][function CloneIfNeededToDDRBank][line 227] CloneIfNeededToDDRBank: same banks detected, returning the original tensor
[19:34:43.116850][debug][source DataMover.cpp][function LaunchDataMover][line 140] Internal data-mover kernel executed successfully
[19:34:43.116972][debug][source OclTensorF.cpp][function CloneIfNeededToDDRBank][line 227] CloneIfNeededToDDRBank: same banks detected, returning the original tensor
[19:34:43.153178][debug][source OclTensorF.cpp][function CloneIfNeededToDDRBank][line 227] CloneIfNeededToDDRBank: same banks detected, returning the original tensor
[19:34:43.153985][debug][source OclTensorF.cpp][function CloneIfNeededToDDRBank][line 227] CloneIfNeededToDDRBank: same banks detected, returning the original tensor
[19:34:43.153999][debug][source OclTensorF.cpp][function CloneIfNeededToDDRBank][line 227] CloneIfNeededToDDRBank: same banks detected, returning the original tensor
[19:34:43.154627][debug][source OclTensorF.cpp][function CloneIfNeededToDDRBank][line 227] CloneIfNeededToDDRBank: same banks detected, returning the original tensor
[19:34:43.155284][debug][source OclTensorF.cpp][function CloneIfNeededToDDRBank][line 227] CloneIfNeededToDDRBank: same banks detected, returning the original tensor
[19:34:43.155991][debug][source OclTensorF.cpp][function CloneIfNeededToDDRBank][line 227] CloneIfNeededToDDRBank: same banks detected, returning the original tensor
[19:34:43.156005][debug][source OclTensorF.cpp][function CloneIfNeededToDDRBank][line 227] CloneIfNeededToDDRBank: same banks detected, returning the original tensor
[19:34:43.156704][debug][source OclTensorF.cpp][function CloneIfNeededToDDRBank][line 227] CloneIfNeededToDDRBank: same banks detected, returning the original tensor
[19:34:43.156717][debug][source OclTensorF.cpp][function CloneIfNeededToDDRBank][line 227] CloneIfNeededToDDRBank: same banks detected, returning the original tensor
[19:34:43.157289][debug][source OclTensorF.cpp][function CloneIfNeededToDDRBank][line 227] CloneIfNeededToDDRBank: same banks detected, returning the original tensor
[19:34:43.157301][debug][source OclTensorF.cpp][function CloneIfNeededToDDRBank][line 227] CloneIfNeededToDDRBank: same banks detected, returning the original tensor
[19:34:43.157891][debug][source OclTensorF.cpp][function CloneIfNeededToDDRBank][line 227] CloneIfNeededToDDRBank: same banks detected, returning the original tensor
[19:34:43.157903][debug][source OclTensorF.cpp][function CloneIfNeededToDDRBank][line 227] CloneIfNeededToDDRBank: same banks detected, returning the original tensor
[19:34:43.158592][debug][source OclTensorF.cpp][function CloneIfNeededToDDRBank][line 227] CloneIfNeededToDDRBank: same banks detected, returning the original tensor
[19:34:43.158607][debug][source OclTensorF.cpp][function CloneIfNeededToDDRBank][line 227] CloneIfNeededToDDRBank: same banks detected, returning the original tensor
[19:34:43.159312][debug][source OclTensorF.cpp][function CloneIfNeededToDDRBank][line 227] CloneIfNeededToDDRBank: same banks detected, returning the original tensor
[19:34:43.159326][debug][source OclTensorF.cpp][function CloneIfNeededToDDRBank][line 227] CloneIfNeededToDDRBank: same banks detected, returning the original tensor
[19:34:43.159944][debug][source OclTensorF.cpp][function CloneIfNeededToDDRBank][line 227] CloneIfNeededToDDRBank: same banks detected, returning the original tensor
[19:34:43.159957][debug][source OclTensorF.cpp][function CloneIfNeededToDDRBank][line 227] CloneIfNeededToDDRBank: same banks detected, returning the original tensor
[19:34:43.160606][debug][source OclTensorF.cpp][function CloneIfNeededToDDRBank][line 227] CloneIfNeededToDDRBank: same banks detected, returning the original tensor
[19:34:43.160619][debug][source OclTensorF.cpp][function CloneIfNeededToDDRBank][line 227] CloneIfNeededToDDRBank: same banks detected, returning the original tensor
[19:34:43.161153][debug][source OclTensorF.cpp][function CloneIfNeededToDDRBank][line 227] CloneIfNeededToDDRBank: same banks detected, returning the original tensor
[19:34:43.161165][debug][source OclTensorF.cpp][function CloneIfNeededToDDRBank][line 227] CloneIfNeededToDDRBank: same banks detected, returning the original tensor
[19:34:43.161720][debug][source OclTensorF.cpp][function CloneIfNeededToDDRBank][line 227] CloneIfNeededToDDRBank: same banks detected, returning the original tensor
[19:34:43.161734][debug][source OclTensorF.cpp][function CloneIfNeededToDDRBank][line 227] CloneIfNeededToDDRBank: same banks detected, returning the original tensor
[19:34:43.162300][debug][source OclTensorF.cpp][function CloneIfNeededToDDRBank][line 227] CloneIfNeededToDDRBank: same banks detected, returning the original tensor
[19:34:43.162317][debug][source OclTensorF.cpp][function CloneIfNeededToDDRBank][line 227] CloneIfNeededToDDRBank: same banks detected, returning the original tensor
[19:34:43.163266][debug][source OclTensorF.cpp][function CloneIfNeededToDDRBank][line 227] CloneIfNeededToDDRBank: same banks detected, returning the original tensor
[19:34:43.163279][debug][source OclTensorF.cpp][function CloneIfNeededToDDRBank][line 227] CloneIfNeededToDDRBank: same banks detected, returning the original tensor
[19:34:43.163835][debug][source OclTensorF.cpp][function CloneIfNeededToDDRBank][line 227] CloneIfNeededToDDRBank: same banks detected, returning the original tensor
[19:34:43.247701][debug][source OclTensorF.cpp][function CloneIfNeededToDDRBank][line 227] CloneIfNeededToDDRBank: same banks detected, returning the original tensor
[19:34:43.247716][debug][source OclTensorF.cpp][function CloneIfNeededToDDRBank][line 227] CloneIfNeededToDDRBank: same banks detected, returning the original tensor
[19:34:43.248533][debug][source OclTensorF.cpp][function CloneIfNeededToDDRBank][line 227] CloneIfNeededToDDRBank: same banks detected, returning the original tensor
[19:34:43.248546][debug][source OclTensorF.cpp][function CloneIfNeededToDDRBank][line 227] CloneIfNeededToDDRBank: same banks detected, returning the original tensor
[19:34:43.249521][debug][source OclTensorF.cpp][function CloneIfNeededToDDRBank][line 227] CloneIfNeededToDDRBank: same banks detected, returning the original tensor
[19:34:43.249537][debug][source OclTensorF.cpp][function CloneIfNeededToDDRBank][line 227] CloneIfNeededToDDRBank: same banks detected, returning the original tensor
[19:34:43.251042][debug][source OclTensorF.cpp][function CloneIfNeededToDDRBank][line 227] CloneIfNeededToDDRBank: same banks detected, returning the original tensor
[19:34:43.254590][debug][source DataMover.cpp][function LaunchDataMover][line 140] Internal data-mover kernel executed successfully
[19:34:43.254712][debug][source OclTensorF.cpp][function CloneIfNeededToDDRBank][line 227] CloneIfNeededToDDRBank: same banks detected, returning the original tensor
[19:34:43.270615][debug][source DataMover.cpp][function LaunchDataMover][line 140] Internal data-mover kernel executed successfully
[19:34:43.270740][debug][source OclTensorF.cpp][function CloneIfNeededToDDRBank][line 227] CloneIfNeededToDDRBank: same banks detected, returning the original tensor
[19:34:43.271719][debug][source OclTensorF.cpp][function CloneIfNeededToDDRBank][line 227] CloneIfNeededToDDRBank: same banks detected, returning the original tensor
[19:34:43.272493][debug][source OclTensorF.cpp][function CloneIfNeededToDDRBank][line 227] CloneIfNeededToDDRBank: same banks detected, returning the original tensor
[19:34:43.272507][debug][source OclTensorF.cpp][function CloneIfNeededToDDRBank][line 227] CloneIfNeededToDDRBank: same banks detected, returning the original tensor
[19:34:43.273132][debug][source OclTensorF.cpp][function CloneIfNeededToDDRBank][line 227] CloneIfNeededToDDRBank: same banks detected, returning the original tensor
[19:34:43.273668][debug][source OclTensorF.cpp][function CloneIfNeededToDDRBank][line 227] CloneIfNeededToDDRBank: same banks detected, returning the original tensor
[19:34:43.274324][debug][source OclTensorF.cpp][function CloneIfNeededToDDRBank][line 227] CloneIfNeededToDDRBank: same banks detected, returning the original tensor
[19:34:43.274338][debug][source OclTensorF.cpp][function CloneIfNeededToDDRBank][line 227] CloneIfNeededToDDRBank: same banks detected, returning the original tensor
[19:34:43.275069][debug][source OclTensorF.cpp][function CloneIfNeededToDDRBank][line 227] CloneIfNeededToDDRBank: same banks detected, returning the original tensor
[19:34:43.275082][debug][source OclTensorF.cpp][function CloneIfNeededToDDRBank][line 227] CloneIfNeededToDDRBank: same banks detected, returning the original tensor
[19:34:43.275675][debug][source OclTensorF.cpp][function CloneIfNeededToDDRBank][line 227] CloneIfNeededToDDRBank: same banks detected, returning the original tensor
[19:34:43.275688][debug][source OclTensorF.cpp][function CloneIfNeededToDDRBank][line 227] CloneIfNeededToDDRBank: same banks detected, returning the original tensor
[19:34:43.276234][debug][source OclTensorF.cpp][function CloneIfNeededToDDRBank][line 227] CloneIfNeededToDDRBank: same banks detected, returning the original tensor
[19:34:43.276247][debug][source OclTensorF.cpp][function CloneIfNeededToDDRBank][line 227] CloneIfNeededToDDRBank: same banks detected, returning the original tensor
[19:34:43.276860][debug][source OclTensorF.cpp][function CloneIfNeededToDDRBank][line 227] CloneIfNeededToDDRBank: same banks detected, returning the original tensor
[19:34:43.276873][debug][source OclTensorF.cpp][function CloneIfNeededToDDRBank][line 227] CloneIfNeededToDDRBank: same banks detected, returning the original tensor
[19:34:43.277511][debug][source OclTensorF.cpp][function CloneIfNeededToDDRBank][line 227] CloneIfNeededToDDRBank: same banks detected, returning the original tensor
[19:34:43.277524][debug][source OclTensorF.cpp][function CloneIfNeededToDDRBank][line 227] CloneIfNeededToDDRBank: same banks detected, returning the original tensor
[19:34:43.278079][debug][source OclTensorF.cpp][function CloneIfNeededToDDRBank][line 227] CloneIfNeededToDDRBank: same banks detected, returning the original tensor
[19:34:43.278092][debug][source OclTensorF.cpp][function CloneIfNeededToDDRBank][line 227] CloneIfNeededToDDRBank: same banks detected, returning the original tensor
[19:34:43.278766][debug][source OclTensorF.cpp][function CloneIfNeededToDDRBank][line 227] CloneIfNeededToDDRBank: same banks detected, returning the original tensor
[19:34:43.278780][debug][source OclTensorF.cpp][function CloneIfNeededToDDRBank][line 227] CloneIfNeededToDDRBank: same banks detected, returning the original tensor
[19:34:43.279366][debug][source OclTensorF.cpp][function CloneIfNeededToDDRBank][line 227] CloneIfNeededToDDRBank: same banks detected, returning the original tensor
[19:34:43.279378][debug][source OclTensorF.cpp][function CloneIfNeededToDDRBank][line 227] CloneIfNeededToDDRBank: same banks detected, returning the original tensor
[19:34:43.279935][debug][source OclTensorF.cpp][function CloneIfNeededToDDRBank][line 227] CloneIfNeededToDDRBank: same banks detected, returning the original tensor
[19:34:43.279948][debug][source OclTensorF.cpp][function CloneIfNeededToDDRBank][line 227] CloneIfNeededToDDRBank: same banks detected, returning the original tensor
[19:34:43.280484][debug][source OclTensorF.cpp][function CloneIfNeededToDDRBank][line 227] CloneIfNeededToDDRBank: same banks detected, returning the original tensor
[19:34:43.280496][debug][source OclTensorF.cpp][function CloneIfNeededToDDRBank][line 227] CloneIfNeededToDDRBank: same banks detected, returning the original tensor
[19:34:43.281304][debug][source OclTensorF.cpp][function CloneIfNeededToDDRBank][line 227] CloneIfNeededToDDRBank: same banks detected, returning the original tensor
[19:34:43.281316][debug][source OclTensorF.cpp][function CloneIfNeededToDDRBank][line 227] CloneIfNeededToDDRBank: same banks detected, returning the original tensor
[19:34:43.281902][debug][source OclTensorF.cpp][function CloneIfNeededToDDRBank][line 227] CloneIfNeededToDDRBank: same banks detected, returning the original tensor
[19:34:43.282486][debug][source OclTensorF.cpp][function CloneIfNeededToDDRBank][line 227] CloneIfNeededToDDRBank: same banks detected, returning the original tensor
[19:34:43.282500][debug][source OclTensorF.cpp][function CloneIfNeededToDDRBank][line 227] CloneIfNeededToDDRBank: same banks detected, returning the original tensor
[19:34:43.283207][debug][source OclTensorF.cpp][function CloneIfNeededToDDRBank][line 227] CloneIfNeededToDDRBank: same banks detected, returning the original tensor
[19:34:43.283222][debug][source OclTensorF.cpp][function CloneIfNeededToDDRBank][line 227] CloneIfNeededToDDRBank: same banks detected, returning the original tensor
[19:34:43.283884][debug][source OclTensorF.cpp][function CloneIfNeededToDDRBank][line 227] CloneIfNeededToDDRBank: same banks detected, returning the original tensor
[19:34:43.283898][debug][source OclTensorF.cpp][function CloneIfNeededToDDRBank][line 227] CloneIfNeededToDDRBank: same banks detected, returning the original tensor
[19:34:43.285121][debug][source OclTensorF.cpp][function CloneIfNeededToDDRBank][line 227] CloneIfNeededToDDRBank: same banks detected, returning the original tensor
[19:34:43.286179][debug][source OclTensorF.cpp][function CloneIfNeededToDDRBank][line 227] CloneIfNeededToDDRBank: same banks detected, returning the original tensor
[19:34:43.286204][debug][source OclTensorF.cpp][function CloneIfNeededToDDRBank][line 227] CloneIfNeededToDDRBank: same banks detected, returning the original tensor
[19:34:43.288923][debug][source DataMover.cpp][function LaunchDataMover][line 140] Internal data-mover kernel executed successfully
[19:34:43.290794][debug][source DataMover.cpp][function LaunchDataMover][line 140] Internal data-mover kernel executed successfully
[19:34:43.299070][debug][source DataMover.cpp][function LaunchDataMover][line 140] Internal data-mover kernel executed successfully
[19:34:43.299161][debug][source OclTensorF.cpp][function CloneIfNeededToDDRBank][line 227] CloneIfNeededToDDRBank: same banks detected, returning the original tensor
[19:34:43.324831][debug][source DataMover.cpp][function LaunchDataMover][line 140] Internal data-mover kernel executed successfully
[19:34:43.327827][debug][source DataMover.cpp][function LaunchDataMover][line 140] Internal data-mover kernel executed successfully
[19:34:43.476601][info][source ModelArchTop02.cpp][function Execute][line 559] DGCCN0 Started...
[19:34:43.476637][debug][source OclTensorF.cpp][function CloneIfNeededToDDRBank][line 227] CloneIfNeededToDDRBank: same banks detected, returning the original tensor
[19:34:43.563121][debug][source OclTensorF.cpp][function CloneIfNeededToDDRBank][line 227] CloneIfNeededToDDRBank: same banks detected, returning the original tensor
[19:34:43.563135][debug][source OclTensorF.cpp][function CloneIfNeededToDDRBank][line 227] CloneIfNeededToDDRBank: same banks detected, returning the original tensor
[19:34:44.752388][debug][source DataMover.cpp][function LaunchDataMover][line 140] Internal data-mover kernel executed successfully
[19:34:44.822320][debug][source OclTensorF.cpp][function CloneIfNeededToDDRBank][line 227] CloneIfNeededToDDRBank: same banks detected, returning the original tensor
[19:34:45.392457][debug][source DataMover.cpp][function LaunchDataMover][line 140] Internal data-mover kernel executed successfully
[19:34:45.401933][debug][source OclTensorF.cpp][function CloneIfNeededToDDRBank][line 227] CloneIfNeededToDDRBank: same banks detected, returning the original tensor
[19:34:45.425145][debug][source OclTensorF.cpp][function CloneIfNeededToDDRBank][line 227] CloneIfNeededToDDRBank: same banks detected, returning the original tensor
[19:34:45.681836][debug][source OclTensorF.cpp][function CloneIfNeededToDDRBank][line 227] CloneIfNeededToDDRBank: same banks detected, returning the original tensor
[19:34:45.940396][debug][source OclTensorF.cpp][function CloneIfNeededToDDRBank][line 227] CloneIfNeededToDDRBank: same banks detected, returning the original tensor
[19:34:45.940430][debug][source OclTensorF.cpp][function CloneIfNeededToDDRBank][line 227] CloneIfNeededToDDRBank: same banks detected, returning the original tensor
[19:34:46.528919][debug][source OclTensorF.cpp][function CloneIfNeededToDDRBank][line 227] CloneIfNeededToDDRBank: same banks detected, returning the original tensor
[19:34:46.528953][debug][source OclTensorF.cpp][function CloneIfNeededToDDRBank][line 227] CloneIfNeededToDDRBank: same banks detected, returning the original tensor
[19:34:47.984067][debug][source DataMover.cpp][function LaunchDataMover][line 140] Internal data-mover kernel executed successfully
[19:34:48.065641][debug][source XilinxImplementation.cpp][function TopK][line 1043] BatchSize: 102400
[19:34:48.065658][debug][source XilinxImplementation.cpp][function TopK][line 1044] vecsPerSlice: 64
[19:34:48.065662][debug][source XilinxImplementation.cpp][function TopK][line 1045] vecsPerOutputSlice: 2
[19:34:48.065666][debug][source XilinxImplementation.cpp][function TopK][line 1046] _dim2: 1024
[19:34:48.065671][debug][source XilinxImplementation.cpp][function TopK][line 1047] k: 20
[19:34:49.829194][debug][source OclTensorF.cpp][function CloneIfNeededToDDRBank][line 227] CloneIfNeededToDDRBank: same banks detected, returning the original tensor
[19:34:49.829250][debug][source OclTensorI.cpp][function CloneIfNeededToDDRBank][line 227] CloneIfNeededToDDRBank: same banks detected, returning the original tensor(OclTensorI)
[19:34:50.043355][debug][source DataMover.cpp][function LaunchDataMover][line 140] Internal data-mover kernel executed successfully
[19:34:50.589177][debug][source DataMover.cpp][function LaunchDataMover][line 140] Internal data-mover kernel executed successfully
[19:34:50.611279][debug][source OclTensorF.cpp][function CloneIfNeededToDDRBank][line 227] CloneIfNeededToDDRBank: same banks detected, returning the original tensor
[19:34:50.862194][debug][source OclTensorF.cpp][function CloneIfNeededToDDRBank][line 227] CloneIfNeededToDDRBank: same banks detected, returning the original tensor
[19:34:50.862217][debug][source OclTensorF.cpp][function CloneIfNeededToDDRBank][line 227] CloneIfNeededToDDRBank: same banks detected, returning the original tensor
[19:34:52.928379][debug][source XilinxImplementation.cpp][function Conv2D][line 1151] vecSizeTranspose: 16
[19:34:52.928427][debug][source OclTensorF.cpp][function CloneIfNeededToDDRBank][line 227] CloneIfNeededToDDRBank: same banks detected, returning the original tensor
[19:34:52.933083][debug][source XilinxImplementation.cpp][function _PadUnpadLastDim][line 638] dim0: 6, dim1: 64, lastDimPadded: 256, lcm: 0, lastDimUnpadded: 0
[19:34:53.036847][debug][source XilinxImplementation.cpp][function Conv2D][line 1178] Padding weightTn(super-vec padding):
[19:34:53.036864][debug][source XilinxImplementation.cpp][function Conv2D][line 1179] D2: 64
[19:34:53.036868][debug][source XilinxImplementation.cpp][function Conv2D][line 1180] D2Padded: 256
[19:34:53.036888][debug][source OclTensorF.cpp][function CloneIfNeededToDDRBank][line 227] CloneIfNeededToDDRBank: same banks detected, returning the original tensor
[19:34:53.036898][debug][source OclTensorF.cpp][function CloneIfNeededToDDRBank][line 227] CloneIfNeededToDDRBank: same banks detected, returning the original tensor
[19:34:53.036905][debug][source OclTensorF.cpp][function CloneIfNeededToDDRBank][line 227] CloneIfNeededToDDRBank: same banks detected, returning the original tensor
[19:34:53.828367][debug][source XilinxImplementation.cpp][function Conv2D][line 1224] Launching Conv2 gemmHLS
[19:34:53.828393][debug][source XilinxImplementation.cpp][function Conv2D][line 1225] [N K M] = [2048000, 6, 256]
[19:34:54.992221][debug][source XilinxImplementation.cpp][function Conv2D][line 1233] Launching Conv2 gemmHLS...DONE
[19:34:54.992276][debug][source OclTensorF.cpp][function CloneIfNeededToDDRBank][line 227] CloneIfNeededToDDRBank: same banks detected, returning the original tensor
[19:34:55.183750][debug][source XilinxImplementation.cpp][function _PadUnpadLastDim][line 638] dim0: 2048000, dim1: 256, lastDimPadded: 0, lcm: 0, lastDimUnpadded: 64
[19:34:55.726269][debug][source XilinxImplementation.cpp][function Conv2D][line 1241] Unpadding results(super-vec unpadding)
[19:34:56.368046][debug][source OclTensorF.cpp][function CloneIfNeededToDDRBank][line 227] CloneIfNeededToDDRBank: same banks detected, returning the original tensor
[19:34:56.774383][debug][source OclTensorF.cpp][function CloneIfNeededToDDRBank][line 227] CloneIfNeededToDDRBank: same banks detected, returning the original tensor
[19:34:56.774398][debug][source OclTensorF.cpp][function CloneIfNeededToDDRBank][line 227] CloneIfNeededToDDRBank: same banks detected, returning the original tensor
[19:34:56.775053][debug][source OclTensorF.cpp][function CloneIfNeededToDDRBank][line 227] CloneIfNeededToDDRBank: same banks detected, returning the original tensor
[19:34:57.175198][debug][source OclTensorF.cpp][function CloneIfNeededToDDRBank][line 227] CloneIfNeededToDDRBank: same banks detected, returning the original tensor
[19:34:57.580587][debug][source OclTensorF.cpp][function CloneIfNeededToDDRBank][line 227] CloneIfNeededToDDRBank: same banks detected, returning the original tensor
[19:34:57.580603][debug][source OclTensorF.cpp][function CloneIfNeededToDDRBank][line 227] CloneIfNeededToDDRBank: same banks detected, returning the original tensor
[19:34:57.581369][debug][source OclTensorF.cpp][function CloneIfNeededToDDRBank][line 227] CloneIfNeededToDDRBank: same banks detected, returning the original tensor
[19:34:57.581385][debug][source OclTensorF.cpp][function CloneIfNeededToDDRBank][line 227] CloneIfNeededToDDRBank: same banks detected, returning the original tensor
[19:34:57.581960][debug][source OclTensorF.cpp][function CloneIfNeededToDDRBank][line 227] CloneIfNeededToDDRBank: same banks detected, returning the original tensor
[19:34:57.581973][debug][source OclTensorF.cpp][function CloneIfNeededToDDRBank][line 227] CloneIfNeededToDDRBank: same banks detected, returning the original tensor
[19:34:57.582557][debug][source OclTensorF.cpp][function CloneIfNeededToDDRBank][line 227] CloneIfNeededToDDRBank: same banks detected, returning the original tensor
[19:34:57.582570][debug][source OclTensorF.cpp][function CloneIfNeededToDDRBank][line 227] CloneIfNeededToDDRBank: same banks detected, returning the original tensor
[19:34:57.583202][debug][source OclTensorF.cpp][function CloneIfNeededToDDRBank][line 227] CloneIfNeededToDDRBank: same banks detected, returning the original tensor
[19:34:57.583215][debug][source OclTensorF.cpp][function CloneIfNeededToDDRBank][line 227] CloneIfNeededToDDRBank: same banks detected, returning the original tensor
[19:34:57.583911][debug][source OclTensorF.cpp][function CloneIfNeededToDDRBank][line 227] CloneIfNeededToDDRBank: same banks detected, returning the original tensor
[19:34:57.583924][debug][source OclTensorF.cpp][function CloneIfNeededToDDRBank][line 227] CloneIfNeededToDDRBank: same banks detected, returning the original tensor
[19:34:57.584444][debug][source OclTensorF.cpp][function CloneIfNeededToDDRBank][line 227] CloneIfNeededToDDRBank: same banks detected, returning the original tensor
[19:34:57.584457][debug][source OclTensorF.cpp][function CloneIfNeededToDDRBank][line 227] CloneIfNeededToDDRBank: same banks detected, returning the original tensor
[19:34:57.585111][debug][source OclTensorF.cpp][function CloneIfNeededToDDRBank][line 227] CloneIfNeededToDDRBank: same banks detected, returning the original tensor
[19:34:57.585124][debug][source OclTensorF.cpp][function CloneIfNeededToDDRBank][line 227] CloneIfNeededToDDRBank: same banks detected, returning the original tensor
[19:34:57.585655][debug][source OclTensorF.cpp][function CloneIfNeededToDDRBank][line 227] CloneIfNeededToDDRBank: same banks detected, returning the original tensor
[19:34:57.585669][debug][source OclTensorF.cpp][function CloneIfNeededToDDRBank][line 227] CloneIfNeededToDDRBank: same banks detected, returning the original tensor
[19:34:57.586228][debug][source OclTensorF.cpp][function CloneIfNeededToDDRBank][line 227] CloneIfNeededToDDRBank: same banks detected, returning the original tensor
[19:34:57.586252][debug][source OclTensorF.cpp][function CloneIfNeededToDDRBank][line 227] CloneIfNeededToDDRBank: same banks detected, returning the original tensor
[19:34:57.586821][debug][source OclTensorF.cpp][function CloneIfNeededToDDRBank][line 227] CloneIfNeededToDDRBank: same banks detected, returning the original tensor
[19:34:57.586836][debug][source OclTensorF.cpp][function CloneIfNeededToDDRBank][line 227] CloneIfNeededToDDRBank: same banks detected, returning the original tensor
[19:34:58.299588][debug][source OclTensorF.cpp][function CloneIfNeededToDDRBank][line 227] CloneIfNeededToDDRBank: same banks detected, returning the original tensor
[19:34:58.299609][debug][source OclTensorF.cpp][function CloneIfNeededToDDRBank][line 227] CloneIfNeededToDDRBank: same banks detected, returning the original tensor
[19:34:58.300187][debug][source OclTensorF.cpp][function CloneIfNeededToDDRBank][line 227] CloneIfNeededToDDRBank: same banks detected, returning the original tensor
[19:34:58.301291][debug][source OclTensorF.cpp][function CloneIfNeededToDDRBank][line 227] CloneIfNeededToDDRBank: same banks detected, returning the original tensor
[19:34:58.301307][debug][source OclTensorF.cpp][function CloneIfNeededToDDRBank][line 227] CloneIfNeededToDDRBank: same banks detected, returning the original tensor
[19:34:59.016280][debug][source OclTensorF.cpp][function CloneIfNeededToDDRBank][line 227] CloneIfNeededToDDRBank: same banks detected, returning the original tensor
[19:34:59.016309][debug][source OclTensorF.cpp][function CloneIfNeededToDDRBank][line 227] CloneIfNeededToDDRBank: same banks detected, returning the original tensor
[19:34:59.737548][debug][source OclTensorF.cpp][function CloneIfNeededToDDRBank][line 227] CloneIfNeededToDDRBank: same banks detected, returning the original tensor
[19:34:59.737594][debug][source OclTensorF.cpp][function CloneIfNeededToDDRBank][line 227] CloneIfNeededToDDRBank: same banks detected, returning the original tensor
[19:35:01.175086][debug][source OclTensorF.cpp][function CloneIfNeededToDDRBank][line 227] CloneIfNeededToDDRBank: same banks detected, returning the original tensor
[19:35:01.879248][debug][source OclTensorF.cpp][function CloneIfNeededToDDRBank][line 227] CloneIfNeededToDDRBank: same banks detected, returning the original tensor
[19:35:02.840694][info][source ModelArchTop02.cpp][function Execute][line 603] DGCCN1 Started...
[19:35:02.900251][debug][source DataMover.cpp][function LaunchDataMover][line 140] Internal data-mover kernel executed successfully
[19:35:03.960134][debug][source DataMover.cpp][function LaunchDataMover][line 140] Internal data-mover kernel executed successfully
[19:35:03.964693][debug][source OclTensorF.cpp][function CloneIfNeededToDDRBank][line 227] CloneIfNeededToDDRBank: same banks detected, returning the original tensor
[19:35:07.107833][debug][source DataMover.cpp][function LaunchDataMover][line 140] Internal data-mover kernel executed successfully
[19:35:07.177806][debug][source OclTensorF.cpp][function CloneIfNeededToDDRBank][line 227] CloneIfNeededToDDRBank: same banks detected, returning the original tensor
[19:35:07.770213][debug][source OclTensorF.cpp][function CloneIfNeededToDDRBank][line 227] CloneIfNeededToDDRBank: same banks detected, returning the original tensor
[19:35:07.862209][debug][source OclTensorF.cpp][function CloneIfNeededToDDRBank][line 227] CloneIfNeededToDDRBank: same banks detected, returning the original tensor
[19:35:07.928506][debug][source OclTensorF.cpp][function CloneIfNeededToDDRBank][line 227] CloneIfNeededToDDRBank: same banks detected, returning the original tensor
[19:35:08.183737][debug][source OclTensorF.cpp][function CloneIfNeededToDDRBank][line 227] CloneIfNeededToDDRBank: same banks detected, returning the original tensor
[19:35:08.439289][debug][source OclTensorF.cpp][function CloneIfNeededToDDRBank][line 227] CloneIfNeededToDDRBank: same banks detected, returning the original tensor
[19:35:08.439313][debug][source OclTensorF.cpp][function CloneIfNeededToDDRBank][line 227] CloneIfNeededToDDRBank: same banks detected, returning the original tensor
[19:35:09.029056][debug][source OclTensorF.cpp][function CloneIfNeededToDDRBank][line 227] CloneIfNeededToDDRBank: same banks detected, returning the original tensor
[19:35:09.029082][debug][source OclTensorF.cpp][function CloneIfNeededToDDRBank][line 227] CloneIfNeededToDDRBank: same banks detected, returning the original tensor
[19:35:10.479147][debug][source DataMover.cpp][function LaunchDataMover][line 140] Internal data-mover kernel executed successfully
[19:35:10.558077][debug][source XilinxImplementation.cpp][function TopK][line 1043] BatchSize: 102400
[19:35:10.558094][debug][source XilinxImplementation.cpp][function TopK][line 1044] vecsPerSlice: 64
[19:35:10.558098][debug][source XilinxImplementation.cpp][function TopK][line 1045] vecsPerOutputSlice: 2
[19:35:10.558102][debug][source XilinxImplementation.cpp][function TopK][line 1046] _dim2: 1024
[19:35:10.558107][debug][source XilinxImplementation.cpp][function TopK][line 1047] k: 20
[19:35:12.379404][debug][source DataMover.cpp][function LaunchDataMover][line 140] Internal data-mover kernel executed successfully
[19:35:12.383971][debug][source OclTensorI.cpp][function CloneIfNeededToDDRBank][line 227] CloneIfNeededToDDRBank: same banks detected, returning the original tensor(OclTensorI)
[19:35:13.117616][debug][source OclTensorF.cpp][function CloneIfNeededToDDRBank][line 227] CloneIfNeededToDDRBank: same banks detected, returning the original tensor
[19:35:14.795435][debug][source DataMover.cpp][function LaunchDataMover][line 140] Internal data-mover kernel executed successfully
[19:35:14.882407][debug][source OclTensorF.cpp][function CloneIfNeededToDDRBank][line 227] CloneIfNeededToDDRBank: same banks detected, returning the original tensor
[19:35:15.692260][debug][source OclTensorF.cpp][function CloneIfNeededToDDRBank][line 227] CloneIfNeededToDDRBank: same banks detected, returning the original tensor
[19:35:15.692285][debug][source OclTensorF.cpp][function CloneIfNeededToDDRBank][line 227] CloneIfNeededToDDRBank: same banks detected, returning the original tensor
[19:35:17.135777][debug][source XilinxImplementation.cpp][function Conv2D][line 1151] vecSizeTranspose: 16
[19:35:17.135830][debug][source OclTensorF.cpp][function CloneIfNeededToDDRBank][line 227] CloneIfNeededToDDRBank: same banks detected, returning the original tensor
[19:35:17.140163][debug][source XilinxImplementation.cpp][function _PadUnpadLastDim][line 638] dim0: 128, dim1: 64, lastDimPadded: 256, lcm: 0, lastDimUnpadded: 0
[19:35:17.192541][debug][source XilinxImplementation.cpp][function Conv2D][line 1178] Padding weightTn(super-vec padding):
[19:35:17.192552][debug][source XilinxImplementation.cpp][function Conv2D][line 1179] D2: 64
[19:35:17.192574][debug][source XilinxImplementation.cpp][function Conv2D][line 1180] D2Padded: 256
[19:35:17.192588][debug][source OclTensorF.cpp][function CloneIfNeededToDDRBank][line 227] CloneIfNeededToDDRBank: same banks detected, returning the original tensor
[19:35:17.192597][debug][source OclTensorF.cpp][function CloneIfNeededToDDRBank][line 227] CloneIfNeededToDDRBank: same banks detected, returning the original tensor
[19:35:17.192604][debug][source OclTensorF.cpp][function CloneIfNeededToDDRBank][line 227] CloneIfNeededToDDRBank: same banks detected, returning the original tensor
[19:35:17.954340][debug][source XilinxImplementation.cpp][function Conv2D][line 1224] Launching Conv2 gemmHLS
[19:35:17.954369][debug][source XilinxImplementation.cpp][function Conv2D][line 1225] [N K M] = [2048000, 128, 256]
[19:35:20.957493][debug][source XilinxImplementation.cpp][function Conv2D][line 1233] Launching Conv2 gemmHLS...DONE
[19:35:20.957548][debug][source OclTensorF.cpp][function CloneIfNeededToDDRBank][line 227] CloneIfNeededToDDRBank: same banks detected, returning the original tensor
[19:35:21.149080][debug][source XilinxImplementation.cpp][function _PadUnpadLastDim][line 638] dim0: 2048000, dim1: 256, lastDimPadded: 0, lcm: 0, lastDimUnpadded: 64
[19:35:21.691393][debug][source XilinxImplementation.cpp][function Conv2D][line 1241] Unpadding results(super-vec unpadding)
[19:35:21.691472][debug][source OclTensorF.cpp][function CloneIfNeededToDDRBank][line 227] CloneIfNeededToDDRBank: same banks detected, returning the original tensor
[19:35:22.095721][debug][source OclTensorF.cpp][function CloneIfNeededToDDRBank][line 227] CloneIfNeededToDDRBank: same banks detected, returning the original tensor
[19:35:22.095736][debug][source OclTensorF.cpp][function CloneIfNeededToDDRBank][line 227] CloneIfNeededToDDRBank: same banks detected, returning the original tensor
[19:35:22.096355][debug][source OclTensorF.cpp][function CloneIfNeededToDDRBank][line 227] CloneIfNeededToDDRBank: same banks detected, returning the original tensor
[19:35:22.496695][debug][source OclTensorF.cpp][function CloneIfNeededToDDRBank][line 227] CloneIfNeededToDDRBank: same banks detected, returning the original tensor
[19:35:22.896973][debug][source OclTensorF.cpp][function CloneIfNeededToDDRBank][line 227] CloneIfNeededToDDRBank: same banks detected, returning the original tensor
[19:35:22.896988][debug][source OclTensorF.cpp][function CloneIfNeededToDDRBank][line 227] CloneIfNeededToDDRBank: same banks detected, returning the original tensor
[19:35:22.897761][debug][source OclTensorF.cpp][function CloneIfNeededToDDRBank][line 227] CloneIfNeededToDDRBank: same banks detected, returning the original tensor
[19:35:22.897775][debug][source OclTensorF.cpp][function CloneIfNeededToDDRBank][line 227] CloneIfNeededToDDRBank: same banks detected, returning the original tensor
[19:35:22.898367][debug][source OclTensorF.cpp][function CloneIfNeededToDDRBank][line 227] CloneIfNeededToDDRBank: same banks detected, returning the original tensor
[19:35:22.898382][debug][source OclTensorF.cpp][function CloneIfNeededToDDRBank][line 227] CloneIfNeededToDDRBank: same banks detected, returning the original tensor
[19:35:22.898953][debug][source OclTensorF.cpp][function CloneIfNeededToDDRBank][line 227] CloneIfNeededToDDRBank: same banks detected, returning the original tensor
[19:35:22.898967][debug][source OclTensorF.cpp][function CloneIfNeededToDDRBank][line 227] CloneIfNeededToDDRBank: same banks detected, returning the original tensor
[19:35:22.899665][debug][source OclTensorF.cpp][function CloneIfNeededToDDRBank][line 227] CloneIfNeededToDDRBank: same banks detected, returning the original tensor
[19:35:22.899679][debug][source OclTensorF.cpp][function CloneIfNeededToDDRBank][line 227] CloneIfNeededToDDRBank: same banks detected, returning the original tensor
[19:35:22.900368][debug][source OclTensorF.cpp][function CloneIfNeededToDDRBank][line 227] CloneIfNeededToDDRBank: same banks detected, returning the original tensor
[19:35:22.900382][debug][source OclTensorF.cpp][function CloneIfNeededToDDRBank][line 227] CloneIfNeededToDDRBank: same banks detected, returning the original tensor
[19:35:22.900927][debug][source OclTensorF.cpp][function CloneIfNeededToDDRBank][line 227] CloneIfNeededToDDRBank: same banks detected, returning the original tensor
[19:35:22.900940][debug][source OclTensorF.cpp][function CloneIfNeededToDDRBank][line 227] CloneIfNeededToDDRBank: same banks detected, returning the original tensor
[19:35:22.901586][debug][source OclTensorF.cpp][function CloneIfNeededToDDRBank][line 227] CloneIfNeededToDDRBank: same banks detected, returning the original tensor
[19:35:22.901599][debug][source OclTensorF.cpp][function CloneIfNeededToDDRBank][line 227] CloneIfNeededToDDRBank: same banks detected, returning the original tensor
[19:35:22.902163][debug][source OclTensorF.cpp][function CloneIfNeededToDDRBank][line 227] CloneIfNeededToDDRBank: same banks detected, returning the original tensor
[19:35:22.902176][debug][source OclTensorF.cpp][function CloneIfNeededToDDRBank][line 227] CloneIfNeededToDDRBank: same banks detected, returning the original tensor
[19:35:22.902747][debug][source OclTensorF.cpp][function CloneIfNeededToDDRBank][line 227] CloneIfNeededToDDRBank: same banks detected, returning the original tensor
[19:35:22.902772][debug][source OclTensorF.cpp][function CloneIfNeededToDDRBank][line 227] CloneIfNeededToDDRBank: same banks detected, returning the original tensor
[19:35:22.903368][debug][source OclTensorF.cpp][function CloneIfNeededToDDRBank][line 227] CloneIfNeededToDDRBank: same banks detected, returning the original tensor
[19:35:22.903381][debug][source OclTensorF.cpp][function CloneIfNeededToDDRBank][line 227] CloneIfNeededToDDRBank: same banks detected, returning the original tensor
[19:35:23.622871][debug][source OclTensorF.cpp][function CloneIfNeededToDDRBank][line 227] CloneIfNeededToDDRBank: same banks detected, returning the original tensor
[19:35:23.622894][debug][source OclTensorF.cpp][function CloneIfNeededToDDRBank][line 227] CloneIfNeededToDDRBank: same banks detected, returning the original tensor
[19:35:23.623602][debug][source OclTensorF.cpp][function CloneIfNeededToDDRBank][line 227] CloneIfNeededToDDRBank: same banks detected, returning the original tensor
[19:35:23.626497][debug][source OclTensorF.cpp][function CloneIfNeededToDDRBank][line 227] CloneIfNeededToDDRBank: same banks detected, returning the original tensor
[19:35:23.626512][debug][source OclTensorF.cpp][function CloneIfNeededToDDRBank][line 227] CloneIfNeededToDDRBank: same banks detected, returning the original tensor
[19:35:24.339325][debug][source OclTensorF.cpp][function CloneIfNeededToDDRBank][line 227] CloneIfNeededToDDRBank: same banks detected, returning the original tensor
[19:35:24.339348][debug][source OclTensorF.cpp][function CloneIfNeededToDDRBank][line 227] CloneIfNeededToDDRBank: same banks detected, returning the original tensor
[19:35:25.052209][debug][source OclTensorF.cpp][function CloneIfNeededToDDRBank][line 227] CloneIfNeededToDDRBank: same banks detected, returning the original tensor
[19:35:25.052237][debug][source OclTensorF.cpp][function CloneIfNeededToDDRBank][line 227] CloneIfNeededToDDRBank: same banks detected, returning the original tensor
