// main repository commit hash: 
// 56569009a1247a710ee7fba96916c3ac4dea441f


// config repository commit hash: 
// 7603c591d3c6ee26970132b688b056af7763ec3b


#pragma once
#include <cstddef>
#include <cstdint>
#include "hls_half.h"
#include "hlslib/xilinx/Operators.h"
#include "hlslib/xilinx/DataPack.h"
#include "hlslib/xilinx/Resource.h"
#include "hlslib/xilinx/Stream.h"

using CONFIG_DTYPE = float;
constexpr unsigned CONFIG_DTYPE_SIZE = 4;
constexpr unsigned CONFIG_M_AXI_WIDTH = 16;

using MemoryPackF_t = hlslib::DataPack<CONFIG_DTYPE, CONFIG_M_AXI_WIDTH>;
using MemoryPackI_t = hlslib::DataPack<unsigned, CONFIG_M_AXI_WIDTH>;

namespace ConfigTaskConv2
{
    constexpr int BankIndex_inputTn = 1;
    constexpr int BankIndex_weightTn = 1;
    constexpr int BankIndex_biasTn = 1;
    constexpr int BankIndex_outputTn = 1;

    constexpr int kMemoryWidthBytesN = 64;
    constexpr int kMemoryWidthBytesK = 64;
    constexpr int kMemoryWidthBytesM = 64;
    constexpr unsigned long kOuterTileSizeN = 256;
    constexpr unsigned long kOuterTileSizeM = 256;
    constexpr unsigned long kInnerTileSizeN = 16;
    constexpr int kComputeTileSizeM = 16; 
    constexpr int kComputeTileSizeN = 1;
    constexpr int kTransposeWidthBytes = 64;
    constexpr float kFrequency = 190; 
    using OperatorMap = hlslib::op::Multiply<CONFIG_DTYPE>;
    using OperatorReduce = hlslib::op::Add<CONFIG_DTYPE>;
    #if 64 != 64 
        #define MM_CONVERT_B
    #endif
    // When A is not transposed, the data width must be converted if a PE buffers
    // more than one row of A (currently unsupported). When A is transposed, the
    // data width must be converted if the memory bus is wider than the number of
    // rows buffered per PE.
    #if (defined(MM_TRANSPOSED_A) && \
         (4 != 64))
        #define MM_CONVERT_A
    #endif
}

namespace ConfigTaskTopK
{
    constexpr int BankIndex_inputTn = 2;
    constexpr int BankIndex_indicesSplitedTn = 2;
    constexpr unsigned MaxSliceLen = 1024;
    constexpr unsigned PipeDepth = 16;
    constexpr unsigned UnitCount = 12;
}

namespace ConfigTaskMatOps
{
    constexpr int BankIndex_inputTn1 = 1;
    constexpr int BankIndex_inputTn2 = 1;
    constexpr int BankIndex_outputTn = 1;
}

namespace ConfigTaskReduce
{
    constexpr int BankIndex_inputTn  = 1; 
    constexpr int BankIndex_outputTn = 1;
    namespace Sum4D{
        constexpr int MaxPowY = 2;
        constexpr unsigned MaxSliceLen = 1024;
        constexpr unsigned PipeDepth = 8;
    }
    namespace Max3D{
        constexpr unsigned MaxSliceLen = 1024;
    }
    namespace Sum3D{
        constexpr unsigned MaxSliceLen = 64;
    }
}

namespace ConfigTaskMatMul
{
    constexpr int BankIndex_inputTn1 = 2;
    constexpr int BankIndex_inputTn2 = 2;
    constexpr int BankIndex_outputTn = 2;
    constexpr unsigned MaxM = 1024;
    constexpr unsigned RowTileSizeD = 4;
}

namespace ConfigTaskTile
{
    constexpr int BankIndex_inputTn = 1;
    constexpr int BankIndex_outputTn = 1;
    constexpr unsigned MaxSliceLen = 1024; 
}

namespace ConfigTaskGather
{
    constexpr int BankIndex_inputTn = 2; 
    constexpr int BankIndex_indicesTn = 2; 
    constexpr int BankIndex_outputTn = 2;
    constexpr unsigned PipeDepth = 4;
}

namespace ConfigTaskConcat 
{    
    constexpr int BankIndex_inputTn1 = 1;
    constexpr int BankIndex_inputTn2 = 1;
    constexpr int BankIndex_outputTn = 1;
}

namespace ConfigTaskTranspose
{
    constexpr int BankIndex_inputTn = 2;
    constexpr int BankIndex_outputTn = 2;
    constexpr unsigned TileWidth = 16;
    constexpr unsigned TileHeight = 64;
}

namespace ConfigTaskReluSqrtSquare
{
    constexpr int BankIndex_inputTn = 1;
    constexpr int BankIndex_outputTn = 1;
    constexpr unsigned ModeRelu = 0;
    constexpr unsigned ModeSqrt = 1;
    constexpr unsigned ModeSquare = 2;
}

namespace ConfigTaskPadUnpad
{
    constexpr int BankIndex_inputTn = 1;
    constexpr int BankIndex_outputTn = 1;
}
