[19:28:29.421622][info][source MainExecutable.cpp][function main][line 168] Batch-size: 20
[19:28:29.421723][info][source MainExecutable.cpp][function main][line 172] FPGA Image: /mnt/mydrive/00_workspace/01_fpgaruns/deeppoint-v1-fpga/build1/DeepPointV1FPGA_hw.awsxclbin
[19:28:29.421732][info][source MainExecutable.cpp][function main][line 177] Data Directory: /mnt/mydrive/00_workspace/01_fpgaruns/deeppoint-v1-fpga/data
[19:28:29.421740][info][source MainExecutable.cpp][function main][line 214] ======================================================
[19:28:29.421744][info][source MainExecutable.cpp][function main][line 215] Running Selected ModelArch ...
[19:28:29.421763][warning][source XilinxImplementation.cpp][function XilinxImplementation][line 23] XCL_EMULATION_MODE is not set. System run(real FPGA) is considered.
[19:28:30.081357][info][source ClassifierMultiPlatform.cpp][function ClassifierMultiplatform][line 69] PCL NPY PATH: /mnt/mydrive/00_workspace/01_fpgaruns/deeppoint-v1-fpga/data/dataset/dataset_B2048_pcl.npy
[19:28:30.081370][info][source ClassifierMultiPlatform.cpp][function ClassifierMultiplatform][line 70] LBL NPY PATH: /mnt/mydrive/00_workspace/01_fpgaruns/deeppoint-v1-fpga/data/dataset/dataset_B2048_labels_int32.npy
[19:28:30.093601][info][source ModelArchTop02.cpp][function Execute][line 521] Starting Process...
[19:28:30.093620][info][source ModelArchTop02.cpp][function Execute][line 522] Batch Size: 20
[19:28:30.093625][info][source ModelArchTop02.cpp][function Execute][line 523] Point Count: 1024
[19:28:39.411378][info][source ModelArchTop02.cpp][function Execute][line 559] DGCCN0 Started...
[19:28:43.317238][info][source ModelArchTop02.cpp][function Execute][line 603] DGCCN1 Started...
[19:28:48.298972][info][source ModelArchTop02.cpp][function Execute][line 645] DGCCN2 Started...
[19:28:53.321680][info][source ModelArchTop02.cpp][function Execute][line 687] DGCCN3 Started...
[19:28:59.509633][info][source ModelArchTop02.cpp][function Execute][line 728] Agg Layer Started...
[19:29:00.929063][info][source ModelArchTop02.cpp][function Execute][line 795] FC Layer1 Started...
[19:29:00.985343][info][source ModelArchTop02.cpp][function Execute][line 828] FC Layer2 Started...
[19:29:01.006862][info][source ModelArchTop02.cpp][function Execute][line 862] FC Layer3 Started...
[19:29:01.013176][info][source ClassifierMultiPlatform.cpp][function ClassifierMultiplatform][line 77] Model execution time with batchsize(20): 30.919570922851562 Seconds
[19:29:01.013188][info][source ClassifierMultiPlatform.cpp][function CalculateAccuracy][line 15] Computing Accuracy...
[19:29:01.013201][info][source ClassifierMultiPlatform.cpp][function CalculateAccuracy][line 57] Correct Count: 19.0
[19:29:01.013206][info][source ClassifierMultiPlatform.cpp][function CalculateAccuracy][line 58] Accuracy: 0.95
