[19:36:54.005183][info][source MainExecutable.cpp][function main][line 168] Batch-size: 3
[19:36:54.005286][info][source MainExecutable.cpp][function main][line 172] FPGA Image: /mnt/mydrive/00_workspace/01_fpgaruns/deeppoint-v1-fpga/build1/DeepPointV1FPGA_hw.awsxclbin
[19:36:54.005296][info][source MainExecutable.cpp][function main][line 177] Data Directory: /mnt/mydrive/00_workspace/01_fpgaruns/deeppoint-v1-fpga/data
[19:36:54.005304][info][source MainExecutable.cpp][function main][line 214] ======================================================
[19:36:54.005308][info][source MainExecutable.cpp][function main][line 215] Running Selected ModelArch ...
[19:36:54.005326][warning][source XilinxImplementation.cpp][function XilinxImplementation][line 23] XCL_EMULATION_MODE is not set. System run(real FPGA) is considered.
[19:36:54.672546][info][source ClassifierMultiPlatform.cpp][function ClassifierMultiplatform][line 69] PCL NPY PATH: /mnt/mydrive/00_workspace/01_fpgaruns/deeppoint-v1-fpga/data/dataset/dataset_B2048_pcl.npy
[19:36:54.672574][info][source ClassifierMultiPlatform.cpp][function ClassifierMultiplatform][line 70] LBL NPY PATH: /mnt/mydrive/00_workspace/01_fpgaruns/deeppoint-v1-fpga/data/dataset/dataset_B2048_labels_int32.npy
[19:36:54.685141][info][source ModelArchTop02.cpp][function Execute][line 521] Starting Process...
[19:36:54.685162][info][source ModelArchTop02.cpp][function Execute][line 522] Batch Size: 3
[19:36:54.685166][info][source ModelArchTop02.cpp][function Execute][line 523] Point Count: 1024
[19:36:56.332086][info][source ModelArchTop02.cpp][function Execute][line 559] DGCCN0 Started...
[19:36:56.937913][info][source ModelArchTop02.cpp][function Execute][line 603] DGCCN1 Started...
[19:36:57.713535][info][source ModelArchTop02.cpp][function Execute][line 645] DGCCN2 Started...
[19:36:58.487588][info][source ModelArchTop02.cpp][function Execute][line 687] DGCCN3 Started...
[19:36:59.436234][info][source ModelArchTop02.cpp][function Execute][line 728] Agg Layer Started...
[19:36:59.665465][info][source ModelArchTop02.cpp][function Execute][line 795] FC Layer1 Started...
[19:36:59.690277][info][source ModelArchTop02.cpp][function Execute][line 828] FC Layer2 Started...
[19:36:59.709314][info][source ModelArchTop02.cpp][function Execute][line 862] FC Layer3 Started...
[19:36:59.714665][info][source ClassifierMultiPlatform.cpp][function ClassifierMultiplatform][line 77] Model execution time with batchsize(3): 5.029524087905884 Seconds
[19:36:59.714676][info][source ClassifierMultiPlatform.cpp][function CalculateAccuracy][line 15] Computing Accuracy...
[19:36:59.714688][info][source ClassifierMultiPlatform.cpp][function CalculateAccuracy][line 57] Correct Count: 3.0
[19:36:59.714693][info][source ClassifierMultiPlatform.cpp][function CalculateAccuracy][line 58] Accuracy: 1.0
