[19:30:39.052724][info][source MainExecutable.cpp][function main][line 168] Batch-size: 40
[19:30:39.052823][info][source MainExecutable.cpp][function main][line 172] FPGA Image: /mnt/mydrive/00_workspace/01_fpgaruns/deeppoint-v1-fpga/build1/DeepPointV1FPGA_hw.awsxclbin
[19:30:39.052832][info][source MainExecutable.cpp][function main][line 177] Data Directory: /mnt/mydrive/00_workspace/01_fpgaruns/deeppoint-v1-fpga/data
[19:30:39.052840][info][source MainExecutable.cpp][function main][line 214] ======================================================
[19:30:39.052844][info][source MainExecutable.cpp][function main][line 215] Running Selected ModelArch ...
[19:30:39.052862][warning][source XilinxImplementation.cpp][function XilinxImplementation][line 23] XCL_EMULATION_MODE is not set. System run(real FPGA) is considered.
[19:30:39.727513][info][source ClassifierMultiPlatform.cpp][function ClassifierMultiplatform][line 69] PCL NPY PATH: /mnt/mydrive/00_workspace/01_fpgaruns/deeppoint-v1-fpga/data/dataset/dataset_B2048_pcl.npy
[19:30:39.727526][info][source ClassifierMultiPlatform.cpp][function ClassifierMultiplatform][line 70] LBL NPY PATH: /mnt/mydrive/00_workspace/01_fpgaruns/deeppoint-v1-fpga/data/dataset/dataset_B2048_labels_int32.npy
[19:30:39.739292][info][source ModelArchTop02.cpp][function Execute][line 521] Starting Process...
[19:30:39.739311][info][source ModelArchTop02.cpp][function Execute][line 522] Batch Size: 40
[19:30:39.739316][info][source ModelArchTop02.cpp][function Execute][line 523] Point Count: 1024
[19:30:58.110420][info][source ModelArchTop02.cpp][function Execute][line 559] DGCCN0 Started...
[19:31:05.900414][info][source ModelArchTop02.cpp][function Execute][line 603] DGCCN1 Started...
[19:31:15.817401][info][source ModelArchTop02.cpp][function Execute][line 645] DGCCN2 Started...
[19:31:25.800703][info][source ModelArchTop02.cpp][function Execute][line 687] DGCCN3 Started...
[19:31:38.132427][info][source ModelArchTop02.cpp][function Execute][line 728] Agg Layer Started...
[19:31:40.952038][info][source ModelArchTop02.cpp][function Execute][line 795] FC Layer1 Started...
[19:31:41.044945][info][source ModelArchTop02.cpp][function Execute][line 828] FC Layer2 Started...
[19:31:41.069201][info][source ModelArchTop02.cpp][function Execute][line 862] FC Layer3 Started...
[19:31:41.076837][info][source ClassifierMultiPlatform.cpp][function ClassifierMultiplatform][line 77] Model execution time with batchsize(40): 61.3375449180603 Seconds
[19:31:41.076850][info][source ClassifierMultiPlatform.cpp][function CalculateAccuracy][line 15] Computing Accuracy...
[19:31:41.076864][info][source ClassifierMultiPlatform.cpp][function CalculateAccuracy][line 57] Correct Count: 39.0
[19:31:41.076868][info][source ClassifierMultiPlatform.cpp][function CalculateAccuracy][line 58] Accuracy: 0.975
