[22:14:47.985801][info][source MainExecutable.cpp][function main][line 168] Batch-size: 10
[22:14:47.985928][info][source MainExecutable.cpp][function main][line 172] FPGA Image: /home/centos/deeppoint-v1-fpga/build/DeepPointV1FPGA_hw.awsxclbin
[22:14:47.985938][info][source MainExecutable.cpp][function main][line 177] Data Directory: /home/centos/deeppoint-v1-fpga/data
[22:14:47.985947][info][source MainExecutable.cpp][function main][line 214] ======================================================
[22:14:47.985951][info][source MainExecutable.cpp][function main][line 215] Running Selected ModelArch ...
[22:14:47.985967][warning][source XilinxImplementation.cpp][function XilinxImplementation][line 23] XCL_EMULATION_MODE is not set. System run(real FPGA) is considered.
[22:14:48.709882][info][source ClassifierMultiPlatform.cpp][function ClassifierMultiplatform][line 69] PCL NPY PATH: /home/centos/deeppoint-v1-fpga/data/dataset/dataset_B2048_pcl.npy
[22:14:48.709896][info][source ClassifierMultiPlatform.cpp][function ClassifierMultiplatform][line 70] LBL NPY PATH: /home/centos/deeppoint-v1-fpga/data/dataset/dataset_B2048_labels_int32.npy
[22:14:48.723256][info][source ModelArchTop02.cpp][function Execute][line 521] Starting Process...
[22:14:48.723277][info][source ModelArchTop02.cpp][function Execute][line 522] Batch Size: 10
[22:14:48.723282][info][source ModelArchTop02.cpp][function Execute][line 523] Point Count: 1024
[22:14:53.918291][info][source ModelArchTop02.cpp][function Execute][line 559] DGCCN0 Started...
[22:14:55.891704][info][source ModelArchTop02.cpp][function Execute][line 603] DGCCN1 Started...
[22:14:58.527049][info][source ModelArchTop02.cpp][function Execute][line 645] DGCCN2 Started...
[22:15:01.176007][info][source ModelArchTop02.cpp][function Execute][line 687] DGCCN3 Started...
[22:15:04.314851][info][source ModelArchTop02.cpp][function Execute][line 728] Agg Layer Started...
[22:15:05.179057][info][source ModelArchTop02.cpp][function Execute][line 795] FC Layer1 Started...
[22:15:05.215025][info][source ModelArchTop02.cpp][function Execute][line 828] FC Layer2 Started...
[22:15:05.232383][info][source ModelArchTop02.cpp][function Execute][line 862] FC Layer3 Started...
[22:15:05.234690][info][source ModelArchTop02.cpp][function Execute][line 874] Dumping Optimization Objective Started...
[22:15:05.235086][info][source ModelArchTop02.cpp][function Execute][line 876] Dumping Optimization Objective Finished.
[22:15:05.235288][info][source ClassifierMultiPlatform.cpp][function ClassifierMultiplatform][line 77] Model execution time with batchsize(10): 16.51202702522278 Seconds
[22:15:05.235298][info][source ClassifierMultiPlatform.cpp][function CalculateAccuracy][line 15] Computing Accuracy...
[22:15:05.235310][info][source ClassifierMultiPlatform.cpp][function CalculateAccuracy][line 57] Correct Count: 10.0
[22:15:05.235314][info][source ClassifierMultiPlatform.cpp][function CalculateAccuracy][line 58] Accuracy: 1.0
