[22:13:08.442982][info][source MainExecutable.cpp][function main][line 168] Batch-size: 5
[22:13:08.443110][info][source MainExecutable.cpp][function main][line 172] FPGA Image: /home/centos/deeppoint-v1-fpga/build/DeepPointV1FPGA_hw.awsxclbin
[22:13:08.443120][info][source MainExecutable.cpp][function main][line 177] Data Directory: /home/centos/deeppoint-v1-fpga/data
[22:13:08.443129][info][source MainExecutable.cpp][function main][line 214] ======================================================
[22:13:08.443133][info][source MainExecutable.cpp][function main][line 215] Running Selected ModelArch ...
[22:13:08.443149][warning][source XilinxImplementation.cpp][function XilinxImplementation][line 23] XCL_EMULATION_MODE is not set. System run(real FPGA) is considered.
[22:13:09.097304][info][source ClassifierMultiPlatform.cpp][function ClassifierMultiplatform][line 69] PCL NPY PATH: /home/centos/deeppoint-v1-fpga/data/dataset/dataset_B2048_pcl.npy
[22:13:09.097318][info][source ClassifierMultiPlatform.cpp][function ClassifierMultiplatform][line 70] LBL NPY PATH: /home/centos/deeppoint-v1-fpga/data/dataset/dataset_B2048_labels_int32.npy
[22:13:09.110199][info][source ModelArchTop02.cpp][function Execute][line 521] Starting Process...
[22:13:09.110220][info][source ModelArchTop02.cpp][function Execute][line 522] Batch Size: 5
[22:13:09.110225][info][source ModelArchTop02.cpp][function Execute][line 523] Point Count: 1024
[22:13:11.819537][info][source ModelArchTop02.cpp][function Execute][line 559] DGCCN0 Started...
[22:13:12.815014][info][source ModelArchTop02.cpp][function Execute][line 603] DGCCN1 Started...
[22:13:14.156411][info][source ModelArchTop02.cpp][function Execute][line 645] DGCCN2 Started...
[22:13:15.498701][info][source ModelArchTop02.cpp][function Execute][line 687] DGCCN3 Started...
[22:13:17.072648][info][source ModelArchTop02.cpp][function Execute][line 728] Agg Layer Started...
[22:13:17.517643][info][source ModelArchTop02.cpp][function Execute][line 795] FC Layer1 Started...
[22:13:17.544415][info][source ModelArchTop02.cpp][function Execute][line 828] FC Layer2 Started...
[22:13:17.561568][info][source ModelArchTop02.cpp][function Execute][line 862] FC Layer3 Started...
[22:13:17.563463][info][source ModelArchTop02.cpp][function Execute][line 874] Dumping Optimization Objective Started...
[22:13:17.563946][info][source ModelArchTop02.cpp][function Execute][line 876] Dumping Optimization Objective Finished.
[22:13:17.564224][info][source ClassifierMultiPlatform.cpp][function ClassifierMultiplatform][line 77] Model execution time with batchsize(5): 8.454018831253052 Seconds
[22:13:17.564233][info][source ClassifierMultiPlatform.cpp][function CalculateAccuracy][line 15] Computing Accuracy...
[22:13:17.564245][info][source ClassifierMultiPlatform.cpp][function CalculateAccuracy][line 57] Correct Count: 5.0
[22:13:17.564249][info][source ClassifierMultiPlatform.cpp][function CalculateAccuracy][line 58] Accuracy: 1.0
