[16:03:31.731618][info][source MainExecutable.cpp][function main][line 168] Batch-size: 10
[16:03:31.731728][info][source MainExecutable.cpp][function main][line 172] FPGA Image: /mnt/my2/00_workspace/deeppoint-v1-fpga/build2/DeepPointV1FPGA_hw.awsxclbin
[16:03:31.731736][info][source MainExecutable.cpp][function main][line 177] Data Directory: /mnt/my2/00_workspace/deeppoint-v1-fpga/data
[16:03:31.731744][info][source MainExecutable.cpp][function main][line 214] ======================================================
[16:03:31.731748][info][source MainExecutable.cpp][function main][line 215] Running Selected ModelArch ...
[16:03:31.731764][warning][source XilinxImplementation.cpp][function XilinxImplementation][line 23] XCL_EMULATION_MODE is not set. System run(real FPGA) is considered.
[16:03:32.440376][info][source ClassifierMultiPlatform.cpp][function ClassifierMultiplatform][line 69] PCL NPY PATH: /mnt/my2/00_workspace/deeppoint-v1-fpga/data/dataset/dataset_B2048_pcl.npy
[16:03:32.440391][info][source ClassifierMultiPlatform.cpp][function ClassifierMultiplatform][line 70] LBL NPY PATH: /mnt/my2/00_workspace/deeppoint-v1-fpga/data/dataset/dataset_B2048_labels_int32.npy
[16:03:32.453058][info][source ModelArchTop02.cpp][function Execute][line 521] Starting Process...
[16:03:32.453078][info][source ModelArchTop02.cpp][function Execute][line 522] Batch Size: 10
[16:03:32.453083][info][source ModelArchTop02.cpp][function Execute][line 523] Point Count: 1024
[16:03:38.453609][info][source ModelArchTop02.cpp][function Execute][line 559] DGCCN0 Started...
[16:03:40.673682][info][source ModelArchTop02.cpp][function Execute][line 603] DGCCN1 Started...
[16:03:43.632293][info][source ModelArchTop02.cpp][function Execute][line 645] DGCCN2 Started...
[16:03:46.616334][info][source ModelArchTop02.cpp][function Execute][line 687] DGCCN3 Started...
[16:03:50.268972][info][source ModelArchTop02.cpp][function Execute][line 728] Agg Layer Started...
[16:03:51.299206][info][source ModelArchTop02.cpp][function Execute][line 795] FC Layer1 Started...
[16:03:51.335425][info][source ModelArchTop02.cpp][function Execute][line 828] FC Layer2 Started...
[16:03:51.353027][info][source ModelArchTop02.cpp][function Execute][line 862] FC Layer3 Started...
[16:03:51.355346][info][source ModelArchTop02.cpp][function Execute][line 874] Dumping Optimization Objective Started...
[16:03:51.355744][info][source ModelArchTop02.cpp][function Execute][line 876] Dumping Optimization Objective Finished.
[16:03:51.355947][info][source ClassifierMultiPlatform.cpp][function ClassifierMultiplatform][line 77] Model execution time with batchsize(10): 18.902884006500244 Seconds
[16:03:51.355958][info][source ClassifierMultiPlatform.cpp][function CalculateAccuracy][line 15] Computing Accuracy...
[16:03:51.355971][info][source ClassifierMultiPlatform.cpp][function CalculateAccuracy][line 57] Correct Count: 10.0
[16:03:51.355975][info][source ClassifierMultiPlatform.cpp][function CalculateAccuracy][line 58] Accuracy: 1.0
