[16:03:02.871333][info][source MainExecutable.cpp][function main][line 168] Batch-size: 9
[16:03:02.871442][info][source MainExecutable.cpp][function main][line 172] FPGA Image: /mnt/my2/00_workspace/deeppoint-v1-fpga/build2/DeepPointV1FPGA_hw.awsxclbin
[16:03:02.871450][info][source MainExecutable.cpp][function main][line 177] Data Directory: /mnt/my2/00_workspace/deeppoint-v1-fpga/data
[16:03:02.871459][info][source MainExecutable.cpp][function main][line 214] ======================================================
[16:03:02.871463][info][source MainExecutable.cpp][function main][line 215] Running Selected ModelArch ...
[16:03:02.871478][warning][source XilinxImplementation.cpp][function XilinxImplementation][line 23] XCL_EMULATION_MODE is not set. System run(real FPGA) is considered.
[16:03:03.572539][info][source ClassifierMultiPlatform.cpp][function ClassifierMultiplatform][line 69] PCL NPY PATH: /mnt/my2/00_workspace/deeppoint-v1-fpga/data/dataset/dataset_B2048_pcl.npy
[16:03:03.572553][info][source ClassifierMultiPlatform.cpp][function ClassifierMultiplatform][line 70] LBL NPY PATH: /mnt/my2/00_workspace/deeppoint-v1-fpga/data/dataset/dataset_B2048_labels_int32.npy
[16:03:03.585620][info][source ModelArchTop02.cpp][function Execute][line 521] Starting Process...
[16:03:03.585642][info][source ModelArchTop02.cpp][function Execute][line 522] Batch Size: 9
[16:03:03.585646][info][source ModelArchTop02.cpp][function Execute][line 523] Point Count: 1024
[16:03:09.015761][info][source ModelArchTop02.cpp][function Execute][line 559] DGCCN0 Started...
[16:03:11.015902][info][source ModelArchTop02.cpp][function Execute][line 603] DGCCN1 Started...
[16:03:13.682004][info][source ModelArchTop02.cpp][function Execute][line 645] DGCCN2 Started...
[16:03:16.358839][info][source ModelArchTop02.cpp][function Execute][line 687] DGCCN3 Started...
[16:03:19.647273][info][source ModelArchTop02.cpp][function Execute][line 728] Agg Layer Started...
[16:03:20.574698][info][source ModelArchTop02.cpp][function Execute][line 795] FC Layer1 Started...
[16:03:20.608848][info][source ModelArchTop02.cpp][function Execute][line 828] FC Layer2 Started...
[16:03:20.626412][info][source ModelArchTop02.cpp][function Execute][line 862] FC Layer3 Started...
[16:03:20.628594][info][source ModelArchTop02.cpp][function Execute][line 874] Dumping Optimization Objective Started...
[16:03:20.629014][info][source ModelArchTop02.cpp][function Execute][line 876] Dumping Optimization Objective Finished.
[16:03:20.629232][info][source ClassifierMultiPlatform.cpp][function ClassifierMultiplatform][line 77] Model execution time with batchsize(9): 17.043605089187622 Seconds
[16:03:20.629241][info][source ClassifierMultiPlatform.cpp][function CalculateAccuracy][line 15] Computing Accuracy...
[16:03:20.629255][info][source ClassifierMultiPlatform.cpp][function CalculateAccuracy][line 57] Correct Count: 9.0
[16:03:20.629260][info][source ClassifierMultiPlatform.cpp][function CalculateAccuracy][line 58] Accuracy: 1.0
