[16:04:44.096932][info][source MainExecutable.cpp][function main][line 168] Batch-size: 20
[16:04:44.097041][info][source MainExecutable.cpp][function main][line 172] FPGA Image: /mnt/my2/00_workspace/deeppoint-v1-fpga/build2/DeepPointV1FPGA_hw.awsxclbin
[16:04:44.097049][info][source MainExecutable.cpp][function main][line 177] Data Directory: /mnt/my2/00_workspace/deeppoint-v1-fpga/data
[16:04:44.097057][info][source MainExecutable.cpp][function main][line 214] ======================================================
[16:04:44.097061][info][source MainExecutable.cpp][function main][line 215] Running Selected ModelArch ...
[16:04:44.097077][warning][source XilinxImplementation.cpp][function XilinxImplementation][line 23] XCL_EMULATION_MODE is not set. System run(real FPGA) is considered.
[16:04:44.731758][info][source ClassifierMultiPlatform.cpp][function ClassifierMultiplatform][line 69] PCL NPY PATH: /mnt/my2/00_workspace/deeppoint-v1-fpga/data/dataset/dataset_B2048_pcl.npy
[16:04:44.731771][info][source ClassifierMultiPlatform.cpp][function ClassifierMultiplatform][line 70] LBL NPY PATH: /mnt/my2/00_workspace/deeppoint-v1-fpga/data/dataset/dataset_B2048_labels_int32.npy
[16:04:44.744126][info][source ModelArchTop02.cpp][function Execute][line 521] Starting Process...
[16:04:44.744147][info][source ModelArchTop02.cpp][function Execute][line 522] Batch Size: 20
[16:04:44.744152][info][source ModelArchTop02.cpp][function Execute][line 523] Point Count: 1024
[16:04:56.421151][info][source ModelArchTop02.cpp][function Execute][line 559] DGCCN0 Started...
[16:05:00.802359][info][source ModelArchTop02.cpp][function Execute][line 603] DGCCN1 Started...
[16:05:06.698038][info][source ModelArchTop02.cpp][function Execute][line 645] DGCCN2 Started...
[16:05:12.611649][info][source ModelArchTop02.cpp][function Execute][line 687] DGCCN3 Started...
[16:05:19.861961][info][source ModelArchTop02.cpp][function Execute][line 728] Agg Layer Started...
[16:05:21.902482][info][source ModelArchTop02.cpp][function Execute][line 795] FC Layer1 Started...
[16:05:21.957401][info][source ModelArchTop02.cpp][function Execute][line 828] FC Layer2 Started...
[16:05:21.976565][info][source ModelArchTop02.cpp][function Execute][line 862] FC Layer3 Started...
[16:05:21.979412][info][source ModelArchTop02.cpp][function Execute][line 874] Dumping Optimization Objective Started...
[16:05:21.979830][info][source ModelArchTop02.cpp][function Execute][line 876] Dumping Optimization Objective Finished.
[16:05:21.980031][info][source ClassifierMultiPlatform.cpp][function ClassifierMultiplatform][line 77] Model execution time with batchsize(20): 37.23589897155762 Seconds
[16:05:21.980041][info][source ClassifierMultiPlatform.cpp][function CalculateAccuracy][line 15] Computing Accuracy...
[16:05:21.980055][info][source ClassifierMultiPlatform.cpp][function CalculateAccuracy][line 57] Correct Count: 19.0
[16:05:21.980059][info][source ClassifierMultiPlatform.cpp][function CalculateAccuracy][line 58] Accuracy: 0.95
