[22:15:14.119794][info][source MainExecutable.cpp][function main][line 168] Batch-size: 15
[22:15:14.119905][info][source MainExecutable.cpp][function main][line 172] FPGA Image: /home/centos/deeppoint-v1-fpga/build/DeepPointV1FPGA_hw.awsxclbin
[22:15:14.119915][info][source MainExecutable.cpp][function main][line 177] Data Directory: /home/centos/deeppoint-v1-fpga/data
[22:15:14.119923][info][source MainExecutable.cpp][function main][line 214] ======================================================
[22:15:14.119927][info][source MainExecutable.cpp][function main][line 215] Running Selected ModelArch ...
[22:15:14.119941][warning][source XilinxImplementation.cpp][function XilinxImplementation][line 23] XCL_EMULATION_MODE is not set. System run(real FPGA) is considered.
[22:15:14.799538][info][source ClassifierMultiPlatform.cpp][function ClassifierMultiplatform][line 69] PCL NPY PATH: /home/centos/deeppoint-v1-fpga/data/dataset/dataset_B2048_pcl.npy
[22:15:14.799551][info][source ClassifierMultiPlatform.cpp][function ClassifierMultiplatform][line 70] LBL NPY PATH: /home/centos/deeppoint-v1-fpga/data/dataset/dataset_B2048_labels_int32.npy
[22:15:14.812322][info][source ModelArchTop02.cpp][function Execute][line 521] Starting Process...
[22:15:14.812345][info][source ModelArchTop02.cpp][function Execute][line 522] Batch Size: 15
[22:15:14.812350][info][source ModelArchTop02.cpp][function Execute][line 523] Point Count: 1024
[22:15:22.429549][info][source ModelArchTop02.cpp][function Execute][line 559] DGCCN0 Started...
[22:15:25.379897][info][source ModelArchTop02.cpp][function Execute][line 603] DGCCN1 Started...
[22:15:29.325436][info][source ModelArchTop02.cpp][function Execute][line 645] DGCCN2 Started...
[22:15:33.283722][info][source ModelArchTop02.cpp][function Execute][line 687] DGCCN3 Started...
[22:15:37.951530][info][source ModelArchTop02.cpp][function Execute][line 728] Agg Layer Started...
[22:15:39.239934][info][source ModelArchTop02.cpp][function Execute][line 795] FC Layer1 Started...
[22:15:39.285604][info][source ModelArchTop02.cpp][function Execute][line 828] FC Layer2 Started...
[22:15:39.304420][info][source ModelArchTop02.cpp][function Execute][line 862] FC Layer3 Started...
[22:15:39.307062][info][source ModelArchTop02.cpp][function Execute][line 874] Dumping Optimization Objective Started...
[22:15:39.307454][info][source ModelArchTop02.cpp][function Execute][line 876] Dumping Optimization Objective Finished.
[22:15:39.307687][info][source ClassifierMultiPlatform.cpp][function ClassifierMultiplatform][line 77] Model execution time with batchsize(15): 24.495359897613525 Seconds
[22:15:39.307700][info][source ClassifierMultiPlatform.cpp][function CalculateAccuracy][line 15] Computing Accuracy...
[22:15:39.307714][info][source ClassifierMultiPlatform.cpp][function CalculateAccuracy][line 57] Correct Count: 15.0
[22:15:39.307719][info][source ClassifierMultiPlatform.cpp][function CalculateAccuracy][line 58] Accuracy: 1.0
