[22:13:40.986996][info][source MainExecutable.cpp][function main][line 168] Batch-size: 7
[22:13:40.987105][info][source MainExecutable.cpp][function main][line 172] FPGA Image: /home/centos/deeppoint-v1-fpga/build/DeepPointV1FPGA_hw.awsxclbin
[22:13:40.987115][info][source MainExecutable.cpp][function main][line 177] Data Directory: /home/centos/deeppoint-v1-fpga/data
[22:13:40.987122][info][source MainExecutable.cpp][function main][line 214] ======================================================
[22:13:40.987127][info][source MainExecutable.cpp][function main][line 215] Running Selected ModelArch ...
[22:13:40.987141][warning][source XilinxImplementation.cpp][function XilinxImplementation][line 23] XCL_EMULATION_MODE is not set. System run(real FPGA) is considered.
[22:13:41.659935][info][source ClassifierMultiPlatform.cpp][function ClassifierMultiplatform][line 69] PCL NPY PATH: /home/centos/deeppoint-v1-fpga/data/dataset/dataset_B2048_pcl.npy
[22:13:41.659949][info][source ClassifierMultiPlatform.cpp][function ClassifierMultiplatform][line 70] LBL NPY PATH: /home/centos/deeppoint-v1-fpga/data/dataset/dataset_B2048_labels_int32.npy
[22:13:41.672930][info][source ModelArchTop02.cpp][function Execute][line 521] Starting Process...
[22:13:41.672952][info][source ModelArchTop02.cpp][function Execute][line 522] Batch Size: 7
[22:13:41.672956][info][source ModelArchTop02.cpp][function Execute][line 523] Point Count: 1024
[22:13:45.399779][info][source ModelArchTop02.cpp][function Execute][line 559] DGCCN0 Started...
[22:13:46.793911][info][source ModelArchTop02.cpp][function Execute][line 603] DGCCN1 Started...
[22:13:48.651019][info][source ModelArchTop02.cpp][function Execute][line 645] DGCCN2 Started...
[22:13:50.517565][info][source ModelArchTop02.cpp][function Execute][line 687] DGCCN3 Started...
[22:13:52.713018][info][source ModelArchTop02.cpp][function Execute][line 728] Agg Layer Started...
[22:13:53.321944][info][source ModelArchTop02.cpp][function Execute][line 795] FC Layer1 Started...
[22:13:53.351943][info][source ModelArchTop02.cpp][function Execute][line 828] FC Layer2 Started...
[22:13:53.369280][info][source ModelArchTop02.cpp][function Execute][line 862] FC Layer3 Started...
[22:13:53.371305][info][source ModelArchTop02.cpp][function Execute][line 874] Dumping Optimization Objective Started...
[22:13:53.371743][info][source ModelArchTop02.cpp][function Execute][line 876] Dumping Optimization Objective Finished.
[22:13:53.371940][info][source ClassifierMultiPlatform.cpp][function ClassifierMultiplatform][line 77] Model execution time with batchsize(7): 11.699002981185913 Seconds
[22:13:53.371949][info][source ClassifierMultiPlatform.cpp][function CalculateAccuracy][line 15] Computing Accuracy...
[22:13:53.371961][info][source ClassifierMultiPlatform.cpp][function CalculateAccuracy][line 57] Correct Count: 7.0
[22:13:53.371965][info][source ClassifierMultiPlatform.cpp][function CalculateAccuracy][line 58] Accuracy: 1.0
