[16:01:41.620178][info][source MainExecutable.cpp][function main][line 168] Batch-size: 6
[16:01:41.620288][info][source MainExecutable.cpp][function main][line 172] FPGA Image: /mnt/my2/00_workspace/deeppoint-v1-fpga/build2/DeepPointV1FPGA_hw.awsxclbin
[16:01:41.620296][info][source MainExecutable.cpp][function main][line 177] Data Directory: /mnt/my2/00_workspace/deeppoint-v1-fpga/data
[16:01:41.620304][info][source MainExecutable.cpp][function main][line 214] ======================================================
[16:01:41.620308][info][source MainExecutable.cpp][function main][line 215] Running Selected ModelArch ...
[16:01:41.620324][warning][source XilinxImplementation.cpp][function XilinxImplementation][line 23] XCL_EMULATION_MODE is not set. System run(real FPGA) is considered.
[16:01:42.250586][info][source ClassifierMultiPlatform.cpp][function ClassifierMultiplatform][line 69] PCL NPY PATH: /mnt/my2/00_workspace/deeppoint-v1-fpga/data/dataset/dataset_B2048_pcl.npy
[16:01:42.250600][info][source ClassifierMultiPlatform.cpp][function ClassifierMultiplatform][line 70] LBL NPY PATH: /mnt/my2/00_workspace/deeppoint-v1-fpga/data/dataset/dataset_B2048_labels_int32.npy
[16:01:42.262696][info][source ModelArchTop02.cpp][function Execute][line 521] Starting Process...
[16:01:42.262715][info][source ModelArchTop02.cpp][function Execute][line 522] Batch Size: 6
[16:01:42.262720][info][source ModelArchTop02.cpp][function Execute][line 523] Point Count: 1024
[16:01:45.897449][info][source ModelArchTop02.cpp][function Execute][line 559] DGCCN0 Started...
[16:01:47.213826][info][source ModelArchTop02.cpp][function Execute][line 603] DGCCN1 Started...
[16:01:49.011272][info][source ModelArchTop02.cpp][function Execute][line 645] DGCCN2 Started...
[16:01:50.814986][info][source ModelArchTop02.cpp][function Execute][line 687] DGCCN3 Started...
[16:01:53.013563][info][source ModelArchTop02.cpp][function Execute][line 728] Agg Layer Started...
[16:01:53.635078][info][source ModelArchTop02.cpp][function Execute][line 795] FC Layer1 Started...
[16:01:53.662887][info][source ModelArchTop02.cpp][function Execute][line 828] FC Layer2 Started...
[16:01:53.679719][info][source ModelArchTop02.cpp][function Execute][line 862] FC Layer3 Started...
[16:01:53.681661][info][source ModelArchTop02.cpp][function Execute][line 874] Dumping Optimization Objective Started...
[16:01:53.682074][info][source ModelArchTop02.cpp][function Execute][line 876] Dumping Optimization Objective Finished.
[16:01:53.682283][info][source ClassifierMultiPlatform.cpp][function ClassifierMultiplatform][line 77] Model execution time with batchsize(6): 11.41958212852478 Seconds
[16:01:53.682293][info][source ClassifierMultiPlatform.cpp][function CalculateAccuracy][line 15] Computing Accuracy...
[16:01:53.682305][info][source ClassifierMultiPlatform.cpp][function CalculateAccuracy][line 57] Correct Count: 6.0
[16:01:53.682309][info][source ClassifierMultiPlatform.cpp][function CalculateAccuracy][line 58] Accuracy: 1.0
