[16:08:04.247115][info][source MainExecutable.cpp][function main][line 168] Batch-size: 35
[16:08:04.247222][info][source MainExecutable.cpp][function main][line 172] FPGA Image: /mnt/my2/00_workspace/deeppoint-v1-fpga/build2/DeepPointV1FPGA_hw.awsxclbin
[16:08:04.247230][info][source MainExecutable.cpp][function main][line 177] Data Directory: /mnt/my2/00_workspace/deeppoint-v1-fpga/data
[16:08:04.247239][info][source MainExecutable.cpp][function main][line 214] ======================================================
[16:08:04.247243][info][source MainExecutable.cpp][function main][line 215] Running Selected ModelArch ...
[16:08:04.247259][warning][source XilinxImplementation.cpp][function XilinxImplementation][line 23] XCL_EMULATION_MODE is not set. System run(real FPGA) is considered.
[16:08:04.955945][info][source ClassifierMultiPlatform.cpp][function ClassifierMultiplatform][line 69] PCL NPY PATH: /mnt/my2/00_workspace/deeppoint-v1-fpga/data/dataset/dataset_B2048_pcl.npy
[16:08:04.955957][info][source ClassifierMultiPlatform.cpp][function ClassifierMultiplatform][line 70] LBL NPY PATH: /mnt/my2/00_workspace/deeppoint-v1-fpga/data/dataset/dataset_B2048_labels_int32.npy
[16:08:04.968921][info][source ModelArchTop02.cpp][function Execute][line 521] Starting Process...
[16:08:04.968941][info][source ModelArchTop02.cpp][function Execute][line 522] Batch Size: 35
[16:08:04.968946][info][source ModelArchTop02.cpp][function Execute][line 523] Point Count: 1024
[16:08:25.138495][info][source ModelArchTop02.cpp][function Execute][line 559] DGCCN0 Started...
[16:08:32.803847][info][source ModelArchTop02.cpp][function Execute][line 603] DGCCN1 Started...
[16:08:43.043257][info][source ModelArchTop02.cpp][function Execute][line 645] DGCCN2 Started...
[16:08:53.333902][info][source ModelArchTop02.cpp][function Execute][line 687] DGCCN3 Started...
[16:09:05.938560][info][source ModelArchTop02.cpp][function Execute][line 728] Agg Layer Started...
[16:09:09.430348][info][source ModelArchTop02.cpp][function Execute][line 795] FC Layer1 Started...
[16:09:09.516614][info][source ModelArchTop02.cpp][function Execute][line 828] FC Layer2 Started...
[16:09:09.538312][info][source ModelArchTop02.cpp][function Execute][line 862] FC Layer3 Started...
[16:09:09.542192][info][source ModelArchTop02.cpp][function Execute][line 874] Dumping Optimization Objective Started...
[16:09:09.542603][info][source ModelArchTop02.cpp][function Execute][line 876] Dumping Optimization Objective Finished.
[16:09:09.542816][info][source ClassifierMultiPlatform.cpp][function ClassifierMultiplatform][line 77] Model execution time with batchsize(35): 64.5738890171051 Seconds
[16:09:09.542829][info][source ClassifierMultiPlatform.cpp][function CalculateAccuracy][line 15] Computing Accuracy...
[16:09:09.542843][info][source ClassifierMultiPlatform.cpp][function CalculateAccuracy][line 57] Correct Count: 35.0
[16:09:09.542848][info][source ClassifierMultiPlatform.cpp][function CalculateAccuracy][line 58] Accuracy: 1.0
