[22:22:03.418870][info][source MainExecutable.cpp][function main][line 168] Batch-size: 50
[22:22:03.419002][info][source MainExecutable.cpp][function main][line 172] FPGA Image: /home/centos/deeppoint-v1-fpga/build/DeepPointV1FPGA_hw.awsxclbin
[22:22:03.419012][info][source MainExecutable.cpp][function main][line 177] Data Directory: /home/centos/deeppoint-v1-fpga/data
[22:22:03.419021][info][source MainExecutable.cpp][function main][line 214] ======================================================
[22:22:03.419025][info][source MainExecutable.cpp][function main][line 215] Running Selected ModelArch ...
[22:22:03.419042][warning][source XilinxImplementation.cpp][function XilinxImplementation][line 23] XCL_EMULATION_MODE is not set. System run(real FPGA) is considered.
[22:22:04.090778][info][source ClassifierMultiPlatform.cpp][function ClassifierMultiplatform][line 69] PCL NPY PATH: /home/centos/deeppoint-v1-fpga/data/dataset/dataset_B2048_pcl.npy
[22:22:04.090792][info][source ClassifierMultiPlatform.cpp][function ClassifierMultiplatform][line 70] LBL NPY PATH: /home/centos/deeppoint-v1-fpga/data/dataset/dataset_B2048_labels_int32.npy
[22:22:04.103090][info][source ModelArchTop02.cpp][function Execute][line 521] Starting Process...
[22:22:04.103111][info][source ModelArchTop02.cpp][function Execute][line 522] Batch Size: 50
[22:22:04.103116][info][source ModelArchTop02.cpp][function Execute][line 523] Point Count: 1024
[22:22:28.562304][info][source ModelArchTop02.cpp][function Execute][line 559] DGCCN0 Started...
[22:22:38.241839][info][source ModelArchTop02.cpp][function Execute][line 603] DGCCN1 Started...
[22:22:51.235576][info][source ModelArchTop02.cpp][function Execute][line 645] DGCCN2 Started...
[22:23:04.309904][info][source ModelArchTop02.cpp][function Execute][line 687] DGCCN3 Started...
[22:23:19.730257][info][source ModelArchTop02.cpp][function Execute][line 728] Agg Layer Started...
[22:23:23.917139][info][source ModelArchTop02.cpp][function Execute][line 795] FC Layer1 Started...
[22:23:24.026086][info][source ModelArchTop02.cpp][function Execute][line 828] FC Layer2 Started...
[22:23:24.050591][info][source ModelArchTop02.cpp][function Execute][line 862] FC Layer3 Started...
[22:23:24.055559][info][source ModelArchTop02.cpp][function Execute][line 874] Dumping Optimization Objective Started...
[22:23:24.055963][info][source ModelArchTop02.cpp][function Execute][line 876] Dumping Optimization Objective Finished.
[22:23:24.056209][info][source ClassifierMultiPlatform.cpp][function ClassifierMultiplatform][line 77] Model execution time with batchsize(50): 79.95311307907104 Seconds
[22:23:24.056219][info][source ClassifierMultiPlatform.cpp][function CalculateAccuracy][line 15] Computing Accuracy...
[22:23:24.056233][info][source ClassifierMultiPlatform.cpp][function CalculateAccuracy][line 57] Correct Count: 48.0
[22:23:24.056238][info][source ClassifierMultiPlatform.cpp][function CalculateAccuracy][line 58] Accuracy: 0.96
