[22:16:28.328519][info][source MainExecutable.cpp][function main][line 168] Batch-size: 25
[22:16:28.328633][info][source MainExecutable.cpp][function main][line 172] FPGA Image: /home/centos/deeppoint-v1-fpga/build/DeepPointV1FPGA_hw.awsxclbin
[22:16:28.328643][info][source MainExecutable.cpp][function main][line 177] Data Directory: /home/centos/deeppoint-v1-fpga/data
[22:16:28.328651][info][source MainExecutable.cpp][function main][line 214] ======================================================
[22:16:28.328656][info][source MainExecutable.cpp][function main][line 215] Running Selected ModelArch ...
[22:16:28.328670][warning][source XilinxImplementation.cpp][function XilinxImplementation][line 23] XCL_EMULATION_MODE is not set. System run(real FPGA) is considered.
[22:16:29.054611][info][source ClassifierMultiPlatform.cpp][function ClassifierMultiplatform][line 69] PCL NPY PATH: /home/centos/deeppoint-v1-fpga/data/dataset/dataset_B2048_pcl.npy
[22:16:29.054624][info][source ClassifierMultiPlatform.cpp][function ClassifierMultiplatform][line 70] LBL NPY PATH: /home/centos/deeppoint-v1-fpga/data/dataset/dataset_B2048_labels_int32.npy
[22:16:29.067334][info][source ModelArchTop02.cpp][function Execute][line 521] Starting Process...
[22:16:29.067362][info][source ModelArchTop02.cpp][function Execute][line 522] Batch Size: 25
[22:16:29.067367][info][source ModelArchTop02.cpp][function Execute][line 523] Point Count: 1024
[22:16:41.507284][info][source ModelArchTop02.cpp][function Execute][line 559] DGCCN0 Started...
[22:16:46.381260][info][source ModelArchTop02.cpp][function Execute][line 603] DGCCN1 Started...
[22:16:52.910613][info][source ModelArchTop02.cpp][function Execute][line 645] DGCCN2 Started...
[22:16:59.483463][info][source ModelArchTop02.cpp][function Execute][line 687] DGCCN3 Started...
[22:17:07.246285][info][source ModelArchTop02.cpp][function Execute][line 728] Agg Layer Started...
[22:17:09.364594][info][source ModelArchTop02.cpp][function Execute][line 795] FC Layer1 Started...
[22:17:09.435821][info][source ModelArchTop02.cpp][function Execute][line 828] FC Layer2 Started...
[22:17:09.456931][info][source ModelArchTop02.cpp][function Execute][line 862] FC Layer3 Started...
[22:17:09.460233][info][source ModelArchTop02.cpp][function Execute][line 874] Dumping Optimization Objective Started...
[22:17:09.460650][info][source ModelArchTop02.cpp][function Execute][line 876] Dumping Optimization Objective Finished.
[22:17:09.460857][info][source ClassifierMultiPlatform.cpp][function ClassifierMultiplatform][line 77] Model execution time with batchsize(25): 40.39351797103882 Seconds
[22:17:09.460868][info][source ClassifierMultiPlatform.cpp][function CalculateAccuracy][line 15] Computing Accuracy...
[22:17:09.460881][info][source ClassifierMultiPlatform.cpp][function CalculateAccuracy][line 57] Correct Count: 25.0
[22:17:09.460886][info][source ClassifierMultiPlatform.cpp][function CalculateAccuracy][line 58] Accuracy: 1.0
