[22:19:26.822368][info][source MainExecutable.cpp][function main][line 168] Batch-size: 40
[22:19:26.822547][info][source MainExecutable.cpp][function main][line 172] FPGA Image: /home/centos/deeppoint-v1-fpga/build/DeepPointV1FPGA_hw.awsxclbin
[22:19:26.822560][info][source MainExecutable.cpp][function main][line 177] Data Directory: /home/centos/deeppoint-v1-fpga/data
[22:19:26.822569][info][source MainExecutable.cpp][function main][line 214] ======================================================
[22:19:26.822573][info][source MainExecutable.cpp][function main][line 215] Running Selected ModelArch ...
[22:19:26.822590][warning][source XilinxImplementation.cpp][function XilinxImplementation][line 23] XCL_EMULATION_MODE is not set. System run(real FPGA) is considered.
[22:19:27.481511][info][source ClassifierMultiPlatform.cpp][function ClassifierMultiplatform][line 69] PCL NPY PATH: /home/centos/deeppoint-v1-fpga/data/dataset/dataset_B2048_pcl.npy
[22:19:27.481525][info][source ClassifierMultiPlatform.cpp][function ClassifierMultiplatform][line 70] LBL NPY PATH: /home/centos/deeppoint-v1-fpga/data/dataset/dataset_B2048_labels_int32.npy
[22:19:27.494672][info][source ModelArchTop02.cpp][function Execute][line 521] Starting Process...
[22:19:27.494692][info][source ModelArchTop02.cpp][function Execute][line 522] Batch Size: 40
[22:19:27.494697][info][source ModelArchTop02.cpp][function Execute][line 523] Point Count: 1024
[22:19:47.205025][info][source ModelArchTop02.cpp][function Execute][line 559] DGCCN0 Started...
[22:19:54.978557][info][source ModelArchTop02.cpp][function Execute][line 603] DGCCN1 Started...
[22:20:05.410275][info][source ModelArchTop02.cpp][function Execute][line 645] DGCCN2 Started...
[22:20:15.885165][info][source ModelArchTop02.cpp][function Execute][line 687] DGCCN3 Started...
[22:20:28.234686][info][source ModelArchTop02.cpp][function Execute][line 728] Agg Layer Started...
[22:20:31.601775][info][source ModelArchTop02.cpp][function Execute][line 795] FC Layer1 Started...
[22:20:31.693280][info][source ModelArchTop02.cpp][function Execute][line 828] FC Layer2 Started...
[22:20:31.716871][info][source ModelArchTop02.cpp][function Execute][line 862] FC Layer3 Started...
[22:20:31.721154][info][source ModelArchTop02.cpp][function Execute][line 874] Dumping Optimization Objective Started...
[22:20:31.721562][info][source ModelArchTop02.cpp][function Execute][line 876] Dumping Optimization Objective Finished.
[22:20:31.721796][info][source ClassifierMultiPlatform.cpp][function ClassifierMultiplatform][line 77] Model execution time with batchsize(40): 64.22711896896362 Seconds
[22:20:31.721807][info][source ClassifierMultiPlatform.cpp][function CalculateAccuracy][line 15] Computing Accuracy...
[22:20:31.721821][info][source ClassifierMultiPlatform.cpp][function CalculateAccuracy][line 57] Correct Count: 39.0
[22:20:31.721825][info][source ClassifierMultiPlatform.cpp][function CalculateAccuracy][line 58] Accuracy: 0.975
