[16:12:32.424341][info][source MainExecutable.cpp][function main][line 168] Batch-size: 50
[16:12:32.424450][info][source MainExecutable.cpp][function main][line 172] FPGA Image: /mnt/my2/00_workspace/deeppoint-v1-fpga/build2/DeepPointV1FPGA_hw.awsxclbin
[16:12:32.424459][info][source MainExecutable.cpp][function main][line 177] Data Directory: /mnt/my2/00_workspace/deeppoint-v1-fpga/data
[16:12:32.424467][info][source MainExecutable.cpp][function main][line 214] ======================================================
[16:12:32.424471][info][source MainExecutable.cpp][function main][line 215] Running Selected ModelArch ...
[16:12:32.424486][warning][source XilinxImplementation.cpp][function XilinxImplementation][line 23] XCL_EMULATION_MODE is not set. System run(real FPGA) is considered.
[16:12:33.076196][info][source ClassifierMultiPlatform.cpp][function ClassifierMultiplatform][line 69] PCL NPY PATH: /mnt/my2/00_workspace/deeppoint-v1-fpga/data/dataset/dataset_B2048_pcl.npy
[16:12:33.076211][info][source ClassifierMultiPlatform.cpp][function ClassifierMultiplatform][line 70] LBL NPY PATH: /mnt/my2/00_workspace/deeppoint-v1-fpga/data/dataset/dataset_B2048_labels_int32.npy
[16:12:33.088571][info][source ModelArchTop02.cpp][function Execute][line 521] Starting Process...
[16:12:33.088593][info][source ModelArchTop02.cpp][function Execute][line 522] Batch Size: 50
[16:12:33.088599][info][source ModelArchTop02.cpp][function Execute][line 523] Point Count: 1024
[16:13:01.772507][info][source ModelArchTop02.cpp][function Execute][line 559] DGCCN0 Started...
[16:13:12.668326][info][source ModelArchTop02.cpp][function Execute][line 603] DGCCN1 Started...
[16:13:27.269196][info][source ModelArchTop02.cpp][function Execute][line 645] DGCCN2 Started...
[16:13:41.945900][info][source ModelArchTop02.cpp][function Execute][line 687] DGCCN3 Started...
[16:13:59.931980][info][source ModelArchTop02.cpp][function Execute][line 728] Agg Layer Started...
[16:14:04.947711][info][source ModelArchTop02.cpp][function Execute][line 795] FC Layer1 Started...
[16:14:05.056544][info][source ModelArchTop02.cpp][function Execute][line 828] FC Layer2 Started...
[16:14:05.080943][info][source ModelArchTop02.cpp][function Execute][line 862] FC Layer3 Started...
[16:14:05.086010][info][source ModelArchTop02.cpp][function Execute][line 874] Dumping Optimization Objective Started...
[16:14:05.086423][info][source ModelArchTop02.cpp][function Execute][line 876] Dumping Optimization Objective Finished.
[16:14:05.086652][info][source ClassifierMultiPlatform.cpp][function ClassifierMultiplatform][line 77] Model execution time with batchsize(50): 91.99807500839233 Seconds
[16:14:05.086663][info][source ClassifierMultiPlatform.cpp][function CalculateAccuracy][line 15] Computing Accuracy...
[16:14:05.086678][info][source ClassifierMultiPlatform.cpp][function CalculateAccuracy][line 57] Correct Count: 48.0
[16:14:05.086683][info][source ClassifierMultiPlatform.cpp][function CalculateAccuracy][line 58] Accuracy: 0.96
