[16:06:54.201022][info][source MainExecutable.cpp][function main][line 168] Batch-size: 30
[16:06:54.201131][info][source MainExecutable.cpp][function main][line 172] FPGA Image: /mnt/my2/00_workspace/deeppoint-v1-fpga/build2/DeepPointV1FPGA_hw.awsxclbin
[16:06:54.201139][info][source MainExecutable.cpp][function main][line 177] Data Directory: /mnt/my2/00_workspace/deeppoint-v1-fpga/data
[16:06:54.201147][info][source MainExecutable.cpp][function main][line 214] ======================================================
[16:06:54.201151][info][source MainExecutable.cpp][function main][line 215] Running Selected ModelArch ...
[16:06:54.201167][warning][source XilinxImplementation.cpp][function XilinxImplementation][line 23] XCL_EMULATION_MODE is not set. System run(real FPGA) is considered.
[16:06:54.875760][info][source ClassifierMultiPlatform.cpp][function ClassifierMultiplatform][line 69] PCL NPY PATH: /mnt/my2/00_workspace/deeppoint-v1-fpga/data/dataset/dataset_B2048_pcl.npy
[16:06:54.875773][info][source ClassifierMultiPlatform.cpp][function ClassifierMultiplatform][line 70] LBL NPY PATH: /mnt/my2/00_workspace/deeppoint-v1-fpga/data/dataset/dataset_B2048_labels_int32.npy
[16:06:54.888528][info][source ModelArchTop02.cpp][function Execute][line 521] Starting Process...
[16:06:54.888549][info][source ModelArchTop02.cpp][function Execute][line 522] Batch Size: 30
[16:06:54.888554][info][source ModelArchTop02.cpp][function Execute][line 523] Point Count: 1024
[16:07:12.237360][info][source ModelArchTop02.cpp][function Execute][line 559] DGCCN0 Started...
[16:07:18.816242][info][source ModelArchTop02.cpp][function Execute][line 603] DGCCN1 Started...
[16:07:27.635860][info][source ModelArchTop02.cpp][function Execute][line 645] DGCCN2 Started...
[16:07:36.469890][info][source ModelArchTop02.cpp][function Execute][line 687] DGCCN3 Started...
[16:07:47.294583][info][source ModelArchTop02.cpp][function Execute][line 728] Agg Layer Started...
[16:07:50.316672][info][source ModelArchTop02.cpp][function Execute][line 795] FC Layer1 Started...
[16:07:50.389519][info][source ModelArchTop02.cpp][function Execute][line 828] FC Layer2 Started...
[16:07:50.410709][info][source ModelArchTop02.cpp][function Execute][line 862] FC Layer3 Started...
[16:07:50.414357][info][source ModelArchTop02.cpp][function Execute][line 874] Dumping Optimization Objective Started...
[16:07:50.414760][info][source ModelArchTop02.cpp][function Execute][line 876] Dumping Optimization Objective Finished.
[16:07:50.414992][info][source ClassifierMultiPlatform.cpp][function ClassifierMultiplatform][line 77] Model execution time with batchsize(30): 55.526458978652954 Seconds
[16:07:50.415002][info][source ClassifierMultiPlatform.cpp][function CalculateAccuracy][line 15] Computing Accuracy...
[16:07:50.415016][info][source ClassifierMultiPlatform.cpp][function CalculateAccuracy][line 57] Correct Count: 30.0
[16:07:50.415020][info][source ClassifierMultiPlatform.cpp][function CalculateAccuracy][line 58] Accuracy: 1.0
