[19:37:25.971623][info][source MainExecutable.cpp][function main][line 168] Batch-size: 1
[19:37:25.971725][info][source MainExecutable.cpp][function main][line 172] FPGA Image: /mnt/mydrive/00_workspace/01_fpgaruns/deeppoint-v1-fpga/build1/DeepPointV1FPGA_hw.awsxclbin
[19:37:25.971734][info][source MainExecutable.cpp][function main][line 177] Data Directory: /mnt/mydrive/00_workspace/01_fpgaruns/deeppoint-v1-fpga/data
[19:37:25.971742][info][source MainExecutable.cpp][function main][line 214] ======================================================
[19:37:25.971746][info][source MainExecutable.cpp][function main][line 215] Running Selected ModelArch ...
[19:37:25.971765][warning][source XilinxImplementation.cpp][function XilinxImplementation][line 23] XCL_EMULATION_MODE is not set. System run(real FPGA) is considered.
[19:37:26.545416][debug][source WeightsLoader.cpp][function _ResolveMemoryBankOclXilinx][line 328] The weight tensor "agg.biases.npy" is considered to be related to the layer "Conv2" and will be transfered to the DDR bank 1
[19:37:26.545626][debug][source WeightsLoader.cpp][function _ResolveMemoryBankOclXilinx][line 333] The weight tensor "agg.bn.agg.bn.moments.Squeeze_1.ExponentialMovingAverage.npy" is considered to be related to the layer "MatOps" and will be transfered to the DDR bank 1
[19:37:26.545798][debug][source WeightsLoader.cpp][function _ResolveMemoryBankOclXilinx][line 333] The weight tensor "agg.bn.agg.bn.moments.Squeeze.ExponentialMovingAverage.npy" is considered to be related to the layer "MatOps" and will be transfered to the DDR bank 1
[19:37:26.546246][debug][source WeightsLoader.cpp][function _ResolveMemoryBankOclXilinx][line 333] The weight tensor "agg.bn.beta.npy" is considered to be related to the layer "MatOps" and will be transfered to the DDR bank 1
[19:37:26.546714][debug][source WeightsLoader.cpp][function _ResolveMemoryBankOclXilinx][line 333] The weight tensor "agg.bn.gamma.npy" is considered to be related to the layer "MatOps" and will be transfered to the DDR bank 1
[19:37:26.554301][debug][source WeightsLoader.cpp][function _ResolveMemoryBankOclXilinx][line 328] The weight tensor "agg.weights.npy" is considered to be related to the layer "Conv2" and will be transfered to the DDR bank 1
[19:37:26.557249][debug][source WeightsLoader.cpp][function _ResolveMemoryBankOclXilinx][line 328] The weight tensor "dgcnn1.biases.npy" is considered to be related to the layer "Conv2" and will be transfered to the DDR bank 1
[19:37:26.557701][debug][source WeightsLoader.cpp][function _ResolveMemoryBankOclXilinx][line 333] The weight tensor "dgcnn1.bn.beta.npy" is considered to be related to the layer "MatOps" and will be transfered to the DDR bank 1
[19:37:26.557857][debug][source WeightsLoader.cpp][function _ResolveMemoryBankOclXilinx][line 333] The weight tensor "dgcnn1.bn.dgcnn1.bn.moments.Squeeze_1.ExponentialMovingAverage.npy" is considered to be related to the layer "MatOps" and will be transfered to the DDR bank 1
[19:37:26.558032][debug][source WeightsLoader.cpp][function _ResolveMemoryBankOclXilinx][line 333] The weight tensor "dgcnn1.bn.dgcnn1.bn.moments.Squeeze.ExponentialMovingAverage.npy" is considered to be related to the layer "MatOps" and will be transfered to the DDR bank 1
[19:37:26.558464][debug][source WeightsLoader.cpp][function _ResolveMemoryBankOclXilinx][line 333] The weight tensor "dgcnn1.bn.gamma.npy" is considered to be related to the layer "MatOps" and will be transfered to the DDR bank 1
[19:37:26.558910][debug][source WeightsLoader.cpp][function _ResolveMemoryBankOclXilinx][line 328] The weight tensor "dgcnn1.weights.npy" is considered to be related to the layer "Conv2" and will be transfered to the DDR bank 1
[19:37:26.559352][debug][source WeightsLoader.cpp][function _ResolveMemoryBankOclXilinx][line 328] The weight tensor "dgcnn2.biases.npy" is considered to be related to the layer "Conv2" and will be transfered to the DDR bank 1
[19:37:26.559807][debug][source WeightsLoader.cpp][function _ResolveMemoryBankOclXilinx][line 333] The weight tensor "dgcnn2.bn.beta.npy" is considered to be related to the layer "MatOps" and will be transfered to the DDR bank 1
[19:37:26.559982][debug][source WeightsLoader.cpp][function _ResolveMemoryBankOclXilinx][line 333] The weight tensor "dgcnn2.bn.dgcnn2.bn.moments.Squeeze_1.ExponentialMovingAverage.npy" is considered to be related to the layer "MatOps" and will be transfered to the DDR bank 1
[19:37:26.560141][debug][source WeightsLoader.cpp][function _ResolveMemoryBankOclXilinx][line 333] The weight tensor "dgcnn2.bn.dgcnn2.bn.moments.Squeeze.ExponentialMovingAverage.npy" is considered to be related to the layer "MatOps" and will be transfered to the DDR bank 1
[19:37:26.560586][debug][source WeightsLoader.cpp][function _ResolveMemoryBankOclXilinx][line 333] The weight tensor "dgcnn2.bn.gamma.npy" is considered to be related to the layer "MatOps" and will be transfered to the DDR bank 1
[19:37:26.561142][debug][source WeightsLoader.cpp][function _ResolveMemoryBankOclXilinx][line 328] The weight tensor "dgcnn2.weights.npy" is considered to be related to the layer "Conv2" and will be transfered to the DDR bank 1
[19:37:26.561636][debug][source WeightsLoader.cpp][function _ResolveMemoryBankOclXilinx][line 328] The weight tensor "dgcnn3.biases.npy" is considered to be related to the layer "Conv2" and will be transfered to the DDR bank 1
[19:37:26.562068][debug][source WeightsLoader.cpp][function _ResolveMemoryBankOclXilinx][line 333] The weight tensor "dgcnn3.bn.beta.npy" is considered to be related to the layer "MatOps" and will be transfered to the DDR bank 1
[19:37:26.562225][debug][source WeightsLoader.cpp][function _ResolveMemoryBankOclXilinx][line 333] The weight tensor "dgcnn3.bn.dgcnn3.bn.moments.Squeeze_1.ExponentialMovingAverage.npy" is considered to be related to the layer "MatOps" and will be transfered to the DDR bank 1
[19:37:26.562380][debug][source WeightsLoader.cpp][function _ResolveMemoryBankOclXilinx][line 333] The weight tensor "dgcnn3.bn.dgcnn3.bn.moments.Squeeze.ExponentialMovingAverage.npy" is considered to be related to the layer "MatOps" and will be transfered to the DDR bank 1
[19:37:26.562848][debug][source WeightsLoader.cpp][function _ResolveMemoryBankOclXilinx][line 333] The weight tensor "dgcnn3.bn.gamma.npy" is considered to be related to the layer "MatOps" and will be transfered to the DDR bank 1
[19:37:26.563413][debug][source WeightsLoader.cpp][function _ResolveMemoryBankOclXilinx][line 328] The weight tensor "dgcnn3.weights.npy" is considered to be related to the layer "Conv2" and will be transfered to the DDR bank 1
[19:37:26.563909][debug][source WeightsLoader.cpp][function _ResolveMemoryBankOclXilinx][line 328] The weight tensor "dgcnn4.biases.npy" is considered to be related to the layer "Conv2" and will be transfered to the DDR bank 1
[19:37:26.564354][debug][source WeightsLoader.cpp][function _ResolveMemoryBankOclXilinx][line 333] The weight tensor "dgcnn4.bn.beta.npy" is considered to be related to the layer "MatOps" and will be transfered to the DDR bank 1
[19:37:26.564521][debug][source WeightsLoader.cpp][function _ResolveMemoryBankOclXilinx][line 333] The weight tensor "dgcnn4.bn.dgcnn4.bn.moments.Squeeze_1.ExponentialMovingAverage.npy" is considered to be related to the layer "MatOps" and will be transfered to the DDR bank 1
[19:37:26.564704][debug][source WeightsLoader.cpp][function _ResolveMemoryBankOclXilinx][line 333] The weight tensor "dgcnn4.bn.dgcnn4.bn.moments.Squeeze.ExponentialMovingAverage.npy" is considered to be related to the layer "MatOps" and will be transfered to the DDR bank 1
[19:37:26.565142][debug][source WeightsLoader.cpp][function _ResolveMemoryBankOclXilinx][line 333] The weight tensor "dgcnn4.bn.gamma.npy" is considered to be related to the layer "MatOps" and will be transfered to the DDR bank 1
[19:37:26.565826][debug][source WeightsLoader.cpp][function _ResolveMemoryBankOclXilinx][line 328] The weight tensor "dgcnn4.weights.npy" is considered to be related to the layer "Conv2" and will be transfered to the DDR bank 1
[19:37:26.566363][debug][source WeightsLoader.cpp][function _ResolveMemoryBankOclXilinx][line 333] The weight tensor "fc1.biases.npy" is considered to be related to the layer "MatOps" and will be transfered to the DDR bank 1
[19:37:26.566836][debug][source WeightsLoader.cpp][function _ResolveMemoryBankOclXilinx][line 333] The weight tensor "fc1.bn.beta.npy" is considered to be related to the layer "MatOps" and will be transfered to the DDR bank 1
[19:37:26.566996][debug][source WeightsLoader.cpp][function _ResolveMemoryBankOclXilinx][line 333] The weight tensor "fc1.bn.fc1.bn.moments.Squeeze_1.ExponentialMovingAverage.npy" is considered to be related to the layer "MatOps" and will be transfered to the DDR bank 1
[19:37:26.567157][debug][source WeightsLoader.cpp][function _ResolveMemoryBankOclXilinx][line 333] The weight tensor "fc1.bn.fc1.bn.moments.Squeeze.ExponentialMovingAverage.npy" is considered to be related to the layer "MatOps" and will be transfered to the DDR bank 1
[19:37:26.567619][debug][source WeightsLoader.cpp][function _ResolveMemoryBankOclXilinx][line 333] The weight tensor "fc1.bn.gamma.npy" is considered to be related to the layer "MatOps" and will be transfered to the DDR bank 1
[19:37:26.579791][debug][source WeightsLoader.cpp][function _ResolveMemoryBankOclXilinx][line 338] The weight tensor "fc1.weights.npy" is considered to be related to the layer "MatMul" and will be transfered to the DDR bank 2
[19:37:26.584164][debug][source WeightsLoader.cpp][function _ResolveMemoryBankOclXilinx][line 333] The weight tensor "fc2.biases.npy" is considered to be related to the layer "MatOps" and will be transfered to the DDR bank 1
[19:37:26.584630][debug][source WeightsLoader.cpp][function _ResolveMemoryBankOclXilinx][line 333] The weight tensor "fc2.bn.beta.npy" is considered to be related to the layer "MatOps" and will be transfered to the DDR bank 1
[19:37:26.584791][debug][source WeightsLoader.cpp][function _ResolveMemoryBankOclXilinx][line 333] The weight tensor "fc2.bn.fc2.bn.moments.Squeeze_1.ExponentialMovingAverage.npy" is considered to be related to the layer "MatOps" and will be transfered to the DDR bank 1
[19:37:26.584952][debug][source WeightsLoader.cpp][function _ResolveMemoryBankOclXilinx][line 333] The weight tensor "fc2.bn.fc2.bn.moments.Squeeze.ExponentialMovingAverage.npy" is considered to be related to the layer "MatOps" and will be transfered to the DDR bank 1
[19:37:26.585394][debug][source WeightsLoader.cpp][function _ResolveMemoryBankOclXilinx][line 333] The weight tensor "fc2.bn.gamma.npy" is considered to be related to the layer "MatOps" and will be transfered to the DDR bank 1
[19:37:26.587657][debug][source WeightsLoader.cpp][function _ResolveMemoryBankOclXilinx][line 338] The weight tensor "fc2.weights.npy" is considered to be related to the layer "MatMul" and will be transfered to the DDR bank 2
[19:37:26.588834][debug][source WeightsLoader.cpp][function _ResolveMemoryBankOclXilinx][line 333] The weight tensor "fc3.biases.npy" is considered to be related to the layer "MatOps" and will be transfered to the DDR bank 1
[19:37:26.589447][debug][source WeightsLoader.cpp][function _ResolveMemoryBankOclXilinx][line 338] The weight tensor "fc3.weights.npy" is considered to be related to the layer "MatMul" and will be transfered to the DDR bank 2
[19:37:26.589959][debug][source WeightsLoader.cpp][function _ResolveMemoryBankOclXilinx][line 328] The weight tensor "transform_net1.tconv1.biases.npy" is considered to be related to the layer "Conv2" and will be transfered to the DDR bank 1
[19:37:26.590394][debug][source WeightsLoader.cpp][function _ResolveMemoryBankOclXilinx][line 333] The weight tensor "transform_net1.tconv1.bn.beta.npy" is considered to be related to the layer "MatOps" and will be transfered to the DDR bank 1
[19:37:26.590843][debug][source WeightsLoader.cpp][function _ResolveMemoryBankOclXilinx][line 333] The weight tensor "transform_net1.tconv1.bn.gamma.npy" is considered to be related to the layer "MatOps" and will be transfered to the DDR bank 1
[19:37:26.590999][debug][source WeightsLoader.cpp][function _ResolveMemoryBankOclXilinx][line 333] The weight tensor "transform_net1.tconv1.bn.transform_net1.tconv1.bn.moments.Squeeze_1.ExponentialMovingAverage.npy" is considered to be related to the layer "MatOps" and will be transfered to the DDR bank 1
[19:37:26.591176][debug][source WeightsLoader.cpp][function _ResolveMemoryBankOclXilinx][line 333] The weight tensor "transform_net1.tconv1.bn.transform_net1.tconv1.bn.moments.Squeeze.ExponentialMovingAverage.npy" is considered to be related to the layer "MatOps" and will be transfered to the DDR bank 1
[19:37:26.591640][debug][source WeightsLoader.cpp][function _ResolveMemoryBankOclXilinx][line 328] The weight tensor "transform_net1.tconv1.weights.npy" is considered to be related to the layer "Conv2" and will be transfered to the DDR bank 1
[19:37:26.592088][debug][source WeightsLoader.cpp][function _ResolveMemoryBankOclXilinx][line 328] The weight tensor "transform_net1.tconv2.biases.npy" is considered to be related to the layer "Conv2" and will be transfered to the DDR bank 1
[19:37:26.592539][debug][source WeightsLoader.cpp][function _ResolveMemoryBankOclXilinx][line 333] The weight tensor "transform_net1.tconv2.bn.beta.npy" is considered to be related to the layer "MatOps" and will be transfered to the DDR bank 1
[19:37:26.593073][debug][source WeightsLoader.cpp][function _ResolveMemoryBankOclXilinx][line 333] The weight tensor "transform_net1.tconv2.bn.gamma.npy" is considered to be related to the layer "MatOps" and will be transfered to the DDR bank 1
[19:37:26.593231][debug][source WeightsLoader.cpp][function _ResolveMemoryBankOclXilinx][line 333] The weight tensor "transform_net1.tconv2.bn.transform_net1.tconv2.bn.moments.Squeeze_1.ExponentialMovingAverage.npy" is considered to be related to the layer "MatOps" and will be transfered to the DDR bank 1
[19:37:26.593390][debug][source WeightsLoader.cpp][function _ResolveMemoryBankOclXilinx][line 333] The weight tensor "transform_net1.tconv2.bn.transform_net1.tconv2.bn.moments.Squeeze.ExponentialMovingAverage.npy" is considered to be related to the layer "MatOps" and will be transfered to the DDR bank 1
[19:37:26.593954][debug][source WeightsLoader.cpp][function _ResolveMemoryBankOclXilinx][line 328] The weight tensor "transform_net1.tconv2.weights.npy" is considered to be related to the layer "Conv2" and will be transfered to the DDR bank 1
[19:37:26.594443][debug][source WeightsLoader.cpp][function _ResolveMemoryBankOclXilinx][line 328] The weight tensor "transform_net1.tconv3.biases.npy" is considered to be related to the layer "Conv2" and will be transfered to the DDR bank 1
[19:37:26.594898][debug][source WeightsLoader.cpp][function _ResolveMemoryBankOclXilinx][line 333] The weight tensor "transform_net1.tconv3.bn.beta.npy" is considered to be related to the layer "MatOps" and will be transfered to the DDR bank 1
[19:37:26.595350][debug][source WeightsLoader.cpp][function _ResolveMemoryBankOclXilinx][line 333] The weight tensor "transform_net1.tconv3.bn.gamma.npy" is considered to be related to the layer "MatOps" and will be transfered to the DDR bank 1
[19:37:26.595505][debug][source WeightsLoader.cpp][function _ResolveMemoryBankOclXilinx][line 333] The weight tensor "transform_net1.tconv3.bn.transform_net1.tconv3.bn.moments.Squeeze_1.ExponentialMovingAverage.npy" is considered to be related to the layer "MatOps" and will be transfered to the DDR bank 1
[19:37:26.595685][debug][source WeightsLoader.cpp][function _ResolveMemoryBankOclXilinx][line 333] The weight tensor "transform_net1.tconv3.bn.transform_net1.tconv3.bn.moments.Squeeze.ExponentialMovingAverage.npy" is considered to be related to the layer "MatOps" and will be transfered to the DDR bank 1
[19:37:26.597943][debug][source WeightsLoader.cpp][function _ResolveMemoryBankOclXilinx][line 328] The weight tensor "transform_net1.tconv3.weights.npy" is considered to be related to the layer "Conv2" and will be transfered to the DDR bank 1
[19:37:26.599088][debug][source WeightsLoader.cpp][function _ResolveMemoryBankOclXilinx][line 333] The weight tensor "transform_net1.tfc1.biases.npy" is considered to be related to the layer "MatOps" and will be transfered to the DDR bank 1
[19:37:26.599534][debug][source WeightsLoader.cpp][function _ResolveMemoryBankOclXilinx][line 333] The weight tensor "transform_net1.tfc1.bn.beta.npy" is considered to be related to the layer "MatOps" and will be transfered to the DDR bank 1
[19:37:26.599982][debug][source WeightsLoader.cpp][function _ResolveMemoryBankOclXilinx][line 333] The weight tensor "transform_net1.tfc1.bn.gamma.npy" is considered to be related to the layer "MatOps" and will be transfered to the DDR bank 1
[19:37:26.600136][debug][source WeightsLoader.cpp][function _ResolveMemoryBankOclXilinx][line 333] The weight tensor "transform_net1.tfc1.bn.transform_net1.tfc1.bn.moments.Squeeze_1.ExponentialMovingAverage.npy" is considered to be related to the layer "MatOps" and will be transfered to the DDR bank 1
[19:37:26.600291][debug][source WeightsLoader.cpp][function _ResolveMemoryBankOclXilinx][line 333] The weight tensor "transform_net1.tfc1.bn.transform_net1.tfc1.bn.moments.Squeeze.ExponentialMovingAverage.npy" is considered to be related to the layer "MatOps" and will be transfered to the DDR bank 1
[19:37:26.610589][debug][source WeightsLoader.cpp][function _ResolveMemoryBankOclXilinx][line 338] The weight tensor "transform_net1.tfc1.weights.npy" is considered to be related to the layer "MatMul" and will be transfered to the DDR bank 2
[19:37:26.614867][debug][source WeightsLoader.cpp][function _ResolveMemoryBankOclXilinx][line 333] The weight tensor "transform_net1.tfc2.biases.npy" is considered to be related to the layer "MatOps" and will be transfered to the DDR bank 1
[19:37:26.615300][debug][source WeightsLoader.cpp][function _ResolveMemoryBankOclXilinx][line 333] The weight tensor "transform_net1.tfc2.bn.beta.npy" is considered to be related to the layer "MatOps" and will be transfered to the DDR bank 1
[19:37:26.615745][debug][source WeightsLoader.cpp][function _ResolveMemoryBankOclXilinx][line 333] The weight tensor "transform_net1.tfc2.bn.gamma.npy" is considered to be related to the layer "MatOps" and will be transfered to the DDR bank 1
[19:37:26.615897][debug][source WeightsLoader.cpp][function _ResolveMemoryBankOclXilinx][line 333] The weight tensor "transform_net1.tfc2.bn.transform_net1.tfc2.bn.moments.Squeeze_1.ExponentialMovingAverage.npy" is considered to be related to the layer "MatOps" and will be transfered to the DDR bank 1
[19:37:26.616055][debug][source WeightsLoader.cpp][function _ResolveMemoryBankOclXilinx][line 333] The weight tensor "transform_net1.tfc2.bn.transform_net1.tfc2.bn.moments.Squeeze.ExponentialMovingAverage.npy" is considered to be related to the layer "MatOps" and will be transfered to the DDR bank 1
[19:37:26.618247][debug][source WeightsLoader.cpp][function _ResolveMemoryBankOclXilinx][line 338] The weight tensor "transform_net1.tfc2.weights.npy" is considered to be related to the layer "MatMul" and will be transfered to the DDR bank 2
[19:37:26.620191][info][source ClassifierMultiPlatform.cpp][function ClassifierMultiplatform][line 69] PCL NPY PATH: /mnt/mydrive/00_workspace/01_fpgaruns/deeppoint-v1-fpga/data/dataset/dataset_B2048_pcl.npy
[19:37:26.620206][info][source ClassifierMultiPlatform.cpp][function ClassifierMultiplatform][line 70] LBL NPY PATH: /mnt/mydrive/00_workspace/01_fpgaruns/deeppoint-v1-fpga/data/dataset/dataset_B2048_labels_int32.npy
[19:37:26.631703][info][source ModelArchTop02.cpp][function Execute][line 521] Starting Process...
[19:37:26.631721][info][source ModelArchTop02.cpp][function Execute][line 522] Batch Size: 1
[19:37:26.631725][info][source ModelArchTop02.cpp][function Execute][line 523] Point Count: 1024
[19:37:26.647693][debug][source DataMover.cpp][function LaunchDataMover][line 140] Internal data-mover kernel executed successfully
[19:37:26.664237][debug][source DataMover.cpp][function LaunchDataMover][line 140] Internal data-mover kernel executed successfully
[19:37:26.664418][debug][source OclTensorF.cpp][function CloneIfNeededToDDRBank][line 227] CloneIfNeededToDDRBank: same banks detected, returning the original tensor
[19:37:26.692309][debug][source DataMover.cpp][function LaunchDataMover][line 140] Internal data-mover kernel executed successfully
[19:37:26.693119][debug][source OclTensorF.cpp][function CloneIfNeededToDDRBank][line 227] CloneIfNeededToDDRBank: same banks detected, returning the original tensor
[19:37:26.713952][debug][source OclTensorF.cpp][function CloneIfNeededToDDRBank][line 227] CloneIfNeededToDDRBank: same banks detected, returning the original tensor
[19:37:26.730468][debug][source OclTensorF.cpp][function CloneIfNeededToDDRBank][line 227] CloneIfNeededToDDRBank: same banks detected, returning the original tensor
[19:37:26.747038][debug][source OclTensorF.cpp][function CloneIfNeededToDDRBank][line 227] CloneIfNeededToDDRBank: same banks detected, returning the original tensor
[19:37:26.765873][debug][source OclTensorF.cpp][function CloneIfNeededToDDRBank][line 227] CloneIfNeededToDDRBank: same banks detected, returning the original tensor
[19:37:26.769037][debug][source OclTensorF.cpp][function CloneIfNeededToDDRBank][line 227] CloneIfNeededToDDRBank: same banks detected, returning the original tensor
[19:37:26.769051][debug][source OclTensorF.cpp][function CloneIfNeededToDDRBank][line 227] CloneIfNeededToDDRBank: same banks detected, returning the original tensor
[19:37:26.775548][debug][source OclTensorF.cpp][function CloneIfNeededToDDRBank][line 227] CloneIfNeededToDDRBank: same banks detected, returning the original tensor
[19:37:26.775565][debug][source OclTensorF.cpp][function CloneIfNeededToDDRBank][line 227] CloneIfNeededToDDRBank: same banks detected, returning the original tensor
[19:37:26.798170][debug][source DataMover.cpp][function LaunchDataMover][line 140] Internal data-mover kernel executed successfully
[19:37:26.799042][debug][source XilinxImplementation.cpp][function TopK][line 1043] BatchSize: 1024
[19:37:26.799050][debug][source XilinxImplementation.cpp][function TopK][line 1044] vecsPerSlice: 64
[19:37:26.799054][debug][source XilinxImplementation.cpp][function TopK][line 1045] vecsPerOutputSlice: 2
[19:37:26.799058][debug][source XilinxImplementation.cpp][function TopK][line 1046] _dim2: 1024
[19:37:26.799062][debug][source XilinxImplementation.cpp][function TopK][line 1047] k: 20
[19:37:26.833555][debug][source DataMover.cpp][function LaunchDataMover][line 140] Internal data-mover kernel executed successfully
[19:37:26.833668][debug][source OclTensorI.cpp][function CloneIfNeededToDDRBank][line 227] CloneIfNeededToDDRBank: same banks detected, returning the original tensor(OclTensorI)
[19:37:26.846313][debug][source OclTensorF.cpp][function CloneIfNeededToDDRBank][line 227] CloneIfNeededToDDRBank: same banks detected, returning the original tensor
[19:37:26.854004][debug][source DataMover.cpp][function LaunchDataMover][line 140] Internal data-mover kernel executed successfully
[19:37:26.854330][debug][source OclTensorF.cpp][function CloneIfNeededToDDRBank][line 227] CloneIfNeededToDDRBank: same banks detected, returning the original tensor
[19:37:26.857489][debug][source OclTensorF.cpp][function CloneIfNeededToDDRBank][line 227] CloneIfNeededToDDRBank: same banks detected, returning the original tensor
[19:37:26.857504][debug][source OclTensorF.cpp][function CloneIfNeededToDDRBank][line 227] CloneIfNeededToDDRBank: same banks detected, returning the original tensor
[19:37:26.890880][debug][source XilinxImplementation.cpp][function Conv2D][line 1151] vecSizeTranspose: 16
[19:37:26.890915][debug][source OclTensorF.cpp][function CloneIfNeededToDDRBank][line 227] CloneIfNeededToDDRBank: same banks detected, returning the original tensor
[19:37:26.890980][debug][source XilinxImplementation.cpp][function _PadUnpadLastDim][line 638] dim0: 6, dim1: 64, lastDimPadded: 256, lcm: 0, lastDimUnpadded: 0
[19:37:26.902332][debug][source XilinxImplementation.cpp][function Conv2D][line 1178] Padding weightTn(super-vec padding):
[19:37:26.902342][debug][source XilinxImplementation.cpp][function Conv2D][line 1179] D2: 64
[19:37:26.902345][debug][source XilinxImplementation.cpp][function Conv2D][line 1180] D2Padded: 256
[19:37:26.902372][debug][source OclTensorF.cpp][function CloneIfNeededToDDRBank][line 227] CloneIfNeededToDDRBank: same banks detected, returning the original tensor
[19:37:26.902382][debug][source OclTensorF.cpp][function CloneIfNeededToDDRBank][line 227] CloneIfNeededToDDRBank: same banks detected, returning the original tensor
[19:37:26.902389][debug][source OclTensorF.cpp][function CloneIfNeededToDDRBank][line 227] CloneIfNeededToDDRBank: same banks detected, returning the original tensor
[19:37:26.910149][debug][source XilinxImplementation.cpp][function Conv2D][line 1224] Launching Conv2 gemmHLS
[19:37:26.910167][debug][source XilinxImplementation.cpp][function Conv2D][line 1225] [N K M] = [20480, 6, 256]
[19:37:26.930960][debug][source XilinxImplementation.cpp][function Conv2D][line 1233] Launching Conv2 gemmHLS...DONE
[19:37:26.930994][debug][source OclTensorF.cpp][function CloneIfNeededToDDRBank][line 227] CloneIfNeededToDDRBank: same banks detected, returning the original tensor
[19:37:26.932934][debug][source XilinxImplementation.cpp][function _PadUnpadLastDim][line 638] dim0: 20480, dim1: 256, lastDimPadded: 0, lcm: 0, lastDimUnpadded: 64
[19:37:26.938838][debug][source XilinxImplementation.cpp][function Conv2D][line 1241] Unpadding results(super-vec unpadding)
[19:37:26.945734][debug][source OclTensorF.cpp][function CloneIfNeededToDDRBank][line 227] CloneIfNeededToDDRBank: same banks detected, returning the original tensor
[19:37:26.950442][debug][source OclTensorF.cpp][function CloneIfNeededToDDRBank][line 227] CloneIfNeededToDDRBank: same banks detected, returning the original tensor
[19:37:26.950456][debug][source OclTensorF.cpp][function CloneIfNeededToDDRBank][line 227] CloneIfNeededToDDRBank: same banks detected, returning the original tensor
[19:37:26.951128][debug][source OclTensorF.cpp][function CloneIfNeededToDDRBank][line 227] CloneIfNeededToDDRBank: same banks detected, returning the original tensor
[19:37:26.955664][debug][source OclTensorF.cpp][function CloneIfNeededToDDRBank][line 227] CloneIfNeededToDDRBank: same banks detected, returning the original tensor
[19:37:26.960278][debug][source OclTensorF.cpp][function CloneIfNeededToDDRBank][line 227] CloneIfNeededToDDRBank: same banks detected, returning the original tensor
[19:37:26.960291][debug][source OclTensorF.cpp][function CloneIfNeededToDDRBank][line 227] CloneIfNeededToDDRBank: same banks detected, returning the original tensor
[19:37:26.961033][debug][source OclTensorF.cpp][function CloneIfNeededToDDRBank][line 227] CloneIfNeededToDDRBank: same banks detected, returning the original tensor
[19:37:26.961046][debug][source OclTensorF.cpp][function CloneIfNeededToDDRBank][line 227] CloneIfNeededToDDRBank: same banks detected, returning the original tensor
[19:37:26.961632][debug][source OclTensorF.cpp][function CloneIfNeededToDDRBank][line 227] CloneIfNeededToDDRBank: same banks detected, returning the original tensor
[19:37:26.961644][debug][source OclTensorF.cpp][function CloneIfNeededToDDRBank][line 227] CloneIfNeededToDDRBank: same banks detected, returning the original tensor
[19:37:26.962200][debug][source OclTensorF.cpp][function CloneIfNeededToDDRBank][line 227] CloneIfNeededToDDRBank: same banks detected, returning the original tensor
[19:37:26.962215][debug][source OclTensorF.cpp][function CloneIfNeededToDDRBank][line 227] CloneIfNeededToDDRBank: same banks detected, returning the original tensor
[19:37:26.962958][debug][source OclTensorF.cpp][function CloneIfNeededToDDRBank][line 227] CloneIfNeededToDDRBank: same banks detected, returning the original tensor
[19:37:26.962971][debug][source OclTensorF.cpp][function CloneIfNeededToDDRBank][line 227] CloneIfNeededToDDRBank: same banks detected, returning the original tensor
[19:37:26.963688][debug][source OclTensorF.cpp][function CloneIfNeededToDDRBank][line 227] CloneIfNeededToDDRBank: same banks detected, returning the original tensor
[19:37:26.963702][debug][source OclTensorF.cpp][function CloneIfNeededToDDRBank][line 227] CloneIfNeededToDDRBank: same banks detected, returning the original tensor
[19:37:26.964279][debug][source OclTensorF.cpp][function CloneIfNeededToDDRBank][line 227] CloneIfNeededToDDRBank: same banks detected, returning the original tensor
[19:37:26.964292][debug][source OclTensorF.cpp][function CloneIfNeededToDDRBank][line 227] CloneIfNeededToDDRBank: same banks detected, returning the original tensor
[19:37:26.965002][debug][source OclTensorF.cpp][function CloneIfNeededToDDRBank][line 227] CloneIfNeededToDDRBank: same banks detected, returning the original tensor
[19:37:26.965014][debug][source OclTensorF.cpp][function CloneIfNeededToDDRBank][line 227] CloneIfNeededToDDRBank: same banks detected, returning the original tensor
[19:37:26.965569][debug][source OclTensorF.cpp][function CloneIfNeededToDDRBank][line 227] CloneIfNeededToDDRBank: same banks detected, returning the original tensor
[19:37:26.965582][debug][source OclTensorF.cpp][function CloneIfNeededToDDRBank][line 227] CloneIfNeededToDDRBank: same banks detected, returning the original tensor
[19:37:26.966117][debug][source OclTensorF.cpp][function CloneIfNeededToDDRBank][line 227] CloneIfNeededToDDRBank: same banks detected, returning the original tensor
[19:37:26.966129][debug][source OclTensorF.cpp][function CloneIfNeededToDDRBank][line 227] CloneIfNeededToDDRBank: same banks detected, returning the original tensor
[19:37:26.966687][debug][source OclTensorF.cpp][function CloneIfNeededToDDRBank][line 227] CloneIfNeededToDDRBank: same banks detected, returning the original tensor
[19:37:26.966701][debug][source OclTensorF.cpp][function CloneIfNeededToDDRBank][line 227] CloneIfNeededToDDRBank: same banks detected, returning the original tensor
[19:37:26.974500][debug][source OclTensorF.cpp][function CloneIfNeededToDDRBank][line 227] CloneIfNeededToDDRBank: same banks detected, returning the original tensor
[19:37:26.974514][debug][source OclTensorF.cpp][function CloneIfNeededToDDRBank][line 227] CloneIfNeededToDDRBank: same banks detected, returning the original tensor
[19:37:26.975155][debug][source OclTensorF.cpp][function CloneIfNeededToDDRBank][line 227] CloneIfNeededToDDRBank: same banks detected, returning the original tensor
[19:37:26.975633][debug][source OclTensorF.cpp][function CloneIfNeededToDDRBank][line 227] CloneIfNeededToDDRBank: same banks detected, returning the original tensor
[19:37:26.975647][debug][source OclTensorF.cpp][function CloneIfNeededToDDRBank][line 227] CloneIfNeededToDDRBank: same banks detected, returning the original tensor
[19:37:26.983351][debug][source OclTensorF.cpp][function CloneIfNeededToDDRBank][line 227] CloneIfNeededToDDRBank: same banks detected, returning the original tensor
[19:37:26.983365][debug][source OclTensorF.cpp][function CloneIfNeededToDDRBank][line 227] CloneIfNeededToDDRBank: same banks detected, returning the original tensor
[19:37:26.991020][debug][source OclTensorF.cpp][function CloneIfNeededToDDRBank][line 227] CloneIfNeededToDDRBank: same banks detected, returning the original tensor
[19:37:26.991038][debug][source OclTensorF.cpp][function CloneIfNeededToDDRBank][line 227] CloneIfNeededToDDRBank: same banks detected, returning the original tensor
[19:37:27.007075][debug][source OclTensorF.cpp][function CloneIfNeededToDDRBank][line 227] CloneIfNeededToDDRBank: same banks detected, returning the original tensor
[19:37:27.019587][debug][source XilinxImplementation.cpp][function Conv2D][line 1151] vecSizeTranspose: 16
[19:37:27.019633][debug][source OclTensorF.cpp][function CloneIfNeededToDDRBank][line 227] CloneIfNeededToDDRBank: same banks detected, returning the original tensor
[19:37:27.019717][debug][source XilinxImplementation.cpp][function _PadUnpadLastDim][line 638] dim0: 64, dim1: 128, lastDimPadded: 256, lcm: 0, lastDimUnpadded: 0
[19:37:27.020219][debug][source XilinxImplementation.cpp][function Conv2D][line 1178] Padding weightTn(super-vec padding):
[19:37:27.020229][debug][source XilinxImplementation.cpp][function Conv2D][line 1179] D2: 128
[19:37:27.020233][debug][source XilinxImplementation.cpp][function Conv2D][line 1180] D2Padded: 256
[19:37:27.020259][debug][source OclTensorF.cpp][function CloneIfNeededToDDRBank][line 227] CloneIfNeededToDDRBank: same banks detected, returning the original tensor
[19:37:27.020268][debug][source OclTensorF.cpp][function CloneIfNeededToDDRBank][line 227] CloneIfNeededToDDRBank: same banks detected, returning the original tensor
[19:37:27.020275][debug][source OclTensorF.cpp][function CloneIfNeededToDDRBank][line 227] CloneIfNeededToDDRBank: same banks detected, returning the original tensor
[19:37:27.027820][debug][source XilinxImplementation.cpp][function Conv2D][line 1224] Launching Conv2 gemmHLS
[19:37:27.027834][debug][source XilinxImplementation.cpp][function Conv2D][line 1225] [N K M] = [20480, 64, 256]
[19:37:27.047917][debug][source XilinxImplementation.cpp][function Conv2D][line 1233] Launching Conv2 gemmHLS...DONE
[19:37:27.047964][debug][source OclTensorF.cpp][function CloneIfNeededToDDRBank][line 227] CloneIfNeededToDDRBank: same banks detected, returning the original tensor
[19:37:27.051765][debug][source XilinxImplementation.cpp][function _PadUnpadLastDim][line 638] dim0: 20480, dim1: 256, lastDimPadded: 0, lcm: 0, lastDimUnpadded: 128
[19:37:27.062910][debug][source XilinxImplementation.cpp][function Conv2D][line 1241] Unpadding results(super-vec unpadding)
[19:37:27.075656][debug][source OclTensorF.cpp][function CloneIfNeededToDDRBank][line 227] CloneIfNeededToDDRBank: same banks detected, returning the original tensor
[19:37:27.085008][debug][source OclTensorF.cpp][function CloneIfNeededToDDRBank][line 227] CloneIfNeededToDDRBank: same banks detected, returning the original tensor
[19:37:27.085023][debug][source OclTensorF.cpp][function CloneIfNeededToDDRBank][line 227] CloneIfNeededToDDRBank: same banks detected, returning the original tensor
[19:37:27.086162][debug][source OclTensorF.cpp][function CloneIfNeededToDDRBank][line 227] CloneIfNeededToDDRBank: same banks detected, returning the original tensor
[19:37:27.094748][debug][source OclTensorF.cpp][function CloneIfNeededToDDRBank][line 227] CloneIfNeededToDDRBank: same banks detected, returning the original tensor
[19:37:27.103373][debug][source OclTensorF.cpp][function CloneIfNeededToDDRBank][line 227] CloneIfNeededToDDRBank: same banks detected, returning the original tensor
[19:37:27.103388][debug][source OclTensorF.cpp][function CloneIfNeededToDDRBank][line 227] CloneIfNeededToDDRBank: same banks detected, returning the original tensor
[19:37:27.104135][debug][source OclTensorF.cpp][function CloneIfNeededToDDRBank][line 227] CloneIfNeededToDDRBank: same banks detected, returning the original tensor
[19:37:27.104150][debug][source OclTensorF.cpp][function CloneIfNeededToDDRBank][line 227] CloneIfNeededToDDRBank: same banks detected, returning the original tensor
[19:37:27.104747][debug][source OclTensorF.cpp][function CloneIfNeededToDDRBank][line 227] CloneIfNeededToDDRBank: same banks detected, returning the original tensor
[19:37:27.104759][debug][source OclTensorF.cpp][function CloneIfNeededToDDRBank][line 227] CloneIfNeededToDDRBank: same banks detected, returning the original tensor
[19:37:27.105368][debug][source OclTensorF.cpp][function CloneIfNeededToDDRBank][line 227] CloneIfNeededToDDRBank: same banks detected, returning the original tensor
[19:37:27.105382][debug][source OclTensorF.cpp][function CloneIfNeededToDDRBank][line 227] CloneIfNeededToDDRBank: same banks detected, returning the original tensor
[19:37:27.106025][debug][source OclTensorF.cpp][function CloneIfNeededToDDRBank][line 227] CloneIfNeededToDDRBank: same banks detected, returning the original tensor
[19:37:27.106038][debug][source OclTensorF.cpp][function CloneIfNeededToDDRBank][line 227] CloneIfNeededToDDRBank: same banks detected, returning the original tensor
[19:37:27.106757][debug][source OclTensorF.cpp][function CloneIfNeededToDDRBank][line 227] CloneIfNeededToDDRBank: same banks detected, returning the original tensor
[19:37:27.106770][debug][source OclTensorF.cpp][function CloneIfNeededToDDRBank][line 227] CloneIfNeededToDDRBank: same banks detected, returning the original tensor
[19:37:27.107327][debug][source OclTensorF.cpp][function CloneIfNeededToDDRBank][line 227] CloneIfNeededToDDRBank: same banks detected, returning the original tensor
[19:37:27.107339][debug][source OclTensorF.cpp][function CloneIfNeededToDDRBank][line 227] CloneIfNeededToDDRBank: same banks detected, returning the original tensor
[19:37:27.108027][debug][source OclTensorF.cpp][function CloneIfNeededToDDRBank][line 227] CloneIfNeededToDDRBank: same banks detected, returning the original tensor
[19:37:27.108039][debug][source OclTensorF.cpp][function CloneIfNeededToDDRBank][line 227] CloneIfNeededToDDRBank: same banks detected, returning the original tensor
[19:37:27.108660][debug][source OclTensorF.cpp][function CloneIfNeededToDDRBank][line 227] CloneIfNeededToDDRBank: same banks detected, returning the original tensor
[19:37:27.108673][debug][source OclTensorF.cpp][function CloneIfNeededToDDRBank][line 227] CloneIfNeededToDDRBank: same banks detected, returning the original tensor
[19:37:27.109231][debug][source OclTensorF.cpp][function CloneIfNeededToDDRBank][line 227] CloneIfNeededToDDRBank: same banks detected, returning the original tensor
[19:37:27.109243][debug][source OclTensorF.cpp][function CloneIfNeededToDDRBank][line 227] CloneIfNeededToDDRBank: same banks detected, returning the original tensor
[19:37:27.109777][debug][source OclTensorF.cpp][function CloneIfNeededToDDRBank][line 227] CloneIfNeededToDDRBank: same banks detected, returning the original tensor
[19:37:27.109790][debug][source OclTensorF.cpp][function CloneIfNeededToDDRBank][line 227] CloneIfNeededToDDRBank: same banks detected, returning the original tensor
[19:37:27.124788][debug][source OclTensorF.cpp][function CloneIfNeededToDDRBank][line 227] CloneIfNeededToDDRBank: same banks detected, returning the original tensor
[19:37:27.124803][debug][source OclTensorF.cpp][function CloneIfNeededToDDRBank][line 227] CloneIfNeededToDDRBank: same banks detected, returning the original tensor
[19:37:27.125418][debug][source OclTensorF.cpp][function CloneIfNeededToDDRBank][line 227] CloneIfNeededToDDRBank: same banks detected, returning the original tensor
[19:37:27.126491][debug][source OclTensorF.cpp][function CloneIfNeededToDDRBank][line 227] CloneIfNeededToDDRBank: same banks detected, returning the original tensor
[19:37:27.126504][debug][source OclTensorF.cpp][function CloneIfNeededToDDRBank][line 227] CloneIfNeededToDDRBank: same banks detected, returning the original tensor
[19:37:27.141436][debug][source OclTensorF.cpp][function CloneIfNeededToDDRBank][line 227] CloneIfNeededToDDRBank: same banks detected, returning the original tensor
[19:37:27.141454][debug][source OclTensorF.cpp][function CloneIfNeededToDDRBank][line 227] CloneIfNeededToDDRBank: same banks detected, returning the original tensor
[19:37:27.156421][debug][source OclTensorF.cpp][function CloneIfNeededToDDRBank][line 227] CloneIfNeededToDDRBank: same banks detected, returning the original tensor
[19:37:27.156440][debug][source OclTensorF.cpp][function CloneIfNeededToDDRBank][line 227] CloneIfNeededToDDRBank: same banks detected, returning the original tensor
[19:37:27.188363][debug][source OclTensorF.cpp][function CloneIfNeededToDDRBank][line 227] CloneIfNeededToDDRBank: same banks detected, returning the original tensor
[19:37:27.213407][debug][source OclTensorF.cpp][function CloneIfNeededToDDRBank][line 227] CloneIfNeededToDDRBank: same banks detected, returning the original tensor
[19:37:27.225323][debug][source XilinxImplementation.cpp][function Conv2D][line 1151] vecSizeTranspose: 16
[19:37:27.225334][debug][source XilinxImplementation.cpp][function Conv2D][line 1183] Bypassing super-vec padding for weightTn
[19:37:27.225348][debug][source OclTensorF.cpp][function CloneIfNeededToDDRBank][line 227] CloneIfNeededToDDRBank: same banks detected, returning the original tensor
[19:37:27.225356][debug][source OclTensorF.cpp][function CloneIfNeededToDDRBank][line 227] CloneIfNeededToDDRBank: same banks detected, returning the original tensor
[19:37:27.225382][debug][source OclTensorF.cpp][function CloneIfNeededToDDRBank][line 227] CloneIfNeededToDDRBank: same banks detected, returning the original tensor
[19:37:27.227657][debug][source XilinxImplementation.cpp][function Conv2D][line 1224] Launching Conv2 gemmHLS
[19:37:27.227667][debug][source XilinxImplementation.cpp][function Conv2D][line 1225] [N K M] = [1024, 128, 1024]
[19:37:27.234050][debug][source XilinxImplementation.cpp][function Conv2D][line 1233] Launching Conv2 gemmHLS...DONE
[19:37:27.234059][debug][source XilinxImplementation.cpp][function Conv2D][line 1244] Bypassing super-vec unpadding of results
[19:37:27.237235][debug][source OclTensorF.cpp][function CloneIfNeededToDDRBank][line 227] CloneIfNeededToDDRBank: same banks detected, returning the original tensor
[19:37:27.239711][debug][source OclTensorF.cpp][function CloneIfNeededToDDRBank][line 227] CloneIfNeededToDDRBank: same banks detected, returning the original tensor
[19:37:27.239724][debug][source OclTensorF.cpp][function CloneIfNeededToDDRBank][line 227] CloneIfNeededToDDRBank: same banks detected, returning the original tensor
[19:37:27.241296][debug][source OclTensorF.cpp][function CloneIfNeededToDDRBank][line 227] CloneIfNeededToDDRBank: same banks detected, returning the original tensor
[19:37:27.243645][debug][source OclTensorF.cpp][function CloneIfNeededToDDRBank][line 227] CloneIfNeededToDDRBank: same banks detected, returning the original tensor
[19:37:27.246088][debug][source OclTensorF.cpp][function CloneIfNeededToDDRBank][line 227] CloneIfNeededToDDRBank: same banks detected, returning the original tensor
[19:37:27.246101][debug][source OclTensorF.cpp][function CloneIfNeededToDDRBank][line 227] CloneIfNeededToDDRBank: same banks detected, returning the original tensor
[19:37:27.246779][debug][source OclTensorF.cpp][function CloneIfNeededToDDRBank][line 227] CloneIfNeededToDDRBank: same banks detected, returning the original tensor
[19:37:27.246792][debug][source OclTensorF.cpp][function CloneIfNeededToDDRBank][line 227] CloneIfNeededToDDRBank: same banks detected, returning the original tensor
[19:37:27.247324][debug][source OclTensorF.cpp][function CloneIfNeededToDDRBank][line 227] CloneIfNeededToDDRBank: same banks detected, returning the original tensor
[19:37:27.247339][debug][source OclTensorF.cpp][function CloneIfNeededToDDRBank][line 227] CloneIfNeededToDDRBank: same banks detected, returning the original tensor
[19:37:27.247929][debug][source OclTensorF.cpp][function CloneIfNeededToDDRBank][line 227] CloneIfNeededToDDRBank: same banks detected, returning the original tensor
[19:37:27.247942][debug][source OclTensorF.cpp][function CloneIfNeededToDDRBank][line 227] CloneIfNeededToDDRBank: same banks detected, returning the original tensor
[19:37:27.248632][debug][source OclTensorF.cpp][function CloneIfNeededToDDRBank][line 227] CloneIfNeededToDDRBank: same banks detected, returning the original tensor
[19:37:27.248658][debug][source OclTensorF.cpp][function CloneIfNeededToDDRBank][line 227] CloneIfNeededToDDRBank: same banks detected, returning the original tensor
[19:37:27.249332][debug][source OclTensorF.cpp][function CloneIfNeededToDDRBank][line 227] CloneIfNeededToDDRBank: same banks detected, returning the original tensor
[19:37:27.249345][debug][source OclTensorF.cpp][function CloneIfNeededToDDRBank][line 227] CloneIfNeededToDDRBank: same banks detected, returning the original tensor
[19:37:27.249916][debug][source OclTensorF.cpp][function CloneIfNeededToDDRBank][line 227] CloneIfNeededToDDRBank: same banks detected, returning the original tensor
[19:37:27.249929][debug][source OclTensorF.cpp][function CloneIfNeededToDDRBank][line 227] CloneIfNeededToDDRBank: same banks detected, returning the original tensor
[19:37:27.250585][debug][source OclTensorF.cpp][function CloneIfNeededToDDRBank][line 227] CloneIfNeededToDDRBank: same banks detected, returning the original tensor
[19:37:27.250603][debug][source OclTensorF.cpp][function CloneIfNeededToDDRBank][line 227] CloneIfNeededToDDRBank: same banks detected, returning the original tensor
[19:37:27.251157][debug][source OclTensorF.cpp][function CloneIfNeededToDDRBank][line 227] CloneIfNeededToDDRBank: same banks detected, returning the original tensor
[19:37:27.251170][debug][source OclTensorF.cpp][function CloneIfNeededToDDRBank][line 227] CloneIfNeededToDDRBank: same banks detected, returning the original tensor
[19:37:27.251768][debug][source OclTensorF.cpp][function CloneIfNeededToDDRBank][line 227] CloneIfNeededToDDRBank: same banks detected, returning the original tensor
[19:37:27.251781][debug][source OclTensorF.cpp][function CloneIfNeededToDDRBank][line 227] CloneIfNeededToDDRBank: same banks detected, returning the original tensor
[19:37:27.252326][debug][source OclTensorF.cpp][function CloneIfNeededToDDRBank][line 227] CloneIfNeededToDDRBank: same banks detected, returning the original tensor
[19:37:27.252338][debug][source OclTensorF.cpp][function CloneIfNeededToDDRBank][line 227] CloneIfNeededToDDRBank: same banks detected, returning the original tensor
[19:37:27.258866][debug][source OclTensorF.cpp][function CloneIfNeededToDDRBank][line 227] CloneIfNeededToDDRBank: same banks detected, returning the original tensor
[19:37:27.258880][debug][source OclTensorF.cpp][function CloneIfNeededToDDRBank][line 227] CloneIfNeededToDDRBank: same banks detected, returning the original tensor
[19:37:27.259471][debug][source OclTensorF.cpp][function CloneIfNeededToDDRBank][line 227] CloneIfNeededToDDRBank: same banks detected, returning the original tensor
[19:37:27.262170][debug][source OclTensorF.cpp][function CloneIfNeededToDDRBank][line 227] CloneIfNeededToDDRBank: same banks detected, returning the original tensor
[19:37:27.262185][debug][source OclTensorF.cpp][function CloneIfNeededToDDRBank][line 227] CloneIfNeededToDDRBank: same banks detected, returning the original tensor
[19:37:27.268386][debug][source OclTensorF.cpp][function CloneIfNeededToDDRBank][line 227] CloneIfNeededToDDRBank: same banks detected, returning the original tensor
[19:37:27.268400][debug][source OclTensorF.cpp][function CloneIfNeededToDDRBank][line 227] CloneIfNeededToDDRBank: same banks detected, returning the original tensor
[19:37:27.274558][debug][source OclTensorF.cpp][function CloneIfNeededToDDRBank][line 227] CloneIfNeededToDDRBank: same banks detected, returning the original tensor
[19:37:27.274576][debug][source OclTensorF.cpp][function CloneIfNeededToDDRBank][line 227] CloneIfNeededToDDRBank: same banks detected, returning the original tensor
[19:37:27.284817][debug][source OclTensorF.cpp][function CloneIfNeededToDDRBank][line 227] CloneIfNeededToDDRBank: same banks detected, returning the original tensor
[19:37:27.294607][debug][source OclTensorF.cpp][function CloneIfNeededToDDRBank][line 227] CloneIfNeededToDDRBank: same banks detected, returning the original tensor
[19:37:27.298482][debug][source DataMover.cpp][function LaunchDataMover][line 140] Internal data-mover kernel executed successfully
[19:37:27.298598][debug][source OclTensorF.cpp][function CloneIfNeededToDDRBank][line 227] CloneIfNeededToDDRBank: same banks detected, returning the original tensor
[19:37:27.302643][debug][source DataMover.cpp][function LaunchDataMover][line 140] Internal data-mover kernel executed successfully
[19:37:27.302766][debug][source OclTensorF.cpp][function CloneIfNeededToDDRBank][line 227] CloneIfNeededToDDRBank: same banks detected, returning the original tensor
[19:37:27.304272][critical][source MainExecutable.cpp][function handler][line 35] The host program has crashed.
