[16:04:04.385340][info][source MainExecutable.cpp][function main][line 168] Batch-size: 15
[16:04:04.385453][info][source MainExecutable.cpp][function main][line 172] FPGA Image: /mnt/my2/00_workspace/deeppoint-v1-fpga/build2/DeepPointV1FPGA_hw.awsxclbin
[16:04:04.385461][info][source MainExecutable.cpp][function main][line 177] Data Directory: /mnt/my2/00_workspace/deeppoint-v1-fpga/data
[16:04:04.385469][info][source MainExecutable.cpp][function main][line 214] ======================================================
[16:04:04.385473][info][source MainExecutable.cpp][function main][line 215] Running Selected ModelArch ...
[16:04:04.385489][warning][source XilinxImplementation.cpp][function XilinxImplementation][line 23] XCL_EMULATION_MODE is not set. System run(real FPGA) is considered.
[16:04:05.064599][info][source ClassifierMultiPlatform.cpp][function ClassifierMultiplatform][line 69] PCL NPY PATH: /mnt/my2/00_workspace/deeppoint-v1-fpga/data/dataset/dataset_B2048_pcl.npy
[16:04:05.064615][info][source ClassifierMultiPlatform.cpp][function ClassifierMultiplatform][line 70] LBL NPY PATH: /mnt/my2/00_workspace/deeppoint-v1-fpga/data/dataset/dataset_B2048_labels_int32.npy
[16:04:05.079764][info][source ModelArchTop02.cpp][function Execute][line 521] Starting Process...
[16:04:05.079790][info][source ModelArchTop02.cpp][function Execute][line 522] Batch Size: 15
[16:04:05.079795][info][source ModelArchTop02.cpp][function Execute][line 523] Point Count: 1024
[16:04:13.905131][info][source ModelArchTop02.cpp][function Execute][line 559] DGCCN0 Started...
[16:04:17.201868][info][source ModelArchTop02.cpp][function Execute][line 603] DGCCN1 Started...
[16:04:21.628285][info][source ModelArchTop02.cpp][function Execute][line 645] DGCCN2 Started...
[16:04:26.075393][info][source ModelArchTop02.cpp][function Execute][line 687] DGCCN3 Started...
[16:04:31.521884][info][source ModelArchTop02.cpp][function Execute][line 728] Agg Layer Started...
[16:04:33.048719][info][source ModelArchTop02.cpp][function Execute][line 795] FC Layer1 Started...
[16:04:33.093731][info][source ModelArchTop02.cpp][function Execute][line 828] FC Layer2 Started...
[16:04:33.111986][info][source ModelArchTop02.cpp][function Execute][line 862] FC Layer3 Started...
[16:04:33.114594][info][source ModelArchTop02.cpp][function Execute][line 874] Dumping Optimization Objective Started...
[16:04:33.115015][info][source ModelArchTop02.cpp][function Execute][line 876] Dumping Optimization Objective Finished.
[16:04:33.115237][info][source ClassifierMultiPlatform.cpp][function ClassifierMultiplatform][line 77] Model execution time with batchsize(15): 28.03546690940857 Seconds
[16:04:33.115246][info][source ClassifierMultiPlatform.cpp][function CalculateAccuracy][line 15] Computing Accuracy...
[16:04:33.115259][info][source ClassifierMultiPlatform.cpp][function CalculateAccuracy][line 57] Correct Count: 15.0
[16:04:33.115264][info][source ClassifierMultiPlatform.cpp][function CalculateAccuracy][line 58] Accuracy: 1.0
