[19:27:55.350433][info][source MainExecutable.cpp][function main][line 168] Batch-size: 10
[19:27:55.350540][info][source MainExecutable.cpp][function main][line 172] FPGA Image: /mnt/mydrive/00_workspace/01_fpgaruns/deeppoint-v1-fpga/build1/DeepPointV1FPGA_hw.awsxclbin
[19:27:55.350549][info][source MainExecutable.cpp][function main][line 177] Data Directory: /mnt/mydrive/00_workspace/01_fpgaruns/deeppoint-v1-fpga/data
[19:27:55.350583][info][source MainExecutable.cpp][function main][line 214] ======================================================
[19:27:55.350590][info][source MainExecutable.cpp][function main][line 215] Running Selected ModelArch ...
[19:27:55.350610][warning][source XilinxImplementation.cpp][function XilinxImplementation][line 23] XCL_EMULATION_MODE is not set. System run(real FPGA) is considered.
[19:27:56.007145][info][source ClassifierMultiPlatform.cpp][function ClassifierMultiplatform][line 69] PCL NPY PATH: /mnt/mydrive/00_workspace/01_fpgaruns/deeppoint-v1-fpga/data/dataset/dataset_B2048_pcl.npy
[19:27:56.007158][info][source ClassifierMultiPlatform.cpp][function ClassifierMultiplatform][line 70] LBL NPY PATH: /mnt/mydrive/00_workspace/01_fpgaruns/deeppoint-v1-fpga/data/dataset/dataset_B2048_labels_int32.npy
[19:27:56.019823][info][source ModelArchTop02.cpp][function Execute][line 521] Starting Process...
[19:27:56.019842][info][source ModelArchTop02.cpp][function Execute][line 522] Batch Size: 10
[19:27:56.019847][info][source ModelArchTop02.cpp][function Execute][line 523] Point Count: 1024
[19:28:00.801668][info][source ModelArchTop02.cpp][function Execute][line 559] DGCCN0 Started...
[19:28:02.781463][info][source ModelArchTop02.cpp][function Execute][line 603] DGCCN1 Started...
[19:28:05.293149][info][source ModelArchTop02.cpp][function Execute][line 645] DGCCN2 Started...
[19:28:07.819325][info][source ModelArchTop02.cpp][function Execute][line 687] DGCCN3 Started...
[19:28:10.933864][info][source ModelArchTop02.cpp][function Execute][line 728] Agg Layer Started...
[19:28:11.644729][info][source ModelArchTop02.cpp][function Execute][line 795] FC Layer1 Started...
[19:28:11.682278][info][source ModelArchTop02.cpp][function Execute][line 828] FC Layer2 Started...
[19:28:11.701811][info][source ModelArchTop02.cpp][function Execute][line 862] FC Layer3 Started...
[19:28:11.707664][info][source ClassifierMultiPlatform.cpp][function ClassifierMultiplatform][line 77] Model execution time with batchsize(10): 15.687839984893799 Seconds
[19:28:11.707675][info][source ClassifierMultiPlatform.cpp][function CalculateAccuracy][line 15] Computing Accuracy...
[19:28:11.707689][info][source ClassifierMultiPlatform.cpp][function CalculateAccuracy][line 57] Correct Count: 10.0
[19:28:11.707693][info][source ClassifierMultiPlatform.cpp][function CalculateAccuracy][line 58] Accuracy: 1.0
