[19:26:02.779851][info][source MainExecutable.cpp][function main][line 168] Batch-size: 5
[19:26:02.779952][info][source MainExecutable.cpp][function main][line 172] FPGA Image: /mnt/mydrive/00_workspace/01_fpgaruns/deeppoint-v1-fpga/build1/DeepPointV1FPGA_hw.awsxclbin
[19:26:02.779962][info][source MainExecutable.cpp][function main][line 177] Data Directory: /mnt/mydrive/00_workspace/01_fpgaruns/deeppoint-v1-fpga/data
[19:26:02.779970][info][source MainExecutable.cpp][function main][line 214] ======================================================
[19:26:02.779974][info][source MainExecutable.cpp][function main][line 215] Running Selected ModelArch ...
[19:26:02.779992][warning][source XilinxImplementation.cpp][function XilinxImplementation][line 23] XCL_EMULATION_MODE is not set. System run(real FPGA) is considered.
[19:26:03.400980][info][source ClassifierMultiPlatform.cpp][function ClassifierMultiplatform][line 69] PCL NPY PATH: /mnt/mydrive/00_workspace/01_fpgaruns/deeppoint-v1-fpga/data/dataset/dataset_B2048_pcl.npy
[19:26:03.400995][info][source ClassifierMultiPlatform.cpp][function ClassifierMultiplatform][line 70] LBL NPY PATH: /mnt/mydrive/00_workspace/01_fpgaruns/deeppoint-v1-fpga/data/dataset/dataset_B2048_labels_int32.npy
[19:26:03.413740][info][source ModelArchTop02.cpp][function Execute][line 521] Starting Process...
[19:26:03.413763][info][source ModelArchTop02.cpp][function Execute][line 522] Batch Size: 5
[19:26:03.413768][info][source ModelArchTop02.cpp][function Execute][line 523] Point Count: 1024
[19:26:05.879924][info][source ModelArchTop02.cpp][function Execute][line 559] DGCCN0 Started...
[19:26:06.860067][info][source ModelArchTop02.cpp][function Execute][line 603] DGCCN1 Started...
[19:26:08.121344][info][source ModelArchTop02.cpp][function Execute][line 645] DGCCN2 Started...
[19:26:09.406605][info][source ModelArchTop02.cpp][function Execute][line 687] DGCCN3 Started...
[19:26:10.976945][info][source ModelArchTop02.cpp][function Execute][line 728] Agg Layer Started...
[19:26:11.334984][info][source ModelArchTop02.cpp][function Execute][line 795] FC Layer1 Started...
[19:26:11.363787][info][source ModelArchTop02.cpp][function Execute][line 828] FC Layer2 Started...
[19:26:11.383636][info][source ModelArchTop02.cpp][function Execute][line 862] FC Layer3 Started...
[19:26:11.389313][info][source ClassifierMultiPlatform.cpp][function ClassifierMultiplatform][line 77] Model execution time with batchsize(5): 7.975571870803833 Seconds
[19:26:11.389325][info][source ClassifierMultiPlatform.cpp][function CalculateAccuracy][line 15] Computing Accuracy...
[19:26:11.389338][info][source ClassifierMultiPlatform.cpp][function CalculateAccuracy][line 57] Correct Count: 5.0
[19:26:11.389342][info][source ClassifierMultiPlatform.cpp][function CalculateAccuracy][line 58] Accuracy: 1.0
