[15:58:00.051265][info][source MainExecutable.cpp][function main][line 168] Batch-size: 5
[15:58:00.051390][info][source MainExecutable.cpp][function main][line 172] FPGA Image: /mnt/my2/00_workspace/deeppoint-v1-fpga/build2/DeepPointV1FPGA_hw.awsxclbin
[15:58:00.051398][info][source MainExecutable.cpp][function main][line 177] Data Directory: /mnt/my2/00_workspace/deeppoint-v1-fpga/data
[15:58:00.051407][info][source MainExecutable.cpp][function main][line 214] ======================================================
[15:58:00.051411][info][source MainExecutable.cpp][function main][line 215] Running Selected ModelArch ...
[15:58:00.051426][warning][source XilinxImplementation.cpp][function XilinxImplementation][line 23] XCL_EMULATION_MODE is not set. System run(real FPGA) is considered.
[15:58:00.716790][info][source ClassifierMultiPlatform.cpp][function ClassifierMultiplatform][line 69] PCL NPY PATH: /mnt/my2/00_workspace/deeppoint-v1-fpga/data/dataset/dataset_B2048_pcl.npy
[15:58:00.716803][info][source ClassifierMultiPlatform.cpp][function ClassifierMultiplatform][line 70] LBL NPY PATH: /mnt/my2/00_workspace/deeppoint-v1-fpga/data/dataset/dataset_B2048_labels_int32.npy
[15:58:00.730580][info][source ModelArchTop02.cpp][function Execute][line 521] Starting Process...
[15:58:00.730602][info][source ModelArchTop02.cpp][function Execute][line 522] Batch Size: 5
[15:58:00.730606][info][source ModelArchTop02.cpp][function Execute][line 523] Point Count: 1024
[15:58:03.848967][info][source ModelArchTop02.cpp][function Execute][line 559] DGCCN0 Started...
[15:58:04.944404][info][source ModelArchTop02.cpp][function Execute][line 603] DGCCN1 Started...
[15:58:06.435973][info][source ModelArchTop02.cpp][function Execute][line 645] DGCCN2 Started...
[15:58:07.944741][info][source ModelArchTop02.cpp][function Execute][line 687] DGCCN3 Started...
[15:58:09.780910][info][source ModelArchTop02.cpp][function Execute][line 728] Agg Layer Started...
[15:58:10.294805][info][source ModelArchTop02.cpp][function Execute][line 795] FC Layer1 Started...
[15:58:10.321532][info][source ModelArchTop02.cpp][function Execute][line 828] FC Layer2 Started...
[15:58:10.338486][info][source ModelArchTop02.cpp][function Execute][line 862] FC Layer3 Started...
[15:58:10.340489][info][source ModelArchTop02.cpp][function Execute][line 874] Dumping Optimization Objective Started...
[15:58:10.340920][info][source ModelArchTop02.cpp][function Execute][line 876] Dumping Optimization Objective Finished.
[15:58:10.341133][info][source ClassifierMultiPlatform.cpp][function ClassifierMultiplatform][line 77] Model execution time with batchsize(5): 9.61054801940918 Seconds
[15:58:10.341147][info][source ClassifierMultiPlatform.cpp][function CalculateAccuracy][line 15] Computing Accuracy...
[15:58:10.341159][info][source ClassifierMultiPlatform.cpp][function CalculateAccuracy][line 57] Correct Count: 5.0
[15:58:10.341164][info][source ClassifierMultiPlatform.cpp][function CalculateAccuracy][line 58] Accuracy: 1.0
