[19:32:00.358857][info][source MainExecutable.cpp][function main][line 168] Batch-size: 50
[19:32:00.358957][info][source MainExecutable.cpp][function main][line 172] FPGA Image: /mnt/mydrive/00_workspace/01_fpgaruns/deeppoint-v1-fpga/build1/DeepPointV1FPGA_hw.awsxclbin
[19:32:00.358966][info][source MainExecutable.cpp][function main][line 177] Data Directory: /mnt/mydrive/00_workspace/01_fpgaruns/deeppoint-v1-fpga/data
[19:32:00.358974][info][source MainExecutable.cpp][function main][line 214] ======================================================
[19:32:00.358978][info][source MainExecutable.cpp][function main][line 215] Running Selected ModelArch ...
[19:32:00.358996][warning][source XilinxImplementation.cpp][function XilinxImplementation][line 23] XCL_EMULATION_MODE is not set. System run(real FPGA) is considered.
[19:32:00.990636][info][source ClassifierMultiPlatform.cpp][function ClassifierMultiplatform][line 69] PCL NPY PATH: /mnt/mydrive/00_workspace/01_fpgaruns/deeppoint-v1-fpga/data/dataset/dataset_B2048_pcl.npy
[19:32:00.990648][info][source ClassifierMultiPlatform.cpp][function ClassifierMultiplatform][line 70] LBL NPY PATH: /mnt/mydrive/00_workspace/01_fpgaruns/deeppoint-v1-fpga/data/dataset/dataset_B2048_labels_int32.npy
[19:32:01.003775][info][source ModelArchTop02.cpp][function Execute][line 521] Starting Process...
[19:32:01.003801][info][source ModelArchTop02.cpp][function Execute][line 522] Batch Size: 50
[19:32:01.003805][info][source ModelArchTop02.cpp][function Execute][line 523] Point Count: 1024
[19:32:23.854466][info][source ModelArchTop02.cpp][function Execute][line 559] DGCCN0 Started...
[19:32:33.579081][info][source ModelArchTop02.cpp][function Execute][line 603] DGCCN1 Started...
[19:32:45.948085][info][source ModelArchTop02.cpp][function Execute][line 645] DGCCN2 Started...
[19:32:58.380530][info][source ModelArchTop02.cpp][function Execute][line 687] DGCCN3 Started...
[19:33:13.735474][info][source ModelArchTop02.cpp][function Execute][line 728] Agg Layer Started...
[19:33:17.206736][info][source ModelArchTop02.cpp][function Execute][line 795] FC Layer1 Started...
[19:33:17.322066][info][source ModelArchTop02.cpp][function Execute][line 828] FC Layer2 Started...
[19:33:17.348968][info][source ModelArchTop02.cpp][function Execute][line 862] FC Layer3 Started...
[19:33:17.357359][info][source ClassifierMultiPlatform.cpp][function ClassifierMultiplatform][line 77] Model execution time with batchsize(50): 76.3535840511322 Seconds
[19:33:17.357369][info][source ClassifierMultiPlatform.cpp][function CalculateAccuracy][line 15] Computing Accuracy...
[19:33:17.357384][info][source ClassifierMultiPlatform.cpp][function CalculateAccuracy][line 57] Correct Count: 48.0
[19:33:17.357388][info][source ClassifierMultiPlatform.cpp][function CalculateAccuracy][line 58] Accuracy: 0.96
