[22:17:18.052910][info][source MainExecutable.cpp][function main][line 168] Batch-size: 30
[22:17:18.053033][info][source MainExecutable.cpp][function main][line 172] FPGA Image: /home/centos/deeppoint-v1-fpga/build/DeepPointV1FPGA_hw.awsxclbin
[22:17:18.053043][info][source MainExecutable.cpp][function main][line 177] Data Directory: /home/centos/deeppoint-v1-fpga/data
[22:17:18.053052][info][source MainExecutable.cpp][function main][line 214] ======================================================
[22:17:18.053056][info][source MainExecutable.cpp][function main][line 215] Running Selected ModelArch ...
[22:17:18.053072][warning][source XilinxImplementation.cpp][function XilinxImplementation][line 23] XCL_EMULATION_MODE is not set. System run(real FPGA) is considered.
[22:17:18.731741][info][source ClassifierMultiPlatform.cpp][function ClassifierMultiplatform][line 69] PCL NPY PATH: /home/centos/deeppoint-v1-fpga/data/dataset/dataset_B2048_pcl.npy
[22:17:18.731753][info][source ClassifierMultiPlatform.cpp][function ClassifierMultiplatform][line 70] LBL NPY PATH: /home/centos/deeppoint-v1-fpga/data/dataset/dataset_B2048_labels_int32.npy
[22:17:18.743891][info][source ModelArchTop02.cpp][function Execute][line 521] Starting Process...
[22:17:18.743910][info][source ModelArchTop02.cpp][function Execute][line 522] Batch Size: 30
[22:17:18.743915][info][source ModelArchTop02.cpp][function Execute][line 523] Point Count: 1024
[22:17:33.587383][info][source ModelArchTop02.cpp][function Execute][line 559] DGCCN0 Started...
[22:17:39.422315][info][source ModelArchTop02.cpp][function Execute][line 603] DGCCN1 Started...
[22:17:47.251995][info][source ModelArchTop02.cpp][function Execute][line 645] DGCCN2 Started...
[22:17:55.121562][info][source ModelArchTop02.cpp][function Execute][line 687] DGCCN3 Started...
[22:18:04.411556][info][source ModelArchTop02.cpp][function Execute][line 728] Agg Layer Started...
[22:18:06.943292][info][source ModelArchTop02.cpp][function Execute][line 795] FC Layer1 Started...
[22:18:07.017521][info][source ModelArchTop02.cpp][function Execute][line 828] FC Layer2 Started...
[22:18:07.038812][info][source ModelArchTop02.cpp][function Execute][line 862] FC Layer3 Started...
[22:18:07.042430][info][source ModelArchTop02.cpp][function Execute][line 874] Dumping Optimization Objective Started...
[22:18:07.042847][info][source ModelArchTop02.cpp][function Execute][line 876] Dumping Optimization Objective Finished.
[22:18:07.043051][info][source ClassifierMultiPlatform.cpp][function ClassifierMultiplatform][line 77] Model execution time with batchsize(30): 48.29915380477905 Seconds
[22:18:07.043061][info][source ClassifierMultiPlatform.cpp][function CalculateAccuracy][line 15] Computing Accuracy...
[22:18:07.043075][info][source ClassifierMultiPlatform.cpp][function CalculateAccuracy][line 57] Correct Count: 30.0
[22:18:07.043079][info][source ClassifierMultiPlatform.cpp][function CalculateAccuracy][line 58] Accuracy: 1.0
